{
  "stats": {
    "suites": 4,
    "tests": 20,
    "passes": 19,
    "pending": 0,
    "failures": 1,
    "start": "2022-07-28T14:17:28.727Z",
    "end": "2022-07-28T14:18:02.654Z",
    "duration": 33927,
    "testsRegistered": 20,
    "passPercent": 95,
    "pendingPercent": 0,
    "other": 0,
    "hasOther": false,
    "skipped": 0,
    "hasSkipped": false
  },
  "results": [
    {
      "uuid": "bac27ef9-dc7b-42df-8dab-5730622d18d7",
      "title": "",
      "fullFile": "cypress/integration/1.Smoke/1.Account_section.js",
      "file": "cypress/integration/1.Smoke/1.Account_section.js",
      "beforeHooks": [],
      "afterHooks": [],
      "tests": [],
      "suites": [
        {
          "uuid": "f8644adb-0f06-4f28-8694-144d0533eaa5",
          "title": "The user is able to create a new account in Councilbox",
          "fullFile": "",
          "file": "",
          "beforeHooks": [],
          "afterHooks": [],
          "tests": [
            {
              "title": "Open the browser and enter the URL: https://app.councilbox.com/",
              "fullTitle": "The user is able to create a new account in Councilbox Open the browser and enter the URL: https://app.councilbox.com/",
              "timedOut": null,
              "duration": 6048,
              "state": "passed",
              "speed": "slow",
              "pass": true,
              "fail": false,
              "pending": false,
              "context": null,
              "code": "cy.visit(login_url);\ncy.wait(5000);",
              "err": {},
              "uuid": "68df7d9b-4bb6-4057-8faf-68c8f0d9b462",
              "parentUUID": "f8644adb-0f06-4f28-8694-144d0533eaa5",
              "isHook": false,
              "skipped": false
            },
            {
              "title": "Change language to Spanish",
              "fullTitle": "The user is able to create a new account in Councilbox Change language to Spanish",
              "timedOut": null,
              "duration": 234,
              "state": "passed",
              "speed": "slow",
              "pass": true,
              "fail": false,
              "pending": false,
              "context": null,
              "code": "cy.get('#language-selector').click();\ncy.get('#language-es').click();",
              "err": {},
              "uuid": "c492033a-4e33-4a96-8d7a-7907b8f21e2c",
              "parentUUID": "f8644adb-0f06-4f28-8694-144d0533eaa5",
              "isHook": false,
              "skipped": false
            },
            {
              "title": "Click on the 'Registarse' button",
              "fullTitle": "The user is able to create a new account in Councilbox Click on the 'Registarse' button",
              "timedOut": null,
              "duration": 445,
              "state": "passed",
              "speed": "slow",
              "pass": true,
              "fail": false,
              "pending": false,
              "context": null,
              "code": "cy.get(\"#sign-up-button\").click();",
              "err": {},
              "uuid": "0cbde153-8a28-40bd-997c-11f3de0bb57c",
              "parentUUID": "f8644adb-0f06-4f28-8694-144d0533eaa5",
              "isHook": false,
              "skipped": false
            },
            {
              "title": "Populate all required fields",
              "fullTitle": "The user is able to create a new account in Councilbox Populate all required fields",
              "timedOut": null,
              "duration": 3921,
              "state": "passed",
              "speed": "slow",
              "pass": true,
              "fail": false,
              "pending": false,
              "context": null,
              "code": "cy.get('#signup-name').clear().type(\"Automation\").should(\"have.value\", \"Automation\");\ncy.get('#signup-surname').clear().type(\"Test\").should(\"have.value\", \"Test\");\ncy.get('#signup-phone').clear().type(\"123123123\").should(\"have.value\", \"123123123\");\ncy.get('#signup-email').clear().type(\"alem\" + Cypress.config('UniqueNumber') + \"@yopmail.com\");\ncy.get('#signup-email-check').clear().type(\"alem\" + Cypress.config('UniqueNumber') + \"@yopmail.com\");\ncy.get('#signup-password').clear().type(\"Test12345\");\ncy.get('#signup-password-check').clear().type(\"Test12345\");",
              "err": {},
              "uuid": "d69521eb-c473-4b96-b7f7-2bd8b9d82077",
              "parentUUID": "f8644adb-0f06-4f28-8694-144d0533eaa5",
              "isHook": false,
              "skipped": false
            },
            {
              "title": "Click on the checkbox button to accept the 'términos y condiciones de councilbox'",
              "fullTitle": "The user is able to create a new account in Councilbox Click on the checkbox button to accept the 'términos y condiciones de councilbox'",
              "timedOut": null,
              "duration": 116,
              "state": "passed",
              "speed": "slow",
              "pass": true,
              "fail": false,
              "pending": false,
              "context": null,
              "code": "cy.get('#accept-legal-checkbox').click();",
              "err": {},
              "uuid": "5d1416d0-44ab-4553-9679-062c05a26baa",
              "parentUUID": "f8644adb-0f06-4f28-8694-144d0533eaa5",
              "isHook": false,
              "skipped": false
            },
            {
              "title": "Click on the 'Enviar button'",
              "fullTitle": "The user is able to create a new account in Councilbox Click on the 'Enviar button'",
              "timedOut": null,
              "duration": 130,
              "state": "passed",
              "speed": "slow",
              "pass": true,
              "fail": false,
              "pending": false,
              "context": null,
              "code": "cy.get('#create-user-button').click();",
              "err": {},
              "uuid": "e93fb252-4973-4a86-93a6-c4930309e011",
              "parentUUID": "f8644adb-0f06-4f28-8694-144d0533eaa5",
              "isHook": false,
              "skipped": false
            },
            {
              "title": "User should be registered successfully",
              "fullTitle": "The user is able to create a new account in Councilbox User should be registered successfully",
              "timedOut": null,
              "duration": 10851,
              "state": "failed",
              "speed": null,
              "pass": false,
              "fail": true,
              "pending": false,
              "context": "{\n  \"title\": \"Failed screenshot\",\n  \"value\": \"screenshots/1.Smoke/1.Account_section.js/The user is able to create a new account in Councilbox -- User should be registered successfully (failed).png\"\n}",
              "code": "cy.xpath('//*[@id=\"root\"]/div[1]/div/div/div[1]/div/div[2]/div/div[1]/div[2]/div').should('be.visible');\ncy.wait(1000);",
              "err": {
                "message": "AssertionError: Timed out retrying: Expected to find element: `//*[@id=\"root\"]/div[1]/div/div/div[1]/div/div[2]/div/div[1]/div[2]/div`, but never found it.",
                "estack": "AssertionError: Timed out retrying: Expected to find element: `//*[@id=\"root\"]/div[1]/div/div/div[1]/div/div[2]/div/div[1]/div[2]/div`, but never found it.\n    at ensureExistence (https://app.dev.councilbox.com/__cypress/runner/cypress_runner.js:137673:32)\n    at Object.ensureElExistence (https://app.dev.councilbox.com/__cypress/runner/cypress_runner.js:137691:12)\n    at ensureExistence (https://app.dev.councilbox.com/__cypress/runner/cypress_runner.js:127867:23)\n    at onFailFn (https://app.dev.councilbox.com/__cypress/runner/cypress_runner.js:127905:9)\n    at tryCatcher (https://app.dev.councilbox.com/__cypress/runner/cypress_runner.js:9065:23)\n    at Promise._settlePromiseFromHandler (https://app.dev.councilbox.com/__cypress/runner/cypress_runner.js:7000:31)\n    at Promise._settlePromise (https://app.dev.councilbox.com/__cypress/runner/cypress_runner.js:7057:18)\n    at Promise._settlePromise0 (https://app.dev.councilbox.com/__cypress/runner/cypress_runner.js:7102:10)\n    at Promise._settlePromises (https://app.dev.councilbox.com/__cypress/runner/cypress_runner.js:7178:18)\n    at _drainQueueStep (https://app.dev.councilbox.com/__cypress/runner/cypress_runner.js:3772:12)\n    at _drainQueue (https://app.dev.councilbox.com/__cypress/runner/cypress_runner.js:3765:9)\n    at Async.../../node_modules/bluebird/js/release/async.js.Async._drainQueues (https://app.dev.councilbox.com/__cypress/runner/cypress_runner.js:3781:5)\n    at Async.drainQueues (https://app.dev.councilbox.com/__cypress/runner/cypress_runner.js:3651:14)",
                "diff": null
              },
              "uuid": "025b74de-9462-449f-a56c-d17c8d5ad3a7",
              "parentUUID": "f8644adb-0f06-4f28-8694-144d0533eaa5",
              "isHook": false,
              "skipped": false
            },
            {
              "title": "Open email application and navigate to the activation email",
              "fullTitle": "The user is able to create a new account in Councilbox Open email application and navigate to the activation email",
              "timedOut": null,
              "duration": 13,
              "state": "passed",
              "speed": "fast",
              "pass": true,
              "fail": false,
              "pending": false,
              "context": null,
              "code": "/*\ncy.visit('http://www.yopmail.com/en/')    \ncy.get('#login').clear()\n\t\t.type(\"alem\"+Cypress.config('UniqueNumber'))\ncy.get('.sbut').click()   \n*/",
              "err": {},
              "uuid": "8c6c4eb3-347d-4493-b9eb-e7a56253f1b7",
              "parentUUID": "f8644adb-0f06-4f28-8694-144d0533eaa5",
              "isHook": false,
              "skipped": false
            }
          ],
          "suites": [],
          "passes": [
            "68df7d9b-4bb6-4057-8faf-68c8f0d9b462",
            "c492033a-4e33-4a96-8d7a-7907b8f21e2c",
            "0cbde153-8a28-40bd-997c-11f3de0bb57c",
            "d69521eb-c473-4b96-b7f7-2bd8b9d82077",
            "5d1416d0-44ab-4553-9679-062c05a26baa",
            "e93fb252-4973-4a86-93a6-c4930309e011",
            "8c6c4eb3-347d-4493-b9eb-e7a56253f1b7"
          ],
          "failures": [
            "025b74de-9462-449f-a56c-d17c8d5ad3a7"
          ],
          "pending": [],
          "skipped": [],
          "duration": 21758,
          "root": false,
          "rootEmpty": false,
          "_timeout": 2000
        },
        {
          "uuid": "674b35d2-3d0b-4293-8e53-99e22b9d23c0",
          "title": "Councilbox login - valid username and password",
          "fullFile": "",
          "file": "",
          "beforeHooks": [],
          "afterHooks": [],
          "tests": [
            {
              "title": "Visits the Councilbox web page",
              "fullTitle": "Councilbox login - valid username and password Visits the Councilbox web page",
              "timedOut": null,
              "duration": 782,
              "state": "passed",
              "speed": "slow",
              "pass": true,
              "fail": false,
              "pending": false,
              "context": null,
              "code": "cy.clearLocalStorage();\ncy.saveLocalStorage();\ncy.visit(login_url);",
              "err": {},
              "uuid": "bf854d6f-e7f5-40fd-ad59-ce9bdeaec17c",
              "parentUUID": "674b35d2-3d0b-4293-8e53-99e22b9d23c0",
              "isHook": false,
              "skipped": false
            },
            {
              "title": "Change language to Spanish",
              "fullTitle": "Councilbox login - valid username and password Change language to Spanish",
              "timedOut": null,
              "duration": 1366,
              "state": "passed",
              "speed": "slow",
              "pass": true,
              "fail": false,
              "pending": false,
              "context": null,
              "code": "cy.get('#language-selector').click();\ncy.get('#language-es').click();",
              "err": {},
              "uuid": "9162f017-bca2-4fcf-b873-fa821bf89a73",
              "parentUUID": "674b35d2-3d0b-4293-8e53-99e22b9d23c0",
              "isHook": false,
              "skipped": false
            },
            {
              "title": "Enters email address",
              "fullTitle": "Councilbox login - valid username and password Enters email address",
              "timedOut": null,
              "duration": 994,
              "state": "passed",
              "speed": "slow",
              "pass": true,
              "fail": false,
              "pending": false,
              "context": null,
              "code": "cy.get('#username').clear().type('alem@qaengineers.net').should(\"have.value\", 'alem@qaengineers.net');",
              "err": {},
              "uuid": "1025351b-8ed9-4a4c-bdc9-2c9f3e59056f",
              "parentUUID": "674b35d2-3d0b-4293-8e53-99e22b9d23c0",
              "isHook": false,
              "skipped": false
            },
            {
              "title": "Enters password",
              "fullTitle": "Councilbox login - valid username and password Enters password",
              "timedOut": null,
              "duration": 423,
              "state": "passed",
              "speed": "slow",
              "pass": true,
              "fail": false,
              "pending": false,
              "context": null,
              "code": "cy.get('#password').clear().type('Mostar123!').should(\"have.value\", 'Mostar123!');",
              "err": {},
              "uuid": "e3530611-dd36-4fcb-abd6-9f358c8a201a",
              "parentUUID": "674b35d2-3d0b-4293-8e53-99e22b9d23c0",
              "isHook": false,
              "skipped": false
            },
            {
              "title": "Clicks login button",
              "fullTitle": "Councilbox login - valid username and password Clicks login button",
              "timedOut": null,
              "duration": 125,
              "state": "passed",
              "speed": "slow",
              "pass": true,
              "fail": false,
              "pending": false,
              "context": null,
              "code": "cy.get(\"#login-button\").click();",
              "err": {},
              "uuid": "86bf9b77-66ae-48ba-b088-327b3415c98d",
              "parentUUID": "674b35d2-3d0b-4293-8e53-99e22b9d23c0",
              "isHook": false,
              "skipped": false
            }
          ],
          "suites": [],
          "passes": [
            "bf854d6f-e7f5-40fd-ad59-ce9bdeaec17c",
            "9162f017-bca2-4fcf-b873-fa821bf89a73",
            "1025351b-8ed9-4a4c-bdc9-2c9f3e59056f",
            "e3530611-dd36-4fcb-abd6-9f358c8a201a",
            "86bf9b77-66ae-48ba-b088-327b3415c98d"
          ],
          "failures": [],
          "pending": [],
          "skipped": [],
          "duration": 3690,
          "root": false,
          "rootEmpty": false,
          "_timeout": 2000
        },
        {
          "uuid": "d91b0771-5626-4da6-844d-d10afa80e7de",
          "title": "Log Out",
          "fullFile": "",
          "file": "",
          "beforeHooks": [],
          "afterHooks": [],
          "tests": [
            {
              "title": "Opens dropdown in upper right corner",
              "fullTitle": "Log Out Opens dropdown in upper right corner",
              "timedOut": null,
              "duration": 547,
              "state": "passed",
              "speed": "slow",
              "pass": true,
              "fail": false,
              "pending": false,
              "context": null,
              "code": "cy.get('#user-menu-trigger').click();",
              "err": {},
              "uuid": "1907fd2e-23e0-48c9-96bf-03fda1fe1345",
              "parentUUID": "d91b0771-5626-4da6-844d-d10afa80e7de",
              "isHook": false,
              "skipped": false
            },
            {
              "title": "Clicks logout",
              "fullTitle": "Log Out Clicks logout",
              "timedOut": null,
              "duration": 121,
              "state": "passed",
              "speed": "slow",
              "pass": true,
              "fail": false,
              "pending": false,
              "context": null,
              "code": "cy.get('#user-menu-logout').click();",
              "err": {},
              "uuid": "49914cb1-3937-4391-80e4-249b4002a615",
              "parentUUID": "d91b0771-5626-4da6-844d-d10afa80e7de",
              "isHook": false,
              "skipped": false
            },
            {
              "title": "User successfully redirected to login page",
              "fullTitle": "Log Out User successfully redirected to login page",
              "timedOut": null,
              "duration": 15,
              "state": "passed",
              "speed": "fast",
              "pass": true,
              "fail": false,
              "pending": false,
              "context": null,
              "code": "cy.url().should(\"include\", login_url);",
              "err": {},
              "uuid": "e5871671-642f-4a89-b3de-e4bf8bb33535",
              "parentUUID": "d91b0771-5626-4da6-844d-d10afa80e7de",
              "isHook": false,
              "skipped": false
            }
          ],
          "suites": [],
          "passes": [
            "1907fd2e-23e0-48c9-96bf-03fda1fe1345",
            "49914cb1-3937-4391-80e4-249b4002a615",
            "e5871671-642f-4a89-b3de-e4bf8bb33535"
          ],
          "failures": [],
          "pending": [],
          "skipped": [],
          "duration": 683,
          "root": false,
          "rootEmpty": false,
          "_timeout": 2000
        },
        {
          "uuid": "aec9240f-d111-469d-adf6-95a6cb2c5b61",
          "title": "The user is able to restore a password",
          "fullFile": "",
          "file": "",
          "beforeHooks": [],
          "afterHooks": [],
          "tests": [
            {
              "title": "Click on the 'Olvide mi contrasena?'' button",
              "fullTitle": "The user is able to restore a password Click on the 'Olvide mi contrasena?'' button",
              "timedOut": null,
              "duration": 345,
              "state": "passed",
              "speed": "slow",
              "pass": true,
              "fail": false,
              "pending": false,
              "context": null,
              "code": "cy.get('#restore-password-link').click();",
              "err": {},
              "uuid": "d154ed6d-2d7d-41a3-a848-d4540ab42070",
              "parentUUID": "aec9240f-d111-469d-adf6-95a6cb2c5b61",
              "isHook": false,
              "skipped": false
            },
            {
              "title": "Enter your Email and click on the 'Restablecer acceso' button",
              "fullTitle": "The user is able to restore a password Enter your Email and click on the 'Restablecer acceso' button",
              "timedOut": null,
              "duration": 982,
              "state": "passed",
              "speed": "slow",
              "pass": true,
              "fail": false,
              "pending": false,
              "context": null,
              "code": "cy.get('#restore-password-email-input').clear().type('alemtestqa12@yopmail.com');\ncy.get('#restore-password-button').click();",
              "err": {},
              "uuid": "86c5f7f6-21ba-4c76-bd54-17fcc0611591",
              "parentUUID": "aec9240f-d111-469d-adf6-95a6cb2c5b61",
              "isHook": false,
              "skipped": false
            },
            {
              "title": "Open your email application",
              "fullTitle": "The user is able to restore a password Open your email application",
              "timedOut": null,
              "duration": 2391,
              "state": "passed",
              "speed": "slow",
              "pass": true,
              "fail": false,
              "pending": false,
              "context": null,
              "code": "cy.visit('http://www.yopmail.com/en/');",
              "err": {},
              "uuid": "29e80121-197d-4774-b2fd-61a667cf2972",
              "parentUUID": "aec9240f-d111-469d-adf6-95a6cb2c5b61",
              "isHook": false,
              "skipped": false
            },
            {
              "title": "Back to Home page",
              "fullTitle": "The user is able to restore a password Back to Home page",
              "timedOut": null,
              "duration": 730,
              "state": "passed",
              "speed": "slow",
              "pass": true,
              "fail": false,
              "pending": false,
              "context": null,
              "code": "cy.visit(login_url);",
              "err": {},
              "uuid": "7cccd485-9835-4eee-9fb0-9db2f58e73d0",
              "parentUUID": "aec9240f-d111-469d-adf6-95a6cb2c5b61",
              "isHook": false,
              "skipped": false
            }
          ],
          "suites": [],
          "passes": [
            "d154ed6d-2d7d-41a3-a848-d4540ab42070",
            "86c5f7f6-21ba-4c76-bd54-17fcc0611591",
            "29e80121-197d-4774-b2fd-61a667cf2972",
            "7cccd485-9835-4eee-9fb0-9db2f58e73d0"
          ],
          "failures": [],
          "pending": [],
          "skipped": [],
          "duration": 4448,
          "root": false,
          "rootEmpty": false,
          "_timeout": 2000
        }
      ],
      "passes": [],
      "failures": [],
      "pending": [],
      "skipped": [],
      "duration": 0,
      "root": true,
      "rootEmpty": true,
      "_timeout": 2000
    }
  ],
  "meta": {
    "mocha": {
      "version": "7.0.1"
    },
    "mochawesome": {
      "options": {
        "quiet": false,
        "reportFilename": "mochawesome",
        "saveHtml": false,
        "saveJson": true,
        "consoleReporter": "spec",
        "useInlineDiffs": false,
        "code": true
      },
      "version": "6.3.1"
    },
    "marge": {
      "options": {
        "id": "default",
        "reportDir": "cypress/reports/mocha",
        "quite": true,
        "overwrite": false,
        "html": false,
        "json": true
      },
      "version": "5.2.0"
    }
  }
}