{
  "stats": {
    "suites": 21,
    "tests": 91,
    "passes": 88,
    "pending": 0,
    "failures": 3,
    "start": "2021-05-17T10:38:02.634Z",
    "end": "2021-05-17T10:41:13.353Z",
    "duration": 190719,
    "testsRegistered": 91,
    "passPercent": 96.7032967032967,
    "pendingPercent": 0,
    "other": 0,
    "hasOther": false,
    "skipped": 0,
    "hasSkipped": false
  },
  "results": [
    {
      "uuid": "5dfb7135-c2d1-4ee2-bbef-7999d94d0674",
      "title": "",
      "fullFile": "cypress\\integration\\2.Regression\\3.Company_Settings_section.js",
      "file": "cypress\\integration\\2.Regression\\3.Company_Settings_section.js",
      "beforeHooks": [],
      "afterHooks": [],
      "tests": [],
      "suites": [
        {
          "uuid": "5b0f5f23-f782-49d6-bba3-739ab32ee40e",
          "title": "Councilbox login - valid username and password",
          "fullFile": "",
          "file": "",
          "beforeHooks": [],
          "afterHooks": [],
          "tests": [
            {
              "title": "Visits the Councilbox web page",
              "fullTitle": "Councilbox login - valid username and password Visits the Councilbox web page",
              "timedOut": null,
              "duration": 2783,
              "state": "passed",
              "speed": "slow",
              "pass": true,
              "fail": false,
              "pending": false,
              "context": null,
              "code": "cy.visit(login_url);",
              "err": {},
              "uuid": "7d061b1d-426e-482b-9d57-5199918e8216",
              "parentUUID": "5b0f5f23-f782-49d6-bba3-739ab32ee40e",
              "isHook": false,
              "skipped": false
            },
            {
              "title": "Enters email address",
              "fullTitle": "Councilbox login - valid username and password Enters email address",
              "timedOut": null,
              "duration": 1796,
              "state": "passed",
              "speed": "slow",
              "pass": true,
              "fail": false,
              "pending": false,
              "context": null,
              "code": "cy.get('input').eq(0).type('alem@qaengineers.net').should(\"have.value\", 'alem@qaengineers.net');",
              "err": {},
              "uuid": "aea03bff-9fd3-43a1-be7f-89d8b3d943c3",
              "parentUUID": "5b0f5f23-f782-49d6-bba3-739ab32ee40e",
              "isHook": false,
              "skipped": false
            },
            {
              "title": "Enters password",
              "fullTitle": "Councilbox login - valid username and password Enters password",
              "timedOut": null,
              "duration": 411,
              "state": "passed",
              "speed": "slow",
              "pass": true,
              "fail": false,
              "pending": false,
              "context": null,
              "code": "cy.get('input').eq(1).type('Mostar123!').should(\"have.value\", 'Mostar123!');",
              "err": {},
              "uuid": "1ce854ab-bee2-4209-95ef-38d82518158a",
              "parentUUID": "5b0f5f23-f782-49d6-bba3-739ab32ee40e",
              "isHook": false,
              "skipped": false
            },
            {
              "title": "Clicks login button",
              "fullTitle": "Councilbox login - valid username and password Clicks login button",
              "timedOut": null,
              "duration": 1194,
              "state": "passed",
              "speed": "slow",
              "pass": true,
              "fail": false,
              "pending": false,
              "context": null,
              "code": "cy.get(\"#login-button\").click();\ncy.wait(1000);",
              "err": {},
              "uuid": "6b9322fe-2946-43ff-ad24-341934e9af04",
              "parentUUID": "5b0f5f23-f782-49d6-bba3-739ab32ee40e",
              "isHook": false,
              "skipped": false
            }
          ],
          "suites": [],
          "passes": [
            "7d061b1d-426e-482b-9d57-5199918e8216",
            "aea03bff-9fd3-43a1-be7f-89d8b3d943c3",
            "1ce854ab-bee2-4209-95ef-38d82518158a",
            "6b9322fe-2946-43ff-ad24-341934e9af04"
          ],
          "failures": [],
          "pending": [],
          "skipped": [],
          "duration": 6184,
          "root": false,
          "rootEmpty": false,
          "_timeout": 2000
        },
        {
          "uuid": "18caacf8-d88f-4dcc-9e4b-edf799c9b02d",
          "title": "The user is not able to Link company with invalid inputs in the 'Master code' field",
          "fullFile": "",
          "file": "",
          "beforeHooks": [],
          "afterHooks": [],
          "tests": [
            {
              "title": "From the dashboard click on the 'Link company' button",
              "fullTitle": "The user is not able to Link company with invalid inputs in the 'Master code' field From the dashboard click on the 'Link company' button",
              "timedOut": null,
              "duration": 1366,
              "state": "passed",
              "speed": "slow",
              "pass": true,
              "fail": false,
              "pending": false,
              "context": null,
              "code": "cy.get('#entidadesSideBar').click({\n  force: true\n});\ncy.wait(1000);\ncy.contains('Link company').click({\n  force: true\n});",
              "err": {},
              "uuid": "5dd8b66b-9fcd-4c9b-ae42-99f2a651fec0",
              "parentUUID": "18caacf8-d88f-4dcc-9e4b-edf799c9b02d",
              "isHook": false,
              "skipped": false
            },
            {
              "title": "Populate the 'TIN of the organization*'' field",
              "fullTitle": "The user is not able to Link company with invalid inputs in the 'Master code' field Populate the 'TIN of the organization*'' field",
              "timedOut": null,
              "duration": 443,
              "state": "passed",
              "speed": "slow",
              "pass": true,
              "fail": false,
              "pending": false,
              "context": null,
              "code": "cy.get('input').eq(0).type(\"automationtest\").should(\"have.value\", \"automationtest\");",
              "err": {},
              "uuid": "d447366e-37c6-48fc-ada3-ed1eaad197ef",
              "parentUUID": "18caacf8-d88f-4dcc-9e4b-edf799c9b02d",
              "isHook": false,
              "skipped": false
            },
            {
              "title": "Populate  'Master code' field with invalid input",
              "fullTitle": "The user is not able to Link company with invalid inputs in the 'Master code' field Populate  'Master code' field with invalid input",
              "timedOut": null,
              "duration": 493,
              "state": "passed",
              "speed": "slow",
              "pass": true,
              "fail": false,
              "pending": false,
              "context": null,
              "code": "cy.get('input').eq(1).type(\"123\").should(\"have.value\", \"123\");\ncy.get('#company-link-button').click();",
              "err": {},
              "uuid": "76475a99-6d7a-4801-8d55-8a2b5a5cf6c2",
              "parentUUID": "18caacf8-d88f-4dcc-9e4b-edf799c9b02d",
              "isHook": false,
              "skipped": false
            },
            {
              "title": "'Incorrect master key' message is displayed",
              "fullTitle": "The user is not able to Link company with invalid inputs in the 'Master code' field 'Incorrect master key' message is displayed",
              "timedOut": null,
              "duration": 47,
              "state": "passed",
              "speed": "medium",
              "pass": true,
              "fail": false,
              "pending": false,
              "context": null,
              "code": "cy.contains('Incorrect master code');",
              "err": {},
              "uuid": "6ea4138f-30ee-4ca8-9670-6bc33c3ac452",
              "parentUUID": "18caacf8-d88f-4dcc-9e4b-edf799c9b02d",
              "isHook": false,
              "skipped": false
            }
          ],
          "suites": [],
          "passes": [
            "5dd8b66b-9fcd-4c9b-ae42-99f2a651fec0",
            "d447366e-37c6-48fc-ada3-ed1eaad197ef",
            "76475a99-6d7a-4801-8d55-8a2b5a5cf6c2",
            "6ea4138f-30ee-4ca8-9670-6bc33c3ac452"
          ],
          "failures": [],
          "pending": [],
          "skipped": [],
          "duration": 2349,
          "root": false,
          "rootEmpty": false,
          "_timeout": 2000
        },
        {
          "uuid": "2edd6a1e-8862-44ac-a3e9-348afbd4dde7",
          "title": "The user is not able to Link company with invalid inputs in the 'CIF of the entity*' field",
          "fullFile": "",
          "file": "",
          "beforeHooks": [],
          "afterHooks": [],
          "tests": [
            {
              "title": "Populate 'CIF of the entity*'' field",
              "fullTitle": "The user is not able to Link company with invalid inputs in the 'CIF of the entity*' field Populate 'CIF of the entity*'' field",
              "timedOut": null,
              "duration": 538,
              "state": "passed",
              "speed": "slow",
              "pass": true,
              "fail": false,
              "pending": false,
              "context": null,
              "code": "cy.get('input').eq(0).clear().type(\"123111111111111\").should(\"have.value\", \"123111111111111\");",
              "err": {},
              "uuid": "1c33c797-b494-46eb-8717-893919405037",
              "parentUUID": "2edd6a1e-8862-44ac-a3e9-348afbd4dde7",
              "isHook": false,
              "skipped": false
            },
            {
              "title": "Populate 'Master key' field with invalid input",
              "fullTitle": "The user is not able to Link company with invalid inputs in the 'CIF of the entity*' field Populate 'Master key' field with invalid input",
              "timedOut": null,
              "duration": 418,
              "state": "passed",
              "speed": "slow",
              "pass": true,
              "fail": false,
              "pending": false,
              "context": null,
              "code": "cy.get('input').eq(1).clear().type(\"123\").should(\"have.value\", \"123\");\ncy.get('#company-link-button').click();",
              "err": {},
              "uuid": "5f7051a9-efdb-4f4f-8cf4-68b6f6769e37",
              "parentUUID": "2edd6a1e-8862-44ac-a3e9-348afbd4dde7",
              "isHook": false,
              "skipped": false
            },
            {
              "title": "'COMPANY DOES NOT EXIST' message is displayed",
              "fullTitle": "The user is not able to Link company with invalid inputs in the 'CIF of the entity*' field 'COMPANY DOES NOT EXIST' message is displayed",
              "timedOut": null,
              "duration": 583,
              "state": "passed",
              "speed": "slow",
              "pass": true,
              "fail": false,
              "pending": false,
              "context": null,
              "code": "cy.contains('COMPANY DOES NOT EXIST');",
              "err": {},
              "uuid": "63db2fba-a9b9-41ff-9f99-6814d4eaa8cf",
              "parentUUID": "2edd6a1e-8862-44ac-a3e9-348afbd4dde7",
              "isHook": false,
              "skipped": false
            }
          ],
          "suites": [],
          "passes": [
            "1c33c797-b494-46eb-8717-893919405037",
            "5f7051a9-efdb-4f4f-8cf4-68b6f6769e37",
            "63db2fba-a9b9-41ff-9f99-6814d4eaa8cf"
          ],
          "failures": [],
          "pending": [],
          "skipped": [],
          "duration": 1539,
          "root": false,
          "rootEmpty": false,
          "_timeout": 2000
        },
        {
          "uuid": "feb1b707-40cf-43a9-b0be-df861226e2c8",
          "title": "The user is able to Link Company",
          "fullFile": "",
          "file": "",
          "beforeHooks": [],
          "afterHooks": [],
          "tests": [
            {
              "title": "Populate 'TIN of the organization*' field",
              "fullTitle": "The user is able to Link Company Populate 'TIN of the organization*' field",
              "timedOut": null,
              "duration": 541,
              "state": "passed",
              "speed": "slow",
              "pass": true,
              "fail": false,
              "pending": false,
              "context": null,
              "code": "cy.get('input').eq(0).clear().type(\"automationtest\").should(\"have.value\", \"automationtest\");",
              "err": {},
              "uuid": "f8e5e86e-ae0c-429b-945f-904ed4e2c989",
              "parentUUID": "feb1b707-40cf-43a9-b0be-df861226e2c8",
              "isHook": false,
              "skipped": false
            },
            {
              "title": "Populate 'Master key' field with invalid input",
              "fullTitle": "The user is able to Link Company Populate 'Master key' field with invalid input",
              "timedOut": null,
              "duration": 3526,
              "state": "passed",
              "speed": "slow",
              "pass": true,
              "fail": false,
              "pending": false,
              "context": null,
              "code": "cy.get('input').eq(1).clear().type(\"automation\").should(\"have.value\", \"automation\");\ncy.get('#company-link-button').click();\ncy.wait(3000);",
              "err": {},
              "uuid": "0b0b2707-d890-4376-bb4e-27e0671231ea",
              "parentUUID": "feb1b707-40cf-43a9-b0be-df861226e2c8",
              "isHook": false,
              "skipped": false
            },
            {
              "title": "'Company linked correctly' message should be displayed ",
              "fullTitle": "The user is able to Link Company 'Company linked correctly' message should be displayed ",
              "timedOut": null,
              "duration": 66,
              "state": "passed",
              "speed": "medium",
              "pass": true,
              "fail": false,
              "pending": false,
              "context": null,
              "code": "cy.contains('Company linked correctly');",
              "err": {},
              "uuid": "a3c499bb-a07d-4253-96d4-f989114927d1",
              "parentUUID": "feb1b707-40cf-43a9-b0be-df861226e2c8",
              "isHook": false,
              "skipped": false
            }
          ],
          "suites": [],
          "passes": [
            "f8e5e86e-ae0c-429b-945f-904ed4e2c989",
            "0b0b2707-d890-4376-bb4e-27e0671231ea",
            "a3c499bb-a07d-4253-96d4-f989114927d1"
          ],
          "failures": [],
          "pending": [],
          "skipped": [],
          "duration": 4133,
          "root": false,
          "rootEmpty": false,
          "_timeout": 2000
        },
        {
          "uuid": "a258da29-b587-49ee-95ac-6302e71c46ba",
          "title": "The user is able to unlink the company",
          "fullFile": "",
          "file": "",
          "beforeHooks": [],
          "afterHooks": [],
          "tests": [
            {
              "title": "On the upper left corner above 'Dashboard' click on 'Basic data' button",
              "fullTitle": "The user is able to unlink the company On the upper left corner above 'Dashboard' click on 'Basic data' button",
              "timedOut": null,
              "duration": 2437,
              "state": "passed",
              "speed": "slow",
              "pass": true,
              "fail": false,
              "pending": false,
              "context": null,
              "code": "cy.get('#entidadesSideBar').click({\n  force: true\n});\ncy.xpath('(//*[@role=\"menuitem\"])[2]').click();\ncy.get('#user-menu-trigger').click();\ncy.xpath('(//*[@role=\"menuitem\"])[10]').click();",
              "err": {},
              "uuid": "0b0bd28c-449e-4bc0-be6c-611d395b015a",
              "parentUUID": "a258da29-b587-49ee-95ac-6302e71c46ba",
              "isHook": false,
              "skipped": false
            },
            {
              "title": "Scroll down the page and in the right corner click on the 'Unlink' button",
              "fullTitle": "The user is able to unlink the company Scroll down the page and in the right corner click on the 'Unlink' button",
              "timedOut": null,
              "duration": 1383,
              "state": "passed",
              "speed": "slow",
              "pass": true,
              "fail": false,
              "pending": false,
              "context": null,
              "code": "cy.get('#company-unlink-button').click();\ncy.wait(1000);",
              "err": {},
              "uuid": "02e67665-30cc-4006-8e32-0b039e885923",
              "parentUUID": "a258da29-b587-49ee-95ac-6302e71c46ba",
              "isHook": false,
              "skipped": false
            },
            {
              "title": "Click on the 'OK' button",
              "fullTitle": "The user is able to unlink the company Click on the 'OK' button",
              "timedOut": null,
              "duration": 1145,
              "state": "passed",
              "speed": "slow",
              "pass": true,
              "fail": false,
              "pending": false,
              "context": null,
              "code": "cy.get('#unlink-modal-button-accept').click();\ncy.wait(1000);",
              "err": {},
              "uuid": "b4070fe1-c658-4f05-8561-25dfcf43875c",
              "parentUUID": "a258da29-b587-49ee-95ac-6302e71c46ba",
              "isHook": false,
              "skipped": false
            }
          ],
          "suites": [],
          "passes": [
            "0b0bd28c-449e-4bc0-be6c-611d395b015a",
            "02e67665-30cc-4006-8e32-0b039e885923",
            "b4070fe1-c658-4f05-8561-25dfcf43875c"
          ],
          "failures": [],
          "pending": [],
          "skipped": [],
          "duration": 4965,
          "root": false,
          "rootEmpty": false,
          "_timeout": 2000
        },
        {
          "uuid": "62bf933c-ff08-42fa-8fb6-f9c69b4b659c",
          "title": "The user is able to edit 'Business name*'' in the Company settings in the Councilbox",
          "fullFile": "",
          "file": "",
          "beforeHooks": [],
          "afterHooks": [],
          "tests": [
            {
              "title": "On the upper right corner click on the 'User icon' button",
              "fullTitle": "The user is able to edit 'Business name*'' in the Company settings in the Councilbox On the upper right corner click on the 'User icon' button",
              "timedOut": null,
              "duration": 5192,
              "state": "passed",
              "speed": "slow",
              "pass": true,
              "fail": false,
              "pending": false,
              "context": null,
              "code": "cy.wait(5000);\ncy.get('#user-menu-trigger').click();",
              "err": {},
              "uuid": "4822904e-f3a8-4916-a793-e035ed9495f8",
              "parentUUID": "62bf933c-ff08-42fa-8fb6-f9c69b4b659c",
              "isHook": false,
              "skipped": false
            },
            {
              "title": "From the drop down menu click on 'Company' button",
              "fullTitle": "The user is able to edit 'Business name*'' in the Company settings in the Councilbox From the drop down menu click on 'Company' button",
              "timedOut": null,
              "duration": 186,
              "state": "passed",
              "speed": "slow",
              "pass": true,
              "fail": false,
              "pending": false,
              "context": null,
              "code": "cy.xpath('(//*[@role=\"menuitem\"])[9]').click();",
              "err": {},
              "uuid": "25c916ca-60a5-4856-be6d-d3eca58b6f60",
              "parentUUID": "62bf933c-ff08-42fa-8fb6-f9c69b4b659c",
              "isHook": false,
              "skipped": false
            },
            {
              "title": "Modify the 'Business name*' field and click on the 'Save' button",
              "fullTitle": "The user is able to edit 'Business name*'' in the Company settings in the Councilbox Modify the 'Business name*' field and click on the 'Save' button",
              "timedOut": null,
              "duration": 1411,
              "state": "passed",
              "speed": "slow",
              "pass": true,
              "fail": false,
              "pending": false,
              "context": null,
              "code": "cy.get('#business-name').clear().type(userID_Alpha() + Cypress.config('UniqueNumber'));\ncy.get('#save-button').click();",
              "err": {},
              "uuid": "375575fd-a1a9-48a8-adc7-6c9141833c29",
              "parentUUID": "62bf933c-ff08-42fa-8fb6-f9c69b4b659c",
              "isHook": false,
              "skipped": false
            },
            {
              "title": "'The changes have been saved successfully.' message is displayed",
              "fullTitle": "The user is able to edit 'Business name*'' in the Company settings in the Councilbox 'The changes have been saved successfully.' message is displayed",
              "timedOut": null,
              "duration": 326,
              "state": "passed",
              "speed": "slow",
              "pass": true,
              "fail": false,
              "pending": false,
              "context": null,
              "code": "cy.contains('The changes have been saved successfully.');",
              "err": {},
              "uuid": "5991b7da-b007-42c3-b19d-65c7c39b5816",
              "parentUUID": "62bf933c-ff08-42fa-8fb6-f9c69b4b659c",
              "isHook": false,
              "skipped": false
            }
          ],
          "suites": [],
          "passes": [
            "4822904e-f3a8-4916-a793-e035ed9495f8",
            "25c916ca-60a5-4856-be6d-d3eca58b6f60",
            "375575fd-a1a9-48a8-adc7-6c9141833c29",
            "5991b7da-b007-42c3-b19d-65c7c39b5816"
          ],
          "failures": [],
          "pending": [],
          "skipped": [],
          "duration": 7115,
          "root": false,
          "rootEmpty": false,
          "_timeout": 2000
        },
        {
          "uuid": "f3ce8f80-5836-445f-b9bb-8f2706b67414",
          "title": "The user is able to edit 'TIN of the organization*' in the Company settings in the Councilbox",
          "fullFile": "",
          "file": "",
          "beforeHooks": [],
          "afterHooks": [],
          "tests": [
            {
              "title": "On the upper right corner click on the 'User icon' button",
              "fullTitle": "The user is able to edit 'TIN of the organization*' in the Company settings in the Councilbox On the upper right corner click on the 'User icon' button",
              "timedOut": null,
              "duration": 5201,
              "state": "passed",
              "speed": "slow",
              "pass": true,
              "fail": false,
              "pending": false,
              "context": null,
              "code": "cy.wait(5000);\ncy.get('#user-menu-trigger').click();",
              "err": {},
              "uuid": "ad64d811-151d-4dbf-9a9b-d9a47a3ce100",
              "parentUUID": "f3ce8f80-5836-445f-b9bb-8f2706b67414",
              "isHook": false,
              "skipped": false
            },
            {
              "title": "From the drop down menu click on 'Company' button",
              "fullTitle": "The user is able to edit 'TIN of the organization*' in the Company settings in the Councilbox From the drop down menu click on 'Company' button",
              "timedOut": null,
              "duration": 178,
              "state": "passed",
              "speed": "slow",
              "pass": true,
              "fail": false,
              "pending": false,
              "context": null,
              "code": "cy.xpath('(//*[@role=\"menuitem\"])[9]').click();",
              "err": {},
              "uuid": "794411ed-9c8e-4b57-92f5-2de56eff8060",
              "parentUUID": "f3ce8f80-5836-445f-b9bb-8f2706b67414",
              "isHook": false,
              "skipped": false
            },
            {
              "title": "Modify the 'TIN of the organization*'' field and click on the 'Save' button",
              "fullTitle": "The user is able to edit 'TIN of the organization*' in the Company settings in the Councilbox Modify the 'TIN of the organization*'' field and click on the 'Save' button",
              "timedOut": null,
              "duration": 1099,
              "state": "passed",
              "speed": "slow",
              "pass": true,
              "fail": false,
              "pending": false,
              "context": null,
              "code": "cy.get('#addSociedadCIF').clear().type(userID_Alpha() + Cypress.config('UniqueNumber'));\ncy.get('#save-button').click();",
              "err": {},
              "uuid": "13ac787b-735e-4895-8c0f-2f527ef03ff1",
              "parentUUID": "f3ce8f80-5836-445f-b9bb-8f2706b67414",
              "isHook": false,
              "skipped": false
            },
            {
              "title": "'The changes have been saved successfully.' message is displayed",
              "fullTitle": "The user is able to edit 'TIN of the organization*' in the Company settings in the Councilbox 'The changes have been saved successfully.' message is displayed",
              "timedOut": null,
              "duration": 286,
              "state": "passed",
              "speed": "slow",
              "pass": true,
              "fail": false,
              "pending": false,
              "context": null,
              "code": "cy.contains('The changes have been saved successfully.');",
              "err": {},
              "uuid": "6e740da7-8b2a-4fba-96cd-6f93bf9ff2a6",
              "parentUUID": "f3ce8f80-5836-445f-b9bb-8f2706b67414",
              "isHook": false,
              "skipped": false
            }
          ],
          "suites": [],
          "passes": [
            "ad64d811-151d-4dbf-9a9b-d9a47a3ce100",
            "794411ed-9c8e-4b57-92f5-2de56eff8060",
            "13ac787b-735e-4895-8c0f-2f527ef03ff1",
            "6e740da7-8b2a-4fba-96cd-6f93bf9ff2a6"
          ],
          "failures": [],
          "pending": [],
          "skipped": [],
          "duration": 6764,
          "root": false,
          "rootEmpty": false,
          "_timeout": 2000
        },
        {
          "uuid": "e86fbb1f-7c44-4fd1-a189-d55e83fe8e7c",
          "title": "The user is able to edit 'Domain' in the 'Company settings' in the Councilbox",
          "fullFile": "",
          "file": "",
          "beforeHooks": [],
          "afterHooks": [],
          "tests": [
            {
              "title": "On the upper right corner click on the 'User icon' button",
              "fullTitle": "The user is able to edit 'Domain' in the 'Company settings' in the Councilbox On the upper right corner click on the 'User icon' button",
              "timedOut": null,
              "duration": 5288,
              "state": "passed",
              "speed": "slow",
              "pass": true,
              "fail": false,
              "pending": false,
              "context": null,
              "code": "cy.wait(5000);\ncy.get('#user-menu-trigger').click();",
              "err": {},
              "uuid": "ad02830b-7562-4bfe-96f1-b6b9b9a572c0",
              "parentUUID": "e86fbb1f-7c44-4fd1-a189-d55e83fe8e7c",
              "isHook": false,
              "skipped": false
            },
            {
              "title": "From the drop down menu click on 'Company' button",
              "fullTitle": "The user is able to edit 'Domain' in the 'Company settings' in the Councilbox From the drop down menu click on 'Company' button",
              "timedOut": null,
              "duration": 150,
              "state": "passed",
              "speed": "slow",
              "pass": true,
              "fail": false,
              "pending": false,
              "context": null,
              "code": "cy.xpath('(//*[@role=\"menuitem\"])[9]').click();",
              "err": {},
              "uuid": "1998033f-a342-4116-a0e3-6a565c92f3df",
              "parentUUID": "e86fbb1f-7c44-4fd1-a189-d55e83fe8e7c",
              "isHook": false,
              "skipped": false
            },
            {
              "title": "Modify the 'Domain' field and click on the 'Save' button",
              "fullTitle": "The user is able to edit 'Domain' in the 'Company settings' in the Councilbox Modify the 'Domain' field and click on the 'Save' button",
              "timedOut": null,
              "duration": 1377,
              "state": "passed",
              "speed": "slow",
              "pass": true,
              "fail": false,
              "pending": false,
              "context": null,
              "code": "cy.get('#addSociedadDominio').clear().type(userID_Alpha() + Cypress.config('UniqueNumber'));\ncy.get('#save-button').click();",
              "err": {},
              "uuid": "61c6d784-99dd-4234-8f29-db647a824b76",
              "parentUUID": "e86fbb1f-7c44-4fd1-a189-d55e83fe8e7c",
              "isHook": false,
              "skipped": false
            },
            {
              "title": "'The changes have been saved successfully.' message is displayed",
              "fullTitle": "The user is able to edit 'Domain' in the 'Company settings' in the Councilbox 'The changes have been saved successfully.' message is displayed",
              "timedOut": null,
              "duration": 297,
              "state": "passed",
              "speed": "slow",
              "pass": true,
              "fail": false,
              "pending": false,
              "context": null,
              "code": "cy.contains('The changes have been saved successfully.');",
              "err": {},
              "uuid": "555f4869-29f5-44c4-9a6d-c089cd4e751a",
              "parentUUID": "e86fbb1f-7c44-4fd1-a189-d55e83fe8e7c",
              "isHook": false,
              "skipped": false
            }
          ],
          "suites": [],
          "passes": [
            "ad02830b-7562-4bfe-96f1-b6b9b9a572c0",
            "1998033f-a342-4116-a0e3-6a565c92f3df",
            "61c6d784-99dd-4234-8f29-db647a824b76",
            "555f4869-29f5-44c4-9a6d-c089cd4e751a"
          ],
          "failures": [],
          "pending": [],
          "skipped": [],
          "duration": 7112,
          "root": false,
          "rootEmpty": false,
          "_timeout": 2000
        },
        {
          "uuid": "45423312-53f3-464b-9378-50b52ba20319",
          "title": "The user is able to edit 'Master code' in the 'Company settings' in the Councilbox",
          "fullFile": "",
          "file": "",
          "beforeHooks": [],
          "afterHooks": [],
          "tests": [
            {
              "title": "On the upper right corner click on the 'User icon' button",
              "fullTitle": "The user is able to edit 'Master code' in the 'Company settings' in the Councilbox On the upper right corner click on the 'User icon' button",
              "timedOut": null,
              "duration": 5208,
              "state": "passed",
              "speed": "slow",
              "pass": true,
              "fail": false,
              "pending": false,
              "context": null,
              "code": "cy.wait(5000);\ncy.get('#user-menu-trigger').click();",
              "err": {},
              "uuid": "f6684abf-bdfe-46bd-8e66-06205c598b4c",
              "parentUUID": "45423312-53f3-464b-9378-50b52ba20319",
              "isHook": false,
              "skipped": false
            },
            {
              "title": "From the drop down menu click on 'Company' button",
              "fullTitle": "The user is able to edit 'Master code' in the 'Company settings' in the Councilbox From the drop down menu click on 'Company' button",
              "timedOut": null,
              "duration": 155,
              "state": "passed",
              "speed": "slow",
              "pass": true,
              "fail": false,
              "pending": false,
              "context": null,
              "code": "cy.xpath('(//*[@role=\"menuitem\"])[9]').click();",
              "err": {},
              "uuid": "91e3a5be-9e48-49d6-978d-f0057359b12c",
              "parentUUID": "45423312-53f3-464b-9378-50b52ba20319",
              "isHook": false,
              "skipped": false
            },
            {
              "title": "Modify the 'Master code' field and click on the 'Save' button",
              "fullTitle": "The user is able to edit 'Master code' in the 'Company settings' in the Councilbox Modify the 'Master code' field and click on the 'Save' button",
              "timedOut": null,
              "duration": 1086,
              "state": "passed",
              "speed": "slow",
              "pass": true,
              "fail": false,
              "pending": false,
              "context": null,
              "code": "cy.get('#addSociedadClaveMaestra').clear().type(userID_Alpha() + Cypress.config('UniqueNumber'));\ncy.get('#save-button').click();",
              "err": {},
              "uuid": "80cc0905-c1b9-41a1-bec5-005141a1523b",
              "parentUUID": "45423312-53f3-464b-9378-50b52ba20319",
              "isHook": false,
              "skipped": false
            },
            {
              "title": "'The changes have been saved successfully.' message is displayed",
              "fullTitle": "The user is able to edit 'Master code' in the 'Company settings' in the Councilbox 'The changes have been saved successfully.' message is displayed",
              "timedOut": null,
              "duration": 311,
              "state": "passed",
              "speed": "slow",
              "pass": true,
              "fail": false,
              "pending": false,
              "context": null,
              "code": "cy.contains('The changes have been saved successfully.');",
              "err": {},
              "uuid": "68ad534c-2613-48e0-aac9-cfd0ab2947e6",
              "parentUUID": "45423312-53f3-464b-9378-50b52ba20319",
              "isHook": false,
              "skipped": false
            }
          ],
          "suites": [],
          "passes": [
            "f6684abf-bdfe-46bd-8e66-06205c598b4c",
            "91e3a5be-9e48-49d6-978d-f0057359b12c",
            "80cc0905-c1b9-41a1-bec5-005141a1523b",
            "68ad534c-2613-48e0-aac9-cfd0ab2947e6"
          ],
          "failures": [],
          "pending": [],
          "skipped": [],
          "duration": 6760,
          "root": false,
          "rootEmpty": false,
          "_timeout": 2000
        },
        {
          "uuid": "796bec1f-d2c8-4add-9c40-01264bdf62e8",
          "title": "The user is able to edit 'External ID' in the 'Company settings' in the Councilbox",
          "fullFile": "",
          "file": "",
          "beforeHooks": [],
          "afterHooks": [],
          "tests": [
            {
              "title": "On the upper right corner click on the 'User icon' button",
              "fullTitle": "The user is able to edit 'External ID' in the 'Company settings' in the Councilbox On the upper right corner click on the 'User icon' button",
              "timedOut": null,
              "duration": 5235,
              "state": "passed",
              "speed": "slow",
              "pass": true,
              "fail": false,
              "pending": false,
              "context": null,
              "code": "cy.wait(5000);\ncy.get('#user-menu-trigger').click();",
              "err": {},
              "uuid": "16e91809-ebfa-4cc9-8851-84c5e8218847",
              "parentUUID": "796bec1f-d2c8-4add-9c40-01264bdf62e8",
              "isHook": false,
              "skipped": false
            },
            {
              "title": "From the drop down menu click on 'Company' button",
              "fullTitle": "The user is able to edit 'External ID' in the 'Company settings' in the Councilbox From the drop down menu click on 'Company' button",
              "timedOut": null,
              "duration": 179,
              "state": "passed",
              "speed": "slow",
              "pass": true,
              "fail": false,
              "pending": false,
              "context": null,
              "code": "cy.xpath('(//*[@role=\"menuitem\"])[9]').click();",
              "err": {},
              "uuid": "eb4e3647-c35c-4466-9d9e-e2733983f3dc",
              "parentUUID": "796bec1f-d2c8-4add-9c40-01264bdf62e8",
              "isHook": false,
              "skipped": false
            },
            {
              "title": "Modify the 'External ID' field and click on the 'Save' button",
              "fullTitle": "The user is able to edit 'External ID' in the 'Company settings' in the Councilbox Modify the 'External ID' field and click on the 'Save' button",
              "timedOut": null,
              "duration": 1300,
              "state": "passed",
              "speed": "slow",
              "pass": true,
              "fail": false,
              "pending": false,
              "context": null,
              "code": "cy.get('#company-external-id').clear().type(userID_Alpha() + Cypress.config('UniqueNumber'));\ncy.get('#save-button').click();",
              "err": {},
              "uuid": "1d5d48cd-a4b6-4731-a1ed-2feff094e823",
              "parentUUID": "796bec1f-d2c8-4add-9c40-01264bdf62e8",
              "isHook": false,
              "skipped": false
            },
            {
              "title": "'The changes have been saved successfully.' message is displayed",
              "fullTitle": "The user is able to edit 'External ID' in the 'Company settings' in the Councilbox 'The changes have been saved successfully.' message is displayed",
              "timedOut": null,
              "duration": 388,
              "state": "passed",
              "speed": "slow",
              "pass": true,
              "fail": false,
              "pending": false,
              "context": null,
              "code": "cy.contains('The changes have been saved successfully.');",
              "err": {},
              "uuid": "d2af3ada-0e86-49e0-a529-5c86797c3a0f",
              "parentUUID": "796bec1f-d2c8-4add-9c40-01264bdf62e8",
              "isHook": false,
              "skipped": false
            }
          ],
          "suites": [],
          "passes": [
            "16e91809-ebfa-4cc9-8851-84c5e8218847",
            "eb4e3647-c35c-4466-9d9e-e2733983f3dc",
            "1d5d48cd-a4b6-4731-a1ed-2feff094e823",
            "d2af3ada-0e86-49e0-a529-5c86797c3a0f"
          ],
          "failures": [],
          "pending": [],
          "skipped": [],
          "duration": 7102,
          "root": false,
          "rootEmpty": false,
          "_timeout": 2000
        },
        {
          "uuid": "092c98ce-cf8d-46ff-bbe0-227da8df93c8",
          "title": "The user is able to edit 'Address' in the 'Contact details' in the Company settings in the Councilbox",
          "fullFile": "",
          "file": "",
          "beforeHooks": [],
          "afterHooks": [],
          "tests": [
            {
              "title": "On the upper right corner click on the 'User icon' button",
              "fullTitle": "The user is able to edit 'Address' in the 'Contact details' in the Company settings in the Councilbox On the upper right corner click on the 'User icon' button",
              "timedOut": null,
              "duration": 5209,
              "state": "passed",
              "speed": "slow",
              "pass": true,
              "fail": false,
              "pending": false,
              "context": null,
              "code": "cy.wait(5000);\ncy.get('#user-menu-trigger').click();",
              "err": {},
              "uuid": "dacac46a-058c-4608-bec0-8ab83005c49e",
              "parentUUID": "092c98ce-cf8d-46ff-bbe0-227da8df93c8",
              "isHook": false,
              "skipped": false
            },
            {
              "title": "From the drop down menu click on 'Company' button",
              "fullTitle": "The user is able to edit 'Address' in the 'Contact details' in the Company settings in the Councilbox From the drop down menu click on 'Company' button",
              "timedOut": null,
              "duration": 159,
              "state": "passed",
              "speed": "slow",
              "pass": true,
              "fail": false,
              "pending": false,
              "context": null,
              "code": "cy.xpath('(//*[@role=\"menuitem\"])[9]').click();",
              "err": {},
              "uuid": "c00173b9-1830-4f99-8f3e-bf3c835d789c",
              "parentUUID": "092c98ce-cf8d-46ff-bbe0-227da8df93c8",
              "isHook": false,
              "skipped": false
            },
            {
              "title": "Modify the 'Address' field and click on the 'Save' button",
              "fullTitle": "The user is able to edit 'Address' in the 'Contact details' in the Company settings in the Councilbox Modify the 'Address' field and click on the 'Save' button",
              "timedOut": null,
              "duration": 1138,
              "state": "passed",
              "speed": "slow",
              "pass": true,
              "fail": false,
              "pending": false,
              "context": null,
              "code": "cy.get('#addSociedadDireccion').clear().type(userID_Alpha() + Cypress.config('UniqueNumber'));\ncy.get('#save-button').click();",
              "err": {},
              "uuid": "390c8733-d883-4678-a2e3-c4cd96e95abb",
              "parentUUID": "092c98ce-cf8d-46ff-bbe0-227da8df93c8",
              "isHook": false,
              "skipped": false
            },
            {
              "title": "'The changes have been saved successfully.' message is displayed",
              "fullTitle": "The user is able to edit 'Address' in the 'Contact details' in the Company settings in the Councilbox 'The changes have been saved successfully.' message is displayed",
              "timedOut": null,
              "duration": 291,
              "state": "passed",
              "speed": "slow",
              "pass": true,
              "fail": false,
              "pending": false,
              "context": null,
              "code": "cy.contains('The changes have been saved successfully.');",
              "err": {},
              "uuid": "f9f5e176-3161-4b59-a56a-6c84056ca5ad",
              "parentUUID": "092c98ce-cf8d-46ff-bbe0-227da8df93c8",
              "isHook": false,
              "skipped": false
            }
          ],
          "suites": [],
          "passes": [
            "dacac46a-058c-4608-bec0-8ab83005c49e",
            "c00173b9-1830-4f99-8f3e-bf3c835d789c",
            "390c8733-d883-4678-a2e3-c4cd96e95abb",
            "f9f5e176-3161-4b59-a56a-6c84056ca5ad"
          ],
          "failures": [],
          "pending": [],
          "skipped": [],
          "duration": 6797,
          "root": false,
          "rootEmpty": false,
          "_timeout": 2000
        },
        {
          "uuid": "bcbfcf2c-e302-4389-a66f-d87ee5d3763a",
          "title": "The user is able to edit 'Town/City' in the 'Contact details' in the Company settings in the Councilbox",
          "fullFile": "",
          "file": "",
          "beforeHooks": [],
          "afterHooks": [],
          "tests": [
            {
              "title": "On the upper right corner click on the 'User icon' button",
              "fullTitle": "The user is able to edit 'Town/City' in the 'Contact details' in the Company settings in the Councilbox On the upper right corner click on the 'User icon' button",
              "timedOut": null,
              "duration": 5197,
              "state": "passed",
              "speed": "slow",
              "pass": true,
              "fail": false,
              "pending": false,
              "context": null,
              "code": "cy.wait(5000);\ncy.get('#user-menu-trigger').click();",
              "err": {},
              "uuid": "9c274f5e-fac3-4ac5-828d-84ddbe286a48",
              "parentUUID": "bcbfcf2c-e302-4389-a66f-d87ee5d3763a",
              "isHook": false,
              "skipped": false
            },
            {
              "title": "From the drop down menu click on 'Company' button",
              "fullTitle": "The user is able to edit 'Town/City' in the 'Contact details' in the Company settings in the Councilbox From the drop down menu click on 'Company' button",
              "timedOut": null,
              "duration": 159,
              "state": "passed",
              "speed": "slow",
              "pass": true,
              "fail": false,
              "pending": false,
              "context": null,
              "code": "cy.xpath('(//*[@role=\"menuitem\"])[9]').click();",
              "err": {},
              "uuid": "a33292fa-a418-499e-b98a-d31cc7f3d6ae",
              "parentUUID": "bcbfcf2c-e302-4389-a66f-d87ee5d3763a",
              "isHook": false,
              "skipped": false
            },
            {
              "title": "Modify the 'Town/City' field and click on the 'Save' button",
              "fullTitle": "The user is able to edit 'Town/City' in the 'Contact details' in the Company settings in the Councilbox Modify the 'Town/City' field and click on the 'Save' button",
              "timedOut": null,
              "duration": 1509,
              "state": "passed",
              "speed": "slow",
              "pass": true,
              "fail": false,
              "pending": false,
              "context": null,
              "code": "cy.get('#addSociedadLocalidad').clear().type(userID_Alpha() + Cypress.config('UniqueNumber'));\ncy.get('#save-button').click();",
              "err": {},
              "uuid": "52a9544c-4084-48c0-bdf7-927454d96e37",
              "parentUUID": "bcbfcf2c-e302-4389-a66f-d87ee5d3763a",
              "isHook": false,
              "skipped": false
            },
            {
              "title": "'The changes have been saved successfully.' message is displayed",
              "fullTitle": "The user is able to edit 'Town/City' in the 'Contact details' in the Company settings in the Councilbox 'The changes have been saved successfully.' message is displayed",
              "timedOut": null,
              "duration": 420,
              "state": "passed",
              "speed": "slow",
              "pass": true,
              "fail": false,
              "pending": false,
              "context": null,
              "code": "cy.contains('The changes have been saved successfully.');",
              "err": {},
              "uuid": "f3ba6f04-8ea2-465b-a458-19761ff44ad0",
              "parentUUID": "bcbfcf2c-e302-4389-a66f-d87ee5d3763a",
              "isHook": false,
              "skipped": false
            }
          ],
          "suites": [],
          "passes": [
            "9c274f5e-fac3-4ac5-828d-84ddbe286a48",
            "a33292fa-a418-499e-b98a-d31cc7f3d6ae",
            "52a9544c-4084-48c0-bdf7-927454d96e37",
            "f3ba6f04-8ea2-465b-a458-19761ff44ad0"
          ],
          "failures": [],
          "pending": [],
          "skipped": [],
          "duration": 7285,
          "root": false,
          "rootEmpty": false,
          "_timeout": 2000
        },
        {
          "uuid": "21feccd7-0677-4cfd-b4ea-0ba75ef85372",
          "title": "The user is able to edit 'Country' in the 'Contact details' in the Company settings in the Councilbox",
          "fullFile": "",
          "file": "",
          "beforeHooks": [],
          "afterHooks": [],
          "tests": [
            {
              "title": "On the upper right corner click on the 'User icon' button",
              "fullTitle": "The user is able to edit 'Country' in the 'Contact details' in the Company settings in the Councilbox On the upper right corner click on the 'User icon' button",
              "timedOut": null,
              "duration": 5197,
              "state": "passed",
              "speed": "slow",
              "pass": true,
              "fail": false,
              "pending": false,
              "context": null,
              "code": "cy.wait(5000);\ncy.get('#user-menu-trigger').click();",
              "err": {},
              "uuid": "b2609ba7-0fb5-4f2e-b88b-0453df13c310",
              "parentUUID": "21feccd7-0677-4cfd-b4ea-0ba75ef85372",
              "isHook": false,
              "skipped": false
            },
            {
              "title": "From the drop down menu click on 'Company' button",
              "fullTitle": "The user is able to edit 'Country' in the 'Contact details' in the Company settings in the Councilbox From the drop down menu click on 'Company' button",
              "timedOut": null,
              "duration": 188,
              "state": "passed",
              "speed": "slow",
              "pass": true,
              "fail": false,
              "pending": false,
              "context": null,
              "code": "cy.xpath('(//*[@role=\"menuitem\"])[9]').click();",
              "err": {},
              "uuid": "08cbd2a6-cb24-4978-9757-fbd4c3070be2",
              "parentUUID": "21feccd7-0677-4cfd-b4ea-0ba75ef85372",
              "isHook": false,
              "skipped": false
            },
            {
              "title": "Modify the 'Country' field and click on the 'Save' button",
              "fullTitle": "The user is able to edit 'Country' in the 'Contact details' in the Company settings in the Councilbox Modify the 'Country' field and click on the 'Save' button",
              "timedOut": null,
              "duration": 1876,
              "state": "passed",
              "speed": "slow",
              "pass": true,
              "fail": false,
              "pending": false,
              "context": null,
              "code": "cy.get('#company-country').click();\ncy.wait(1000);\ncy.xpath('(//*[@role=\"option\"])[1]').click();\ncy.get('#save-button').click();",
              "err": {},
              "uuid": "a3b997e7-605e-4090-85f5-85379cee7d65",
              "parentUUID": "21feccd7-0677-4cfd-b4ea-0ba75ef85372",
              "isHook": false,
              "skipped": false
            },
            {
              "title": "'The changes have been saved successfully.' message is displayed",
              "fullTitle": "The user is able to edit 'Country' in the 'Contact details' in the Company settings in the Councilbox 'The changes have been saved successfully.' message is displayed",
              "timedOut": null,
              "duration": 336,
              "state": "passed",
              "speed": "slow",
              "pass": true,
              "fail": false,
              "pending": false,
              "context": null,
              "code": "cy.contains('The changes have been saved successfully.');",
              "err": {},
              "uuid": "b782bdac-3df5-4ff8-bd0e-2e9bc9c4e083",
              "parentUUID": "21feccd7-0677-4cfd-b4ea-0ba75ef85372",
              "isHook": false,
              "skipped": false
            }
          ],
          "suites": [],
          "passes": [
            "b2609ba7-0fb5-4f2e-b88b-0453df13c310",
            "08cbd2a6-cb24-4978-9757-fbd4c3070be2",
            "a3b997e7-605e-4090-85f5-85379cee7d65",
            "b782bdac-3df5-4ff8-bd0e-2e9bc9c4e083"
          ],
          "failures": [],
          "pending": [],
          "skipped": [],
          "duration": 7597,
          "root": false,
          "rootEmpty": false,
          "_timeout": 2000
        },
        {
          "uuid": "363820d7-8452-4e27-9982-d3f2a757aa50",
          "title": "The user is able to edit 'Province' in the 'Contact details' in the Company settings in the Councilbox",
          "fullFile": "",
          "file": "",
          "beforeHooks": [],
          "afterHooks": [],
          "tests": [
            {
              "title": "On the upper right corner click on the 'User icon' button",
              "fullTitle": "The user is able to edit 'Province' in the 'Contact details' in the Company settings in the Councilbox On the upper right corner click on the 'User icon' button",
              "timedOut": null,
              "duration": 5236,
              "state": "passed",
              "speed": "slow",
              "pass": true,
              "fail": false,
              "pending": false,
              "context": null,
              "code": "cy.wait(5000);\ncy.get('#user-menu-trigger').click();",
              "err": {},
              "uuid": "39e05d8f-3ff8-45dc-9d16-c0f7c5364a1f",
              "parentUUID": "363820d7-8452-4e27-9982-d3f2a757aa50",
              "isHook": false,
              "skipped": false
            },
            {
              "title": "From the drop down menu click on 'Company' button",
              "fullTitle": "The user is able to edit 'Province' in the 'Contact details' in the Company settings in the Councilbox From the drop down menu click on 'Company' button",
              "timedOut": null,
              "duration": 177,
              "state": "passed",
              "speed": "slow",
              "pass": true,
              "fail": false,
              "pending": false,
              "context": null,
              "code": "cy.xpath('(//*[@role=\"menuitem\"])[9]').click();",
              "err": {},
              "uuid": "42819271-13a7-48fe-b2d9-7e97933cfda4",
              "parentUUID": "363820d7-8452-4e27-9982-d3f2a757aa50",
              "isHook": false,
              "skipped": false
            },
            {
              "title": "Modify the 'Province' field and click on the 'Save' button",
              "fullTitle": "The user is able to edit 'Province' in the 'Contact details' in the Company settings in the Councilbox Modify the 'Province' field and click on the 'Save' button",
              "timedOut": null,
              "duration": 2336,
              "state": "passed",
              "speed": "slow",
              "pass": true,
              "fail": false,
              "pending": false,
              "context": null,
              "code": "cy.get('#country-state-select').click();\ncy.wait(1000);\ncy.xpath('(//*[@role=\"option\"])[1]').click();\ncy.get('#save-button').click();",
              "err": {},
              "uuid": "0607a386-b527-4c05-8421-1d02fad41833",
              "parentUUID": "363820d7-8452-4e27-9982-d3f2a757aa50",
              "isHook": false,
              "skipped": false
            },
            {
              "title": "'The changes have been saved successfully.' message is displayed",
              "fullTitle": "The user is able to edit 'Province' in the 'Contact details' in the Company settings in the Councilbox 'The changes have been saved successfully.' message is displayed",
              "timedOut": null,
              "duration": 374,
              "state": "passed",
              "speed": "slow",
              "pass": true,
              "fail": false,
              "pending": false,
              "context": null,
              "code": "cy.contains('The changes have been saved successfully.');",
              "err": {},
              "uuid": "fecf173e-ea4f-439a-9f1c-65d1a3de9b09",
              "parentUUID": "363820d7-8452-4e27-9982-d3f2a757aa50",
              "isHook": false,
              "skipped": false
            }
          ],
          "suites": [],
          "passes": [
            "39e05d8f-3ff8-45dc-9d16-c0f7c5364a1f",
            "42819271-13a7-48fe-b2d9-7e97933cfda4",
            "0607a386-b527-4c05-8421-1d02fad41833",
            "fecf173e-ea4f-439a-9f1c-65d1a3de9b09"
          ],
          "failures": [],
          "pending": [],
          "skipped": [],
          "duration": 8123,
          "root": false,
          "rootEmpty": false,
          "_timeout": 2000
        },
        {
          "uuid": "64d26cd2-7238-4567-a0c0-a221592d647b",
          "title": "The user is able to edit 'Zipcode' in the 'Contact details' in the Company settings in the Councilbox",
          "fullFile": "",
          "file": "",
          "beforeHooks": [],
          "afterHooks": [],
          "tests": [
            {
              "title": "On the upper right corner click on the 'User icon' button",
              "fullTitle": "The user is able to edit 'Zipcode' in the 'Contact details' in the Company settings in the Councilbox On the upper right corner click on the 'User icon' button",
              "timedOut": null,
              "duration": 5205,
              "state": "passed",
              "speed": "slow",
              "pass": true,
              "fail": false,
              "pending": false,
              "context": null,
              "code": "cy.wait(5000);\ncy.get('#user-menu-trigger').click();",
              "err": {},
              "uuid": "9fe53334-802a-44b3-b9f8-06c1daf0f740",
              "parentUUID": "64d26cd2-7238-4567-a0c0-a221592d647b",
              "isHook": false,
              "skipped": false
            },
            {
              "title": "From the drop down menu click on 'Company' button",
              "fullTitle": "The user is able to edit 'Zipcode' in the 'Contact details' in the Company settings in the Councilbox From the drop down menu click on 'Company' button",
              "timedOut": null,
              "duration": 177,
              "state": "passed",
              "speed": "slow",
              "pass": true,
              "fail": false,
              "pending": false,
              "context": null,
              "code": "cy.xpath('(//*[@role=\"menuitem\"])[9]').click();",
              "err": {},
              "uuid": "92567b0f-1d8e-42a2-9a55-bf3dd542b206",
              "parentUUID": "64d26cd2-7238-4567-a0c0-a221592d647b",
              "isHook": false,
              "skipped": false
            },
            {
              "title": "Modify the 'Zipcodce' field and click on the 'Save' button",
              "fullTitle": "The user is able to edit 'Zipcode' in the 'Contact details' in the Company settings in the Councilbox Modify the 'Zipcodce' field and click on the 'Save' button",
              "timedOut": null,
              "duration": 906,
              "state": "passed",
              "speed": "slow",
              "pass": true,
              "fail": false,
              "pending": false,
              "context": null,
              "code": "cy.get('#addSociedadCP').clear().type(Cypress.config('UniqueNumber'));\ncy.get('#save-button').click();",
              "err": {},
              "uuid": "60fb55ba-e77e-4094-a27c-dd4f8a6e00b9",
              "parentUUID": "64d26cd2-7238-4567-a0c0-a221592d647b",
              "isHook": false,
              "skipped": false
            },
            {
              "title": "'The changes have been saved successfully.' message is displayed",
              "fullTitle": "The user is able to edit 'Zipcode' in the 'Contact details' in the Company settings in the Councilbox 'The changes have been saved successfully.' message is displayed",
              "timedOut": null,
              "duration": 368,
              "state": "passed",
              "speed": "slow",
              "pass": true,
              "fail": false,
              "pending": false,
              "context": null,
              "code": "cy.contains('The changes have been saved successfully.');",
              "err": {},
              "uuid": "e4379d74-cdc8-411b-9ead-0a879c09ff53",
              "parentUUID": "64d26cd2-7238-4567-a0c0-a221592d647b",
              "isHook": false,
              "skipped": false
            }
          ],
          "suites": [],
          "passes": [
            "9fe53334-802a-44b3-b9f8-06c1daf0f740",
            "92567b0f-1d8e-42a2-9a55-bf3dd542b206",
            "60fb55ba-e77e-4094-a27c-dd4f8a6e00b9",
            "e4379d74-cdc8-411b-9ead-0a879c09ff53"
          ],
          "failures": [],
          "pending": [],
          "skipped": [],
          "duration": 6656,
          "root": false,
          "rootEmpty": false,
          "_timeout": 2000
        },
        {
          "uuid": "091023f9-5ed5-4719-8b1b-5cbaa4b70f3c",
          "title": "The user is able to edit 'Language' in the 'Contact details' in the Company settings in the Councilbox",
          "fullFile": "",
          "file": "",
          "beforeHooks": [],
          "afterHooks": [],
          "tests": [
            {
              "title": "On the upper right corner click on the 'User icon' button",
              "fullTitle": "The user is able to edit 'Language' in the 'Contact details' in the Company settings in the Councilbox On the upper right corner click on the 'User icon' button",
              "timedOut": null,
              "duration": 5248,
              "state": "passed",
              "speed": "slow",
              "pass": true,
              "fail": false,
              "pending": false,
              "context": null,
              "code": "cy.wait(5000);\ncy.get('#user-menu-trigger').click();",
              "err": {},
              "uuid": "365258e4-062e-47d7-9e34-1397e278e207",
              "parentUUID": "091023f9-5ed5-4719-8b1b-5cbaa4b70f3c",
              "isHook": false,
              "skipped": false
            },
            {
              "title": "From the drop down menu click on 'Company' button",
              "fullTitle": "The user is able to edit 'Language' in the 'Contact details' in the Company settings in the Councilbox From the drop down menu click on 'Company' button",
              "timedOut": null,
              "duration": 192,
              "state": "passed",
              "speed": "slow",
              "pass": true,
              "fail": false,
              "pending": false,
              "context": null,
              "code": "cy.xpath('(//*[@role=\"menuitem\"])[9]').click();",
              "err": {},
              "uuid": "96088b57-51c4-459e-961f-e26f5ce34a1d",
              "parentUUID": "091023f9-5ed5-4719-8b1b-5cbaa4b70f3c",
              "isHook": false,
              "skipped": false
            },
            {
              "title": "Modify the 'Language' field and click on the 'Save' button",
              "fullTitle": "The user is able to edit 'Language' in the 'Contact details' in the Company settings in the Councilbox Modify the 'Language' field and click on the 'Save' button",
              "timedOut": null,
              "duration": 2271,
              "state": "passed",
              "speed": "slow",
              "pass": true,
              "fail": false,
              "pending": false,
              "context": null,
              "code": "cy.get('#company-language-select').click();\ncy.wait(1000);\ncy.xpath('(//*[@role=\"option\"])[1]').click();\ncy.get('#save-button').click();",
              "err": {},
              "uuid": "53880139-a451-4323-aff9-526cdaee53e1",
              "parentUUID": "091023f9-5ed5-4719-8b1b-5cbaa4b70f3c",
              "isHook": false,
              "skipped": false
            },
            {
              "title": "'The changes have been saved successfully.' message is displayed",
              "fullTitle": "The user is able to edit 'Language' in the 'Contact details' in the Company settings in the Councilbox 'The changes have been saved successfully.' message is displayed",
              "timedOut": null,
              "duration": 441,
              "state": "passed",
              "speed": "slow",
              "pass": true,
              "fail": false,
              "pending": false,
              "context": null,
              "code": "cy.contains('The changes have been saved successfully.');",
              "err": {},
              "uuid": "76cb270f-2639-47f7-bd55-d2fe60f9de0d",
              "parentUUID": "091023f9-5ed5-4719-8b1b-5cbaa4b70f3c",
              "isHook": false,
              "skipped": false
            }
          ],
          "suites": [],
          "passes": [
            "365258e4-062e-47d7-9e34-1397e278e207",
            "96088b57-51c4-459e-961f-e26f5ce34a1d",
            "53880139-a451-4323-aff9-526cdaee53e1",
            "76cb270f-2639-47f7-bd55-d2fe60f9de0d"
          ],
          "failures": [],
          "pending": [],
          "skipped": [],
          "duration": 8152,
          "root": false,
          "rootEmpty": false,
          "_timeout": 2000
        },
        {
          "uuid": "bbe8cb8a-4d26-4820-8d62-75d5eece5476",
          "title": "The user is able to add the 'Sole administrator' in the 'Company settings' section",
          "fullFile": "",
          "file": "",
          "beforeHooks": [],
          "afterHooks": [],
          "tests": [
            {
              "title": "On the upper right corner click on the 'User icon' button",
              "fullTitle": "The user is able to add the 'Sole administrator' in the 'Company settings' section On the upper right corner click on the 'User icon' button",
              "timedOut": null,
              "duration": 5196,
              "state": "passed",
              "speed": "slow",
              "pass": true,
              "fail": false,
              "pending": false,
              "context": null,
              "code": "cy.wait(5000);\ncy.get('#user-menu-trigger').click();",
              "err": {},
              "uuid": "c8b18649-d921-429f-ba16-7616a3265113",
              "parentUUID": "bbe8cb8a-4d26-4820-8d62-75d5eece5476",
              "isHook": false,
              "skipped": false
            },
            {
              "title": "From the drop down menu click on 'Company' button",
              "fullTitle": "The user is able to add the 'Sole administrator' in the 'Company settings' section From the drop down menu click on 'Company' button",
              "timedOut": null,
              "duration": 182,
              "state": "passed",
              "speed": "slow",
              "pass": true,
              "fail": false,
              "pending": false,
              "context": null,
              "code": "cy.xpath('(//*[@role=\"menuitem\"])[9]').click();",
              "err": {},
              "uuid": "336da47e-1050-430f-86d2-d14fdac0e05d",
              "parentUUID": "bbe8cb8a-4d26-4820-8d62-75d5eece5476",
              "isHook": false,
              "skipped": false
            },
            {
              "title": "Navigate to the 'None' button and click on it",
              "fullTitle": "The user is able to add the 'Sole administrator' in the 'Company settings' section Navigate to the 'None' button and click on it",
              "timedOut": null,
              "duration": 335,
              "state": "passed",
              "speed": "slow",
              "pass": true,
              "fail": false,
              "pending": false,
              "context": null,
              "code": "cy.get('#company-governing-body-select').click();",
              "err": {},
              "uuid": "77618420-b819-4de6-a562-adf18402bf2f",
              "parentUUID": "bbe8cb8a-4d26-4820-8d62-75d5eece5476",
              "isHook": false,
              "skipped": false
            },
            {
              "title": "From the dropdown menu choose and click on the 'Sole administrator' button and after that populate all required fields",
              "fullTitle": "The user is able to add the 'Sole administrator' in the 'Company settings' section From the dropdown menu choose and click on the 'Sole administrator' button and after that populate all required fields",
              "timedOut": null,
              "duration": 3948,
              "state": "passed",
              "speed": "slow",
              "pass": true,
              "fail": false,
              "pending": false,
              "context": null,
              "code": "cy.get('#governing-body-1').click();\ncy.wait(1000);\ncy.get('#single-admin-name').clear().type(userID_Alpha());\ncy.get('#single-admin-dni').clear().type(Cypress.config('UniqueNumber'));\ncy.get('#single-admin-email').clear().type('alem' + Cypress.config('UniqueNumber') + '@yopmail.com');\ncy.get('#single-admin-phone').clear().type(Cypress.config('UniqueNumber'));",
              "err": {},
              "uuid": "d94a9414-57fa-4ad1-9eb0-830c7d9cc5da",
              "parentUUID": "bbe8cb8a-4d26-4820-8d62-75d5eece5476",
              "isHook": false,
              "skipped": false
            },
            {
              "title": "Click on the “Save” button",
              "fullTitle": "The user is able to add the 'Sole administrator' in the 'Company settings' section Click on the “Save” button",
              "timedOut": null,
              "duration": 141,
              "state": "passed",
              "speed": "slow",
              "pass": true,
              "fail": false,
              "pending": false,
              "context": null,
              "code": "cy.get('#save-button').click();",
              "err": {},
              "uuid": "ca78c2b7-57fa-4fd0-8a85-57dc0baf8dc0",
              "parentUUID": "bbe8cb8a-4d26-4820-8d62-75d5eece5476",
              "isHook": false,
              "skipped": false
            },
            {
              "title": "Back to Home page",
              "fullTitle": "The user is able to add the 'Sole administrator' in the 'Company settings' section Back to Home page",
              "timedOut": null,
              "duration": 2961,
              "state": "passed",
              "speed": "slow",
              "pass": true,
              "fail": false,
              "pending": false,
              "context": null,
              "code": "cy.visit(login_url);",
              "err": {},
              "uuid": "fa78f6d3-b552-46d3-aaef-4c0d07b3e762",
              "parentUUID": "bbe8cb8a-4d26-4820-8d62-75d5eece5476",
              "isHook": false,
              "skipped": false
            }
          ],
          "suites": [],
          "passes": [
            "c8b18649-d921-429f-ba16-7616a3265113",
            "336da47e-1050-430f-86d2-d14fdac0e05d",
            "77618420-b819-4de6-a562-adf18402bf2f",
            "d94a9414-57fa-4ad1-9eb0-830c7d9cc5da",
            "ca78c2b7-57fa-4fd0-8a85-57dc0baf8dc0",
            "fa78f6d3-b552-46d3-aaef-4c0d07b3e762"
          ],
          "failures": [],
          "pending": [],
          "skipped": [],
          "duration": 12763,
          "root": false,
          "rootEmpty": false,
          "_timeout": 2000
        },
        {
          "uuid": "90ccf6f8-16c3-4f4f-96ed-c50818c42ed3",
          "title": "The user is able to add the 'Boards of directors' in the 'Company Settings' section",
          "fullFile": "",
          "file": "",
          "beforeHooks": [],
          "afterHooks": [],
          "tests": [
            {
              "title": "On the upper right corner click on the 'User icon' button",
              "fullTitle": "The user is able to add the 'Boards of directors' in the 'Company Settings' section On the upper right corner click on the 'User icon' button",
              "timedOut": null,
              "duration": 5256,
              "state": "passed",
              "speed": "slow",
              "pass": true,
              "fail": false,
              "pending": false,
              "context": null,
              "code": "cy.wait(5000);\ncy.get('#user-menu-trigger').click();",
              "err": {},
              "uuid": "32728010-57a3-43e8-8337-7ad1970f4a58",
              "parentUUID": "90ccf6f8-16c3-4f4f-96ed-c50818c42ed3",
              "isHook": false,
              "skipped": false
            },
            {
              "title": "From the drop down menu click on 'Company' button",
              "fullTitle": "The user is able to add the 'Boards of directors' in the 'Company Settings' section From the drop down menu click on 'Company' button",
              "timedOut": null,
              "duration": 156,
              "state": "passed",
              "speed": "slow",
              "pass": true,
              "fail": false,
              "pending": false,
              "context": null,
              "code": "cy.xpath('(//*[@role=\"menuitem\"])[9]').click();",
              "err": {},
              "uuid": "c689e6e4-e88d-45a9-ac3b-a36d91077629",
              "parentUUID": "90ccf6f8-16c3-4f4f-96ed-c50818c42ed3",
              "isHook": false,
              "skipped": false
            },
            {
              "title": "Navigate to the 'None' button and click on it",
              "fullTitle": "The user is able to add the 'Boards of directors' in the 'Company Settings' section Navigate to the 'None' button and click on it",
              "timedOut": null,
              "duration": 332,
              "state": "passed",
              "speed": "slow",
              "pass": true,
              "fail": false,
              "pending": false,
              "context": null,
              "code": "cy.get('#company-governing-body-select').click();",
              "err": {},
              "uuid": "0ed20ec7-3c42-4f8b-bb8e-19fd623f471f",
              "parentUUID": "90ccf6f8-16c3-4f4f-96ed-c50818c42ed3",
              "isHook": false,
              "skipped": false
            },
            {
              "title": "From the dropdown menu choose and click on the 'Boards of directors' button and after that populate all required fields",
              "fullTitle": "The user is able to add the 'Boards of directors' in the 'Company Settings' section From the dropdown menu choose and click on the 'Boards of directors' button and after that populate all required fields",
              "timedOut": null,
              "duration": 6304,
              "state": "passed",
              "speed": "slow",
              "pass": true,
              "fail": false,
              "pending": false,
              "context": null,
              "code": "cy.get('#governing-body-5').click();\ncy.wait(1000);\ncy.get('#list-admin-add-button').click();\ncy.get('#list-admin-name').clear().type(userID_Alpha());\ncy.get('#list-admin-surname').clear().type(userID_Alpha());\ncy.get('#list-admin-dni').clear().type(Cypress.config('UniqueNumber'));\ncy.get('#list-admin-email').clear().type('alem' + Cypress.config('UniqueNumber') + '@yopmail.com');\ncy.get('#list-admin-position').clear().type(userID_Alpha());\ncy.get('#list-admin-date').clear().type(Cypress.config('UniqueNumber'));\ncy.get('#list-admin-length').clear().type(Cypress.config('UniqueNumber'));",
              "err": {},
              "uuid": "1a3c4761-d8ad-4977-8c2f-8d5dabe6c711",
              "parentUUID": "90ccf6f8-16c3-4f4f-96ed-c50818c42ed3",
              "isHook": false,
              "skipped": false
            },
            {
              "title": "Click on the “Save” button",
              "fullTitle": "The user is able to add the 'Boards of directors' in the 'Company Settings' section Click on the “Save” button",
              "timedOut": null,
              "duration": 4742,
              "state": "failed",
              "speed": null,
              "pass": false,
              "fail": true,
              "pending": false,
              "context": null,
              "code": "cy.get('#save-button').click();",
              "err": {
                "message": "CypressError: Timed out retrying: `cy.click()` failed because this element is not visible:\n\n`<button tabindex=\"0\" class=\"jss502 jss505 jss510\" type=\"button\" id=\"save-button\" style=\"text-transform: none; background-color: rgb(125, 33, 128); float: right; outline: 0px; cursor: pointer; margin-right: 1.2em; color: white; font-weight: 700;\">...</button>`\n\nThis element `<button#save-button.jss502.jss505.jss510>` is not visible because it has CSS property: `position: fixed` and it's being covered by another element:\n\n`<div style=\"background-color: rgb(245, 245, 245); height: 100%; overflow: hidden; width: 100%;\">...</div>`\n\nFix this problem, or use `{force: true}` to disable error checking.\n\nhttps://on.cypress.io/element-cannot-be-interacted-with",
                "estack": "CypressError: Timed out retrying: `cy.click()` failed because this element is not visible:\n\n`<button tabindex=\"0\" class=\"jss502 jss505 jss510\" type=\"button\" id=\"save-button\" style=\"text-transform: none; background-color: rgb(125, 33, 128); float: right; outline: 0px; cursor: pointer; margin-right: 1.2em; color: white; font-weight: 700;\">...</button>`\n\nThis element `<button#save-button.jss502.jss505.jss510>` is not visible because it has CSS property: `position: fixed` and it's being covered by another element:\n\n`<div style=\"background-color: rgb(245, 245, 245); height: 100%; overflow: hidden; width: 100%;\">...</div>`\n\nFix this problem, or use `{force: true}` to disable error checking.\n\nhttps://on.cypress.io/element-cannot-be-interacted-with\n    at cypressErr (https://app.dev.councilbox.com/__cypress/runner/cypress_runner.js:146621:16)\n    at cypressErrByPath (https://app.dev.councilbox.com/__cypress/runner/cypress_runner.js:146630:10)\n    at Object.throwErrByPath (https://app.dev.councilbox.com/__cypress/runner/cypress_runner.js:146593:11)\n    at Object.ensureVisibility (https://app.dev.councilbox.com/__cypress/runner/cypress_runner.js:137599:24)\n    at runAllChecks (https://app.dev.councilbox.com/__cypress/runner/cypress_runner.js:127499:14)\n    at retryActionability (https://app.dev.councilbox.com/__cypress/runner/cypress_runner.js:127542:16)\n    at tryCatcher (https://app.dev.councilbox.com/__cypress/runner/cypress_runner.js:9065:23)\n    at Function.Promise.attempt.Promise.try (https://app.dev.councilbox.com/__cypress/runner/cypress_runner.js:6339:29)\n    at tryFn (https://app.dev.councilbox.com/__cypress/runner/cypress_runner.js:140680:21)\n    at whenStable (https://app.dev.councilbox.com/__cypress/runner/cypress_runner.js:140715:12)\n    at https://app.dev.councilbox.com/__cypress/runner/cypress_runner.js:140259:16\n    at tryCatcher (https://app.dev.councilbox.com/__cypress/runner/cypress_runner.js:9065:23)\n    at Promise._settlePromiseFromHandler (https://app.dev.councilbox.com/__cypress/runner/cypress_runner.js:7000:31)\n    at Promise._settlePromise (https://app.dev.councilbox.com/__cypress/runner/cypress_runner.js:7057:18)\n    at Promise._settlePromise0 (https://app.dev.councilbox.com/__cypress/runner/cypress_runner.js:7102:10)\n    at Promise._settlePromises (https://app.dev.councilbox.com/__cypress/runner/cypress_runner.js:7182:18)",
                "diff": null
              },
              "uuid": "06053311-2a1b-4007-b54c-df6b595a2ab4",
              "parentUUID": "90ccf6f8-16c3-4f4f-96ed-c50818c42ed3",
              "isHook": false,
              "skipped": false
            },
            {
              "title": "Back to Home page",
              "fullTitle": "The user is able to add the 'Boards of directors' in the 'Company Settings' section Back to Home page",
              "timedOut": null,
              "duration": 3200,
              "state": "passed",
              "speed": "slow",
              "pass": true,
              "fail": false,
              "pending": false,
              "context": null,
              "code": "cy.visit(login_url);",
              "err": {},
              "uuid": "5573dc31-2afd-449d-90cf-cc11d1ff8da8",
              "parentUUID": "90ccf6f8-16c3-4f4f-96ed-c50818c42ed3",
              "isHook": false,
              "skipped": false
            }
          ],
          "suites": [],
          "passes": [
            "32728010-57a3-43e8-8337-7ad1970f4a58",
            "c689e6e4-e88d-45a9-ac3b-a36d91077629",
            "0ed20ec7-3c42-4f8b-bb8e-19fd623f471f",
            "1a3c4761-d8ad-4977-8c2f-8d5dabe6c711",
            "5573dc31-2afd-449d-90cf-cc11d1ff8da8"
          ],
          "failures": [
            "06053311-2a1b-4007-b54c-df6b595a2ab4"
          ],
          "pending": [],
          "skipped": [],
          "duration": 19990,
[...]
                "diff": null
              },
              "uuid": "ff740a23-2fec-45bb-bfaf-a70a4b6ae76b",
              "parentUUID": "658f36ec-d638-4c31-8488-e2f4386e4f72",
              "isHook": false,
              "skipped": false
            },
            {
              "title": "Back to Home page",
              "fullTitle": "The user is able to add the 'Solidarity administrators' in the 'Company Settings' section Back to Home page",
              "timedOut": null,
              "duration": 2825,
              "state": "passed",
              "speed": "slow",
              "pass": true,
              "fail": false,
              "pending": false,
              "context": null,
              "code": "cy.visit(login_url);",
              "err": {},
              "uuid": "b4a6a942-a00f-4a54-8aff-b412375c13ea",
              "parentUUID": "658f36ec-d638-4c31-8488-e2f4386e4f72",
              "isHook": false,
              "skipped": false
            }
          ],
          "suites": [],
          "passes": [
            "f2d9ce4b-c5d9-4725-abe4-62a54f476eec",
            "3c09ab0a-99ae-4598-ac0c-4b1b550d43e5",
            "23372457-fd53-4acf-9bc3-81f72ced0e33",
            "a0097111-3916-43f4-8cfc-3f581be63963",
            "b4a6a942-a00f-4a54-8aff-b412375c13ea"
          ],
          "failures": [
            "ff740a23-2fec-45bb-bfaf-a70a4b6ae76b"
          ],
          "pending": [],
          "skipped": [],
          "duration": 21420,
          "root": false,
          "rootEmpty": false,
          "_timeout": 2000
        },
        {
          "uuid": "6ab82f47-48bb-4e92-9184-17d40b23bdc1",
          "title": "The user is able to add the 'Joint administrators' in the 'Add company' section",
          "fullFile": "",
          "file": "",
          "beforeHooks": [],
          "afterHooks": [],
          "tests": [
            {
              "title": "On the upper right corner click on the 'User icon' button",
              "fullTitle": "The user is able to add the 'Joint administrators' in the 'Add company' section On the upper right corner click on the 'User icon' button",
              "timedOut": null,
              "duration": 5238,
              "state": "passed",
              "speed": "slow",
              "pass": true,
              "fail": false,
              "pending": false,
              "context": null,
              "code": "cy.wait(5000);\ncy.get('#user-menu-trigger').click();",
              "err": {},
              "uuid": "2b747ff5-76c0-454c-97f3-4395a4cff481",
              "parentUUID": "6ab82f47-48bb-4e92-9184-17d40b23bdc1",
              "isHook": false,
              "skipped": false
            },
            {
              "title": "From the drop down menu click on 'Company' button",
              "fullTitle": "The user is able to add the 'Joint administrators' in the 'Add company' section From the drop down menu click on 'Company' button",
              "timedOut": null,
              "duration": 164,
              "state": "passed",
              "speed": "slow",
              "pass": true,
              "fail": false,
              "pending": false,
              "context": null,
              "code": "cy.xpath('(//*[@role=\"menuitem\"])[9]').click();",
              "err": {},
              "uuid": "a5999188-fe4f-4f49-9661-a8df6bc35c75",
              "parentUUID": "6ab82f47-48bb-4e92-9184-17d40b23bdc1",
              "isHook": false,
              "skipped": false
            },
            {
              "title": "Navigate to the 'None' button and click on it",
              "fullTitle": "The user is able to add the 'Joint administrators' in the 'Add company' section Navigate to the 'None' button and click on it",
              "timedOut": null,
              "duration": 339,
              "state": "passed",
              "speed": "slow",
              "pass": true,
              "fail": false,
              "pending": false,
              "context": null,
              "code": "cy.get('#company-governing-body-select').click();",
              "err": {},
              "uuid": "4b19b797-19d6-4058-9dd5-07f4a65ee337",
              "parentUUID": "6ab82f47-48bb-4e92-9184-17d40b23bdc1",
              "isHook": false,
              "skipped": false
            },
            {
              "title": "From the dropdown menu choose and click on the 'Joint administrators' button and after that populate all required fields",
              "fullTitle": "The user is able to add the 'Joint administrators' in the 'Add company' section From the dropdown menu choose and click on the 'Joint administrators' button and after that populate all required fields",
              "timedOut": null,
              "duration": 6457,
              "state": "passed",
              "speed": "slow",
              "pass": true,
              "fail": false,
              "pending": false,
              "context": null,
              "code": "cy.get('#governing-body-3').click();\ncy.wait(1000);\ncy.get('#list-admin-add-button').click();\ncy.get('#list-admin-name').clear().type(userID_Alpha());\ncy.get('#list-admin-surname').clear().type(userID_Alpha());\ncy.get('#list-admin-dni').clear().type(Cypress.config('UniqueNumber'));\ncy.get('#list-admin-email').clear().type('alem' + Cypress.config('UniqueNumber') + '@yopmail.com');\ncy.get('#list-admin-position').clear().type(userID_Alpha());\ncy.get('#list-admin-date').clear().type(Cypress.config('UniqueNumber'));\ncy.get('#list-admin-length').clear().type(Cypress.config('UniqueNumber'));",
              "err": {},
              "uuid": "b15d2f37-a873-4f74-aa05-fd7ef0bc2464",
              "parentUUID": "6ab82f47-48bb-4e92-9184-17d40b23bdc1",
              "isHook": false,
              "skipped": false
            },
            {
              "title": "Click on the “Save” button",
              "fullTitle": "The user is able to add the 'Joint administrators' in the 'Add company' section Click on the “Save” button",
              "timedOut": null,
              "duration": 4552,
              "state": "failed",
              "speed": null,
              "pass": false,
              "fail": true,
              "pending": false,
              "context": null,
              "code": "cy.get('#save-button').click();",
              "err": {
                "message": "CypressError: Timed out retrying: `cy.click()` failed because this element is not visible:\n\n`<button tabindex=\"0\" class=\"jss502 jss505 jss510\" type=\"button\" id=\"save-button\" style=\"text-transform: none; background-color: rgb(125, 33, 128); float: right; outline: 0px; cursor: pointer; margin-right: 1.2em; color: white; font-weight: 700;\">...</button>`\n\nThis element `<button#save-button.jss502.jss505.jss510>` is not visible because it has CSS property: `position: fixed` and it's being covered by another element:\n\n`<div style=\"background-color: rgb(245, 245, 245); height: 100%; overflow: hidden; width: 100%;\">...</div>`\n\nFix this problem, or use `{force: true}` to disable error checking.\n\nhttps://on.cypress.io/element-cannot-be-interacted-with",
                "estack": "CypressError: Timed out retrying: `cy.click()` failed because this element is not visible:\n\n`<button tabindex=\"0\" class=\"jss502 jss505 jss510\" type=\"button\" id=\"save-button\" style=\"text-transform: none; background-color: rgb(125, 33, 128); float: right; outline: 0px; cursor: pointer; margin-right: 1.2em; color: white; font-weight: 700;\">...</button>`\n\nThis element `<button#save-button.jss502.jss505.jss510>` is not visible because it has CSS property: `position: fixed` and it's being covered by another element:\n\n`<div style=\"background-color: rgb(245, 245, 245); height: 100%; overflow: hidden; width: 100%;\">...</div>`\n\nFix this problem, or use `{force: true}` to disable error checking.\n\nhttps://on.cypress.io/element-cannot-be-interacted-with\n    at cypressErr (https://app.dev.councilbox.com/__cypress/runner/cypress_runner.js:146621:16)\n    at cypressErrByPath (https://app.dev.councilbox.com/__cypress/runner/cypress_runner.js:146630:10)\n    at Object.throwErrByPath (https://app.dev.councilbox.com/__cypress/runner/cypress_runner.js:146593:11)\n    at Object.ensureVisibility (https://app.dev.councilbox.com/__cypress/runner/cypress_runner.js:137599:24)\n    at runAllChecks (https://app.dev.councilbox.com/__cypress/runner/cypress_runner.js:127499:14)\n    at retryActionability (https://app.dev.councilbox.com/__cypress/runner/cypress_runner.js:127542:16)\n    at tryCatcher (https://app.dev.councilbox.com/__cypress/runner/cypress_runner.js:9065:23)\n    at Function.Promise.attempt.Promise.try (https://app.dev.councilbox.com/__cypress/runner/cypress_runner.js:6339:29)\n    at tryFn (https://app.dev.councilbox.com/__cypress/runner/cypress_runner.js:140680:21)\n    at whenStable (https://app.dev.councilbox.com/__cypress/runner/cypress_runner.js:140715:12)\n    at https://app.dev.councilbox.com/__cypress/runner/cypress_runner.js:140259:16\n    at tryCatcher (https://app.dev.councilbox.com/__cypress/runner/cypress_runner.js:9065:23)\n    at Promise._settlePromiseFromHandler (https://app.dev.councilbox.com/__cypress/runner/cypress_runner.js:7000:31)\n    at Promise._settlePromise (https://app.dev.councilbox.com/__cypress/runner/cypress_runner.js:7057:18)\n    at Promise._settlePromise0 (https://app.dev.councilbox.com/__cypress/runner/cypress_runner.js:7102:10)\n    at Promise._settlePromises (https://app.dev.councilbox.com/__cypress/runner/cypress_runner.js:7182:18)",
                "diff": null
              },
              "uuid": "338a9169-6681-432e-b9eb-fe1e41e37a30",
              "parentUUID": "6ab82f47-48bb-4e92-9184-17d40b23bdc1",
              "isHook": false,
              "skipped": false
            },
            {
              "title": "Back to Home page",
              "fullTitle": "The user is able to add the 'Joint administrators' in the 'Add company' section Back to Home page",
              "timedOut": null,
              "duration": 2726,
              "state": "passed",
              "speed": "slow",
              "pass": true,
              "fail": false,
              "pending": false,
              "context": null,
              "code": "cy.visit(login_url);",
              "err": {},
              "uuid": "81fc5488-71df-4f60-8051-c7c247cd0ce6",
              "parentUUID": "6ab82f47-48bb-4e92-9184-17d40b23bdc1",
              "isHook": false,
              "skipped": false
            }
          ],
          "suites": [],
          "passes": [
            "2b747ff5-76c0-454c-97f3-4395a4cff481",
            "a5999188-fe4f-4f49-9661-a8df6bc35c75",
            "4b19b797-19d6-4058-9dd5-07f4a65ee337",
            "b15d2f37-a873-4f74-aa05-fd7ef0bc2464",
            "81fc5488-71df-4f60-8051-c7c247cd0ce6"
          ],
          "failures": [
            "338a9169-6681-432e-b9eb-fe1e41e37a30"
          ],
          "pending": [],
          "skipped": [],
          "duration": 19476,
          "root": false,
          "rootEmpty": false,
          "_timeout": 2000
        },
        {
          "uuid": "de2fd5f5-2504-4eab-add8-b7aef9d8d413",
          "title": "The user is able to add the 'Sole administrator, legal entity' in the 'Add company' section",
          "fullFile": "",
          "file": "",
          "beforeHooks": [],
          "afterHooks": [],
          "tests": [
            {
              "title": "On the upper right corner click on the 'User icon' button",
              "fullTitle": "The user is able to add the 'Sole administrator, legal entity' in the 'Add company' section On the upper right corner click on the 'User icon' button",
              "timedOut": null,
              "duration": 5297,
              "state": "passed",
              "speed": "slow",
              "pass": true,
              "fail": false,
              "pending": false,
              "context": null,
              "code": "cy.wait(5000);\ncy.get('#user-menu-trigger').click();",
              "err": {},
              "uuid": "7b8d8a10-0523-4b78-ad1c-278586b6388f",
              "parentUUID": "de2fd5f5-2504-4eab-add8-b7aef9d8d413",
              "isHook": false,
              "skipped": false
            },
            {
              "title": "From the drop down menu click on 'Company' button",
              "fullTitle": "The user is able to add the 'Sole administrator, legal entity' in the 'Add company' section From the drop down menu click on 'Company' button",
              "timedOut": null,
              "duration": 158,
              "state": "passed",
              "speed": "slow",
              "pass": true,
              "fail": false,
              "pending": false,
              "context": null,
              "code": "cy.xpath('(//*[@role=\"menuitem\"])[9]').click();",
              "err": {},
              "uuid": "47fb1a40-e25c-4338-92ca-a4d9312a1cbd",
              "parentUUID": "de2fd5f5-2504-4eab-add8-b7aef9d8d413",
              "isHook": false,
              "skipped": false
            },
            {
              "title": "Navigate to the 'None' button and click on it",
              "fullTitle": "The user is able to add the 'Sole administrator, legal entity' in the 'Add company' section Navigate to the 'None' button and click on it",
              "timedOut": null,
              "duration": 351,
              "state": "passed",
              "speed": "slow",
              "pass": true,
              "fail": false,
              "pending": false,
              "context": null,
              "code": "cy.get('#company-governing-body-select').click();",
              "err": {},
              "uuid": "12b315d5-21a8-45a0-8c5f-edbe763415f5",
              "parentUUID": "de2fd5f5-2504-4eab-add8-b7aef9d8d413",
              "isHook": false,
              "skipped": false
            },
            {
              "title": "From the dropdown menu choose and click on the 'Sole administrator, legal entity' button and after that populate all required fields",
              "fullTitle": "The user is able to add the 'Sole administrator, legal entity' in the 'Add company' section From the dropdown menu choose and click on the 'Sole administrator, legal entity' button and after that populate all required fields",
              "timedOut": null,
              "duration": 5069,
              "state": "passed",
              "speed": "slow",
              "pass": true,
              "fail": false,
              "pending": false,
              "context": null,
              "code": "cy.get('#governing-body-2').click();\ncy.wait(1000);\ncy.get('#entity-admin-entity-name').clear().type(userID_Alpha());\ncy.get('#entity-admin-name').clear().type(userID_Alpha());\ncy.get('#entity-admin-dni').clear().type(Cypress.config('UniqueNumber'));\ncy.get('#entity-admin-email').clear().type('alem' + Cypress.config('UniqueNumber') + '@yopmail.com');\ncy.get('#entity-admin-phone').clear().type(Cypress.config('UniqueNumber'));",
              "err": {},
              "uuid": "ef506adc-f913-43fc-85ca-c185d98522b8",
              "parentUUID": "de2fd5f5-2504-4eab-add8-b7aef9d8d413",
              "isHook": false,
              "skipped": false
            },
            {
              "title": "Click on the “Save” button",
              "fullTitle": "The user is able to add the 'Sole administrator, legal entity' in the 'Add company' section Click on the “Save” button",
              "timedOut": null,
              "duration": 154,
              "state": "passed",
              "speed": "slow",
              "pass": true,
              "fail": false,
              "pending": false,
              "context": null,
              "code": "cy.get('#save-button').click();",
              "err": {},
              "uuid": "3e853311-5301-4988-9e8e-1e3b2b186972",
              "parentUUID": "de2fd5f5-2504-4eab-add8-b7aef9d8d413",
              "isHook": false,
              "skipped": false
            },
            {
              "title": "Back to Home page",
              "fullTitle": "The user is able to add the 'Sole administrator, legal entity' in the 'Add company' section Back to Home page",
              "timedOut": null,
              "duration": 2839,
              "state": "passed",
              "speed": "slow",
              "pass": true,
              "fail": false,
              "pending": false,
              "context": null,
              "code": "cy.visit(login_url);",
              "err": {},
              "uuid": "8ad639b2-fea2-4e19-994f-032cae030f35",
              "parentUUID": "de2fd5f5-2504-4eab-add8-b7aef9d8d413",
              "isHook": false,
              "skipped": false
            }
          ],
          "suites": [],
          "passes": [
            "7b8d8a10-0523-4b78-ad1c-278586b6388f",
            "47fb1a40-e25c-4338-92ca-a4d9312a1cbd",
            "12b315d5-21a8-45a0-8c5f-edbe763415f5",
            "ef506adc-f913-43fc-85ca-c185d98522b8",
            "3e853311-5301-4988-9e8e-1e3b2b186972",
            "8ad639b2-fea2-4e19-994f-032cae030f35"
          ],
          "failures": [],
          "pending": [],
          "skipped": [],
          "duration": 13868,
          "root": false,
          "rootEmpty": false,
          "_timeout": 2000
        }
      ],
      "passes": [],
      "failures": [],
      "pending": [],
      "skipped": [],
      "duration": 0,
      "root": true,
      "rootEmpty": true,
      "_timeout": 2000
    }
  ],
  "meta": {
    "mocha": {
      "version": "7.0.1"
    },
    "mochawesome": {
      "options": {
        "quiet": false,
        "reportFilename": "mochawesome",
        "saveHtml": false,
        "saveJson": true,
        "consoleReporter": "spec",
        "useInlineDiffs": false,
        "code": true
      },
      "version": "6.2.2"
    },
    "marge": {
      "options": {
        "id": "default",
        "reportDir": "cypress/reports/mocha",
        "quite": true,
        "overwrite": false,
        "html": false,
        "json": true
      },
      "version": "5.2.0"
    }
  }
}