{
  "stats": {
    "suites": 2,
    "tests": 7,
    "passes": 6,
    "pending": 0,
    "failures": 1,
    "start": "2022-02-16T13:13:32.403Z",
    "end": "2022-02-16T13:14:40.080Z",
    "duration": 67677,
    "testsRegistered": 7,
    "passPercent": 85.71428571428571,
    "pendingPercent": 0,
    "other": 0,
    "hasOther": false,
    "skipped": 0,
    "hasSkipped": false
  },
  "results": [
    {
      "uuid": "f0146545-751b-4742-beb8-0b59fbc52bc4",
      "title": "",
      "fullFile": "cypress\\integration\\1.Smoke\\8.Start_Test_Conference_section.js",
      "file": "cypress\\integration\\1.Smoke\\8.Start_Test_Conference_section.js",
      "beforeHooks": [],
      "afterHooks": [],
      "tests": [],
      "suites": [
        {
          "uuid": "18e52df7-4542-44e5-86bd-73b086aec199",
          "title": "Councilbox login - valid username and password",
          "fullFile": "",
          "file": "",
          "beforeHooks": [],
          "afterHooks": [],
          "tests": [
            {
              "title": "Visits the Councilbox web page",
              "fullTitle": "Councilbox login - valid username and password Visits the Councilbox web page",
              "timedOut": null,
              "duration": 3658,
              "state": "passed",
              "speed": "slow",
              "pass": true,
              "fail": false,
              "pending": false,
              "context": null,
              "code": "cy.visit(login_url);",
              "err": {},
              "uuid": "f63a0a1f-e8aa-48f3-958e-ec599433d97f",
              "parentUUID": "18e52df7-4542-44e5-86bd-73b086aec199",
              "isHook": false,
              "skipped": false
            },
            {
              "title": "Change language to Spanish",
              "fullTitle": "Councilbox login - valid username and password Change language to Spanish",
              "timedOut": null,
              "duration": 30417,
              "state": "failed",
              "speed": null,
              "pass": false,
              "fail": true,
              "pending": false,
              "context": "{\n  \"title\": \"Failed screenshot\",\n  \"value\": \"screenshots\\\\1.Smoke\\\\8.Start_Test_Conference_section.js\\\\Councilbox login - valid username and password -- Change language to Spanish (failed).png\"\n}",
              "code": "cy.contains('EN').click();\ncy.contains('ES').click();",
              "err": {
                "message": "AssertionError: Timed out retrying: Expected to find content: 'EN' but never did.",
                "estack": "AssertionError: Timed out retrying: Expected to find content: 'EN' but never did.\n    at Context.eval (https://app.dev.councilbox.com/__cypress/tests?p=cypress\\integration\\1.Smoke\\8.Start_Test_Conference_section.js:14:8)",
                "diff": null
              },
              "uuid": "593a29e4-af3b-4145-93d5-414c9bb0dbf0",
              "parentUUID": "18e52df7-4542-44e5-86bd-73b086aec199",
              "isHook": false,
              "skipped": false
            },
            {
              "title": "Enters email address",
              "fullTitle": "Councilbox login - valid username and password Enters email address",
              "timedOut": null,
              "duration": 621,
              "state": "passed",
              "speed": "slow",
              "pass": true,
              "fail": false,
              "pending": false,
              "context": null,
              "code": "cy.get('#username').clear().type('alem@qaengineers.net').should(\"have.value\", 'alem@qaengineers.net');",
              "err": {},
              "uuid": "8173f6f6-1dae-4017-ac7e-284dfb40a407",
              "parentUUID": "18e52df7-4542-44e5-86bd-73b086aec199",
              "isHook": false,
              "skipped": false
            },
            {
              "title": "Enters password",
              "fullTitle": "Councilbox login - valid username and password Enters password",
              "timedOut": null,
              "duration": 417,
              "state": "passed",
              "speed": "slow",
              "pass": true,
              "fail": false,
              "pending": false,
              "context": null,
              "code": "cy.get('#password').clear().type('Mostar123!').should(\"have.value\", 'Mostar123!');",
              "err": {},
              "uuid": "5d3925e2-b74d-45e6-bfbf-bfb440078400",
              "parentUUID": "18e52df7-4542-44e5-86bd-73b086aec199",
              "isHook": false,
              "skipped": false
            },
            {
              "title": "Clicks login button",
              "fullTitle": "Councilbox login - valid username and password Clicks login button",
              "timedOut": null,
              "duration": 2133,
              "state": "passed",
              "speed": "slow",
              "pass": true,
              "fail": false,
              "pending": false,
              "context": null,
              "code": "cy.get(\"#login-button\").click();\ncy.wait(2000);",
              "err": {},
              "uuid": "fd06d765-f1a4-4aef-b732-6c8913114d6a",
              "parentUUID": "18e52df7-4542-44e5-86bd-73b086aec199",
              "isHook": false,
              "skipped": false
            }
          ],
          "suites": [],
          "passes": [
            "f63a0a1f-e8aa-48f3-958e-ec599433d97f",
            "8173f6f6-1dae-4017-ac7e-284dfb40a407",
            "5d3925e2-b74d-45e6-bfbf-bfb440078400",
            "fd06d765-f1a4-4aef-b732-6c8913114d6a"
          ],
          "failures": [
            "593a29e4-af3b-4145-93d5-414c9bb0dbf0"
          ],
          "pending": [],
          "skipped": [],
          "duration": 37246,
          "root": false,
          "rootEmpty": false,
          "_timeout": 2000
        },
        {
          "uuid": "5c87ac58-698c-455b-abea-ddbf8effc7b5",
          "title": "The user is able to start conference",
          "fullFile": "",
          "file": "",
          "beforeHooks": [],
          "afterHooks": [],
          "tests": [
            {
              "title": "Click on the 'Iniciar conferencia' button",
              "fullTitle": "The user is able to start conference Click on the 'Iniciar conferencia' button",
              "timedOut": null,
              "duration": 12702,
              "state": "passed",
              "speed": "slow",
              "pass": true,
              "fail": false,
              "pending": false,
              "context": null,
              "code": "cy.contains('dashboard').click({\n  force: true\n});\ncy.get('#init-meeting-block').click();\ncy.wait(10000);",
              "err": {},
              "uuid": "1474530f-8f3a-492b-a921-8aa84caa661b",
              "parentUUID": "5c87ac58-698c-455b-abea-ddbf8effc7b5",
              "isHook": false,
              "skipped": false
            },
            {
              "title": "Populate required field and click on the 'Join' button",
              "fullTitle": "The user is able to start conference Populate required field and click on the 'Join' button",
              "timedOut": null,
              "duration": 15066,
              "state": "passed",
              "speed": "slow",
              "pass": true,
              "fail": false,
              "pending": false,
              "context": null,
              "code": "/*\n        cy.get('#meeting-iframe').then($iframe => {\n  const $body = $iframe.contents().find('body') ; cy.wrap($body)\n\n\n    cy.get('#participant-name-input').type('AutomationTest')\n\n\n    cy.contains('Join').click()\n\n\n    cy.wait(15000)\n    \n});\n\n*/\ncy.wait(15000);",
              "err": {},
              "uuid": "284fdf4a-9dbd-4bc7-b186-7f3e3bdaa3db",
              "parentUUID": "5c87ac58-698c-455b-abea-ddbf8effc7b5",
              "isHook": false,
              "skipped": false
            }
          ],
          "suites": [],
          "passes": [
            "1474530f-8f3a-492b-a921-8aa84caa661b",
            "284fdf4a-9dbd-4bc7-b186-7f3e3bdaa3db"
          ],
          "failures": [],
          "pending": [],
          "skipped": [],
          "duration": 27768,
          "root": false,
          "rootEmpty": false,
          "_timeout": 2000
        }
      ],
      "passes": [],
      "failures": [],
      "pending": [],
      "skipped": [],
      "duration": 0,
      "root": true,
      "rootEmpty": true,
      "_timeout": 2000
    }
  ],
  "meta": {
    "mocha": {
      "version": "7.0.1"
    },
    "mochawesome": {
      "options": {
        "quiet": false,
        "reportFilename": "mochawesome",
        "saveHtml": false,
        "saveJson": true,
        "consoleReporter": "spec",
        "useInlineDiffs": false,
        "code": true
      },
      "version": "6.2.2"
    },
    "marge": {
      "options": {
        "id": "default",
        "reportDir": "cypress/reports/mocha",
        "quite": true,
        "overwrite": false,
        "html": false,
        "json": true
      },
      "version": "5.2.0"
    }
  }
}