{
  "stats": {
    "suites": 1,
    "tests": 0,
    "passes": 0,
    "pending": 0,
    "failures": 0,
    "start": "2022-11-02T23:00:18.035Z",
    "end": "2022-11-02T23:00:30.065Z",
    "duration": 12030,
    "testsRegistered": 4,
    "passPercent": 0,
    "pendingPercent": 0,
    "other": 0,
    "hasOther": false,
    "skipped": 4,
    "hasSkipped": true
  },
  "results": [
    {
      "uuid": "ec65be0a-8ae7-4369-a2b0-1d8557274b16",
      "title": "",
      "fullFile": "cypress/integration/OVAC/1.Smoke/3.User_Side_section.js",
      "file": "cypress/integration/OVAC/1.Smoke/3.User_Side_section.js",
      "beforeHooks": [],
      "afterHooks": [],
      "tests": [],
      "suites": [
        {
          "uuid": "ecc8a2e7-06f0-4b9c-b3e3-81364618c08e",
          "title": "User side section",
          "fullFile": "",
          "file": "",
          "beforeHooks": [],
          "afterHooks": [],
          "tests": [
            {
              "title": "The user is able to request prior appointment for the meeting",
              "fullTitle": "User side section The user is able to request prior appointment for the meeting",
              "timedOut": null,
              "duration": 0,
              "state": "skipped",
              "speed": null,
              "pass": false,
              "fail": false,
              "pending": false,
              "context": null,
              "code": "const name = \"Automation\";\nconst surname = \"User\";\nconst tin = \"12345678Z\";\nconst country_code = \"387\";\nconst phone = \"62123123\";\nconst email = \"29942413-017f-4eb8-a3dc-6074ea12bdb8@mailslurp.com\";\ncy.log(\"Open the browser and enter the URL\");\ncy.visit(url);\ncy.log(\"'Click on the 'Request prior appointment' button\");\nappointment.request_prior_appointment_button();\ncy.log(\"Select 'Service requested'\");\nappointment.select_service_requested();\ncy.log(\"Click on the 'CONTINUE' button\");\nappointment.click_continue();\ncy.log(\"Navigate to the 'Calendar' and select the date and time\");\nappointment.click_next_month();\nappointment.select_last_day();\nappointment.select_time();\ncy.log(\"Click on the 'CONTINUE' button\");\nappointment.click_continue();\ncy.log(\"Populate the 'Name' field\");\nappointment.enter_name(name);\ncy.log(\"Populate the 'Name' field\");\nappointment.enter_surname(surname);\ncy.log(\"Populate the 'TIN' field\");\nappointment.enter_TIN(tin);\ncy.log(\"Populate the 'Country code' and the 'Telephone' fields\");\nappointment.enter_telephone_no(country_code, phone);\ncy.log(\"Populate the 'Email' field\");\nappointment.enter_email(email);\ncy.log(\"Select the checkbox next to the 'The individual gives his/her consent for the results of the attendance at the appointment to be processed by this body' option\");\nappointment.accept_everything();\ncy.log(\"Click on the 'Request appointment' button\");\nappointment.click_continue();",
              "err": {},
              "uuid": "115af1fd-e3eb-48f6-b635-6aa8fb846300",
              "parentUUID": "ecc8a2e7-06f0-4b9c-b3e3-81364618c08e",
              "isHook": false,
              "skipped": true
            },
            {
              "title": "The user is able to reschedule prior appointment",
              "fullTitle": "User side section The user is able to reschedule prior appointment",
              "timedOut": null,
              "duration": 0,
              "state": "skipped",
              "speed": null,
              "pass": false,
              "fail": false,
              "pending": false,
              "context": null,
              "code": "const tin = \"12345678Z\";\nconst reschedule_message = 'Su cita se ha reagendado con éxito.';\ncy.log(\"Open email app and open the mail\");\ncy.wait(45000);\ncy.waitForLatestEmail().then(email => {\n  let test = email.body;\n  cy.log(test); // verify we received an email\n  assert.isDefined(email); // verify that email contains the code\n  // extract the confirmation code (so we can confirm the user)\n  code = /\\s+(\\d{6})\\s+/.exec(email.body)[0];\n  code = code.replace(/\\s/g, '');\n  assert.isDefined(code);\n  cy.log(code);\n  cy.get('#sign-modal-code').type(code);\n  cy.get('#alert-confirm-button-accept').click();\n  cy.wait(5000);\n});\ncy.log(\"Click on CONTINUE\");\nappointment.click_continue_secure();\ncy.log(\"Enter TIN\");\nappointment.enter_secure_TIN(tin);\ncy.log(\"Click continue\");\nappointment.click_continue_id();\ncy.log(\"Click on the 'Reschedule Appointment' button\");\nappointment.reschedule_appointment_button();\nappointment.click_ok();\ncy.log(\"Appointment should be rescheduled\");\nappointment.reschedule_confirm(reschedule_message);",
              "err": {},
              "uuid": "9c3dd404-5d21-4b23-a32c-22e59d6da583",
              "parentUUID": "ecc8a2e7-06f0-4b9c-b3e3-81364618c08e",
              "isHook": false,
              "skipped": true
            },
            {
              "title": "The user is able to cancel prior appointment",
              "fullTitle": "User side section The user is able to cancel prior appointment",
              "timedOut": null,
              "duration": 0,
              "state": "skipped",
              "speed": null,
              "pass": false,
              "fail": false,
              "pending": false,
              "context": null,
              "code": "const message = \"Su cita se ha cancelado con éxito.\";\nconst tin = \"12345678Z\";\ncy.wait(45000);\ncy.log(\"Open email app and open the mail\");\ncy.waitForLatestEmail().then(inbox => {\n  cy.state('document').write(inbox.body);\n  cy.get('body > table:nth-child(5) > tbody > tr:nth-child(2) > td > div:nth-child(1) > div:nth-child(6) > a').invoke('attr', 'href').then(myLink => {\n    cy.visit(myLink);\n  });\n  cy.wait(5000);\n});\ncy.log(\"Click on the 'Cancel Appointment' button\");\nappointment.enter_secure_TIN(tin);\nappointment.click_continue_id();\nappointment.cancel_appointment_button();\ncy.log(\"Click on 'Accept' button\");\nappointment.accept_privacy();\ncy.log(\"Appointment should be canceled\");\nappointment.alert_message(message);",
              "err": {},
              "uuid": "8f0faedd-7f47-4968-9617-f816f434d35a",
              "parentUUID": "ecc8a2e7-06f0-4b9c-b3e3-81364618c08e",
              "isHook": false,
              "skipped": true
            },
            {
              "title": "User is able to create new meeting",
              "fullTitle": "User side section User is able to create new meeting",
              "timedOut": null,
              "duration": 0,
              "state": "skipped",
              "speed": null,
              "pass": false,
              "fail": false,
              "pending": false,
              "context": null,
              "code": "cy.clearLocalStorage();\nconst name = \"Participant\";\nconst surname = \"Test\";\nconst dni = \"12345678Z\";\nconst email_1 = \"ca0b7eb9-d026-43ad-aada-72b36cf6dca1@mailslurp.com\";\nconst phone_code = \"387\";\nconst phone = \"61123123\";\nconst email = \"alem+1@qaengineers.net\";\nconst password = \"Mostar1234!test12\";\nconst description1 = \"Testing\";\ncy.log(\"Open he browser and enter URL\");\ncy.visit(url + '/admin');\ncy.log(\"The user is able to log in to the page\");\nlogin.enter_email(email);\nlogin.enter_password(password);\nlogin.login_submit();\nlogin.confirm_login();\ncy.log(\"The user is able to click on the 'Appointments' button\");\ndashboard.click_on_appointments();\ncy.log(\"The user is able to click on Add button\");\nappointments.click_on_add_button();\nappointments.select_procedure();\nappointments.click_consent_save_button();\ncy.log(\"The user is able to enter the data into 'Description' field\");\nappointments.enter_description(description1);\ncy.log(\"The user is able to click on the 'Next' button\");\nappointments.click_next_details();\ncy.wait(1000);\ncy.log(\"The user is able to click on the 'Add participant+'' button\");\nappointments.click_add_participant_button();\ncy.log(\"The user is able to input required field for Add Participant\");\nappointments.enter_participant_data(name, surname, dni, email_1, phone_code, phone);\nappointments.click_consent_save_button();\ncy.log(\"The user is able to click on the 'Next' button\");\nappointments.click_next_participants();\ncy.log(\"The user is able to click on the 'Next' button\");\nappointments.click_next_consents();\ncy.log(\"The user is able to click on the 'Next' button\");\nappointments.click_next_documentation();\ncy.log(\"The user is able to click on the 'Next' button\");\nappointments.click_next_configuration();\ncy.log(\"The user is able to click on the 'Send' button\");\nappointments.click_send();",
              "err": {},
              "uuid": "45134bf8-fd68-4483-b2f6-649e897b34e8",
              "parentUUID": "ecc8a2e7-06f0-4b9c-b3e3-81364618c08e",
              "isHook": false,
              "skipped": true
            }
          ],
          "suites": [],
          "passes": [],
          "failures": [],
          "pending": [],
          "skipped": [
            "115af1fd-e3eb-48f6-b635-6aa8fb846300",
            "9c3dd404-5d21-4b23-a32c-22e59d6da583",
            "8f0faedd-7f47-4968-9617-f816f434d35a",
            "45134bf8-fd68-4483-b2f6-649e897b34e8"
          ],
          "duration": 0,
          "root": false,
          "rootEmpty": false,
          "_timeout": 2000
        }
      ],
      "passes": [],
      "failures": [],
      "pending": [],
      "skipped": [],
      "duration": 0,
      "root": true,
      "rootEmpty": true,
      "_timeout": 2000
    }
  ],
  "meta": {
    "mocha": {
      "version": "7.0.1"
    },
    "mochawesome": {
      "options": {
        "quiet": false,
        "reportFilename": "mochawesome",
        "saveHtml": false,
        "saveJson": true,
        "consoleReporter": "spec",
        "useInlineDiffs": false,
        "code": true
      },
      "version": "6.3.1"
    },
    "marge": {
      "options": {
        "id": "default",
        "reportDir": "cypress/reports/mocha",
        "quite": true,
        "overwrite": false,
        "html": false,
        "json": true
      },
      "version": "5.2.0"
    }
  }
}