{
  "stats": {
    "suites": 1,
    "tests": 2,
    "passes": 2,
    "pending": 0,
    "failures": 0,
    "start": "2023-04-06T12:23:43.758Z",
    "end": "2023-04-06T12:24:01.271Z",
    "duration": 17513,
    "testsRegistered": 2,
    "passPercent": 100,
    "pendingPercent": 0,
    "other": 0,
    "hasOther": false,
    "skipped": 0,
    "hasSkipped": false
  },
  "results": [
    {
      "uuid": "42d61026-9b72-4867-b0a2-e2ba2e8c60f0",
      "title": "",
      "fullFile": "cypress/integration/1.Smoke/3.Types_of_Meetings_section.js",
      "file": "cypress/integration/1.Smoke/3.Types_of_Meetings_section.js",
      "beforeHooks": [],
      "afterHooks": [],
      "tests": [],
      "suites": [
        {
          "uuid": "4cedfcc5-4898-4f13-a937-e5be27346a7e",
          "title": "Type of Meetings - smoke test",
          "fullFile": "",
          "file": "",
          "beforeHooks": [],
          "afterHooks": [],
          "tests": [
            {
              "title": "Login",
              "fullTitle": "Type of Meetings - smoke test Login",
              "timedOut": null,
              "duration": 8123,
              "state": "passed",
              "speed": "medium",
              "pass": true,
              "fail": false,
              "pending": false,
              "context": null,
              "code": "const email = \"alem@qaengineers.net\";\nconst password = \"Mostar1234!test\";\ncy.log(\"Navigate to login page\");\ncy.visit(url);\ncy.log(\"Change language to Spanish\");\nlogin.click_on_language_dropmenu();\nlogin.select_spanish_language();\ncy.log(\"Enters email address\");\nlogin.enter_email(email);\ncy.log(\"Enters password\");\nlogin.enter_password(password);\ncy.log(\"Clicks login button\");\nlogin.click_login();",
              "err": {},
              "uuid": "570dbc93-aacd-4548-a46b-db7d6ad0dc01",
              "parentUUID": "4cedfcc5-4898-4f13-a937-e5be27346a7e",
              "isHook": false,
              "skipped": false
            },
            {
              "title": "The user is able to add a new type of meeting in the 'Tipos de reunion' section",
              "fullTitle": "Type of Meetings - smoke test The user is able to add a new type of meeting in the 'Tipos de reunion' section",
              "timedOut": null,
              "duration": 9334,
              "state": "passed",
              "speed": "medium",
              "pass": true,
              "fail": false,
              "pending": false,
              "context": null,
              "code": "const title = \"MeetingType\" + Cypress.config('UniqueNumber');\nconst modal_title = \"Add type of meeting\";\ncy.log(\"From the menu choose and click on the 'Tipos de reunion' button\");\ndashbaord.click_on_type_of_meetings();\ncy.log(\"On the upper left corner click on the 'Anadir tipo de reunion+'' button\");\ntypes.click_on_add_button(modal_title);\ncy.log(\"Populate required field and click on the 'Aceptar' button and click on 'Save'\");\ntypes.enter_title(title);\ntypes.alert_confirm();\ntypes.click_on_save();\ncy.log(\"Verify that Type of Meetings is created\");\ntypes.verify_type_is_created(title);\ncy.log(\"Back to Home page\");",
              "err": {},
              "uuid": "2b71d527-8bab-48d0-8dd3-e6ce0d5af67c",
              "parentUUID": "4cedfcc5-4898-4f13-a937-e5be27346a7e",
              "isHook": false,
              "skipped": false
            }
          ],
          "suites": [],
          "passes": [
            "570dbc93-aacd-4548-a46b-db7d6ad0dc01",
            "2b71d527-8bab-48d0-8dd3-e6ce0d5af67c"
          ],
          "failures": [],
          "pending": [],
          "skipped": [],
          "duration": 17457,
          "root": false,
          "rootEmpty": false,
          "_timeout": 2000
        }
      ],
      "passes": [],
      "failures": [],
      "pending": [],
      "skipped": [],
      "duration": 0,
      "root": true,
      "rootEmpty": true,
      "_timeout": 2000
    }
  ],
  "meta": {
    "mocha": {
      "version": "7.0.1"
    },
    "mochawesome": {
      "options": {
        "quiet": false,
        "reportFilename": "mochawesome",
        "saveHtml": false,
        "saveJson": true,
        "consoleReporter": "spec",
        "useInlineDiffs": false,
        "code": true
      },
      "version": "6.3.1"
    },
    "marge": {
      "options": {
        "id": "default",
        "reportDir": "cypress/reports/mocha",
        "quite": true,
        "overwrite": false,
        "html": false,
        "json": true
      },
      "version": "5.2.0"
    }
  }
}