{
  "stats": {
    "suites": 8,
    "tests": 62,
    "passes": 44,
    "pending": 0,
    "failures": 18,
    "start": "2022-09-28T22:49:33.260Z",
    "end": "2022-09-28T22:53:28.625Z",
    "duration": 235365,
    "testsRegistered": 62,
    "passPercent": 70.96774193548387,
    "pendingPercent": 0,
    "other": 0,
    "hasOther": false,
    "skipped": 0,
    "hasSkipped": false
  },
  "results": [
    {
      "uuid": "86aa395d-8b69-4505-8cfc-0b3f71716fc4",
      "title": "",
      "fullFile": "cypress/integration/OVAC/2.Regresion/1.User_Side_section.js",
      "file": "cypress/integration/OVAC/2.Regresion/1.User_Side_section.js",
      "beforeHooks": [],
      "afterHooks": [],
      "tests": [],
      "suites": [
        {
          "uuid": "eea2cab0-b6d2-4df3-a655-e5ab9392f55f",
          "title": "The user is not able to request prior appointment for the meeting without populating required fields",
          "fullFile": "",
          "file": "",
          "beforeHooks": [],
          "afterHooks": [],
          "tests": [
            {
              "title": "Open the browser and enter the URL",
              "fullTitle": "The user is not able to request prior appointment for the meeting without populating required fields Open the browser and enter the URL",
              "timedOut": null,
              "duration": 1971,
              "state": "passed",
              "speed": "slow",
              "pass": true,
              "fail": false,
              "pending": false,
              "context": null,
              "code": "login.navigate_user();",
              "err": {},
              "uuid": "dbfe9f7f-72b6-451f-b626-f4efe0ae637d",
              "parentUUID": "eea2cab0-b6d2-4df3-a655-e5ab9392f55f",
              "isHook": false,
              "skipped": false
            },
            {
              "title": "'Click on the 'Request prior appointment' button",
              "fullTitle": "The user is not able to request prior appointment for the meeting without populating required fields 'Click on the 'Request prior appointment' button",
              "timedOut": null,
              "duration": 2485,
              "state": "passed",
              "speed": "slow",
              "pass": true,
              "fail": false,
              "pending": false,
              "context": null,
              "code": "appointment.request_prior_appointment_button();",
              "err": {},
              "uuid": "f606cbbe-7af3-49df-8fef-973fa083811e",
              "parentUUID": "eea2cab0-b6d2-4df3-a655-e5ab9392f55f",
              "isHook": false,
              "skipped": false
            },
            {
              "title": "Click on the 'CONTINUE' button",
              "fullTitle": "The user is not able to request prior appointment for the meeting without populating required fields Click on the 'CONTINUE' button",
              "timedOut": null,
              "duration": 904,
              "state": "passed",
              "speed": "slow",
              "pass": true,
              "fail": false,
              "pending": false,
              "context": null,
              "code": "appointment.click_continue();",
              "err": {},
              "uuid": "c390de50-a164-4218-98ec-ddec901b6718",
              "parentUUID": "eea2cab0-b6d2-4df3-a655-e5ab9392f55f",
              "isHook": false,
              "skipped": false
            },
            {
              "title": "Verify 'Required fields' message is displayed beyoned the required fields",
              "fullTitle": "The user is not able to request prior appointment for the meeting without populating required fields Verify 'Required fields' message is displayed beyoned the required fields",
              "timedOut": null,
              "duration": 30,
              "state": "passed",
              "speed": "fast",
              "pass": true,
              "fail": false,
              "pending": false,
              "context": null,
              "code": "appointment.verify_existing_alert();",
              "err": {},
              "uuid": "75a44c2a-5038-4de6-81de-8fecced5d460",
              "parentUUID": "eea2cab0-b6d2-4df3-a655-e5ab9392f55f",
              "isHook": false,
              "skipped": false
            }
          ],
          "suites": [],
          "passes": [
            "dbfe9f7f-72b6-451f-b626-f4efe0ae637d",
            "f606cbbe-7af3-49df-8fef-973fa083811e",
            "c390de50-a164-4218-98ec-ddec901b6718",
            "75a44c2a-5038-4de6-81de-8fecced5d460"
          ],
          "failures": [],
          "pending": [],
          "skipped": [],
          "duration": 5390,
          "root": false,
          "rootEmpty": false,
          "_timeout": 2000
        },
        {
          "uuid": "4141dee0-67e5-4d34-be81-fbd0c602e939",
          "title": "The user is not able to request prior appointment for the meeting without selecting Date and Time",
          "fullFile": "",
          "file": "",
          "beforeHooks": [],
          "afterHooks": [],
          "tests": [
            {
              "title": "Open the browser and enter the URL",
              "fullTitle": "The user is not able to request prior appointment for the meeting without selecting Date and Time Open the browser and enter the URL",
              "timedOut": null,
              "duration": 2022,
              "state": "passed",
              "speed": "slow",
              "pass": true,
              "fail": false,
              "pending": false,
              "context": null,
              "code": "cy.clearLocalStorage();\nlogin.navigate_user();",
              "err": {},
              "uuid": "b32a83c8-88fa-420f-b6e0-25e17fc929e6",
              "parentUUID": "4141dee0-67e5-4d34-be81-fbd0c602e939",
              "isHook": false,
              "skipped": false
            },
            {
              "title": "'Click on the 'Request prior appointment' button",
              "fullTitle": "The user is not able to request prior appointment for the meeting without selecting Date and Time 'Click on the 'Request prior appointment' button",
              "timedOut": null,
              "duration": 1941,
              "state": "passed",
              "speed": "slow",
              "pass": true,
              "fail": false,
              "pending": false,
              "context": null,
              "code": "appointment.request_prior_appointment_button();",
              "err": {},
              "uuid": "55f591c7-a28a-4d3d-85cf-5e0c3ef7b78f",
              "parentUUID": "4141dee0-67e5-4d34-be81-fbd0c602e939",
              "isHook": false,
              "skipped": false
            },
            {
              "title": "Select 'Service requested'",
              "fullTitle": "The user is not able to request prior appointment for the meeting without selecting Date and Time Select 'Service requested'",
              "timedOut": null,
              "duration": 1235,
              "state": "passed",
              "speed": "slow",
              "pass": true,
              "fail": false,
              "pending": false,
              "context": null,
              "code": "appointment.select_service_requested();",
              "err": {},
              "uuid": "4241f6f5-68bd-42ce-9476-2e15c576dd93",
              "parentUUID": "4141dee0-67e5-4d34-be81-fbd0c602e939",
              "isHook": false,
              "skipped": false
            },
            {
              "title": "Click 'CONTINUE'",
              "fullTitle": "The user is not able to request prior appointment for the meeting without selecting Date and Time Click 'CONTINUE'",
              "timedOut": null,
              "duration": 163,
              "state": "passed",
              "speed": "slow",
              "pass": true,
              "fail": false,
              "pending": false,
              "context": null,
              "code": "appointment.click_continue();",
              "err": {},
              "uuid": "0cb8ef83-7de2-4af5-832a-cbd56936d78f",
              "parentUUID": "4141dee0-67e5-4d34-be81-fbd0c602e939",
              "isHook": false,
              "skipped": false
            },
            {
              "title": "Click 'CONTINUE' without selecting Date and Time",
              "fullTitle": "The user is not able to request prior appointment for the meeting without selecting Date and Time Click 'CONTINUE' without selecting Date and Time",
              "timedOut": null,
              "duration": 304,
              "state": "passed",
              "speed": "slow",
              "pass": true,
              "fail": false,
              "pending": false,
              "context": null,
              "code": "appointment.click_continue();",
              "err": {},
              "uuid": "cfe007ed-5e75-45a0-832c-801b6f13869b",
              "parentUUID": "4141dee0-67e5-4d34-be81-fbd0c602e939",
              "isHook": false,
              "skipped": false
            },
            {
              "title": "Verify 'Required fields' message is displayed beyoned the required fields",
              "fullTitle": "The user is not able to request prior appointment for the meeting without selecting Date and Time Verify 'Required fields' message is displayed beyoned the required fields",
              "timedOut": null,
              "duration": 10462,
              "state": "failed",
              "speed": null,
              "pass": false,
              "fail": true,
              "pending": false,
              "context": "{\n  \"title\": \"Failed screenshot\",\n  \"value\": \"screenshots/OVAC/2.Regresion/1.User_Side_section.js/The user is not able to request prior appointment for the meeting without selecting Date and Time -- Verify 'Required fields' message is displayed beyoned the required fields (failed).png\"\n}",
              "code": "appointment.verify_existing_alert();",
              "err": {
                "message": "AssertionError: Timed out retrying: Expected to find element: `//*[@role=\"alert\"]`, but never found it.",
                "estack": "AssertionError: Timed out retrying: Expected to find element: `//*[@role=\"alert\"]`, but never found it.\n    at ensureExistence (https://ovac.pre.councilbox.com/__cypress/runner/cypress_runner.js:137673:32)\n    at Object.ensureElExistence (https://ovac.pre.councilbox.com/__cypress/runner/cypress_runner.js:137691:12)\n    at ensureExistence (https://ovac.pre.councilbox.com/__cypress/runner/cypress_runner.js:127867:23)\n    at onFailFn (https://ovac.pre.councilbox.com/__cypress/runner/cypress_runner.js:127905:9)\n    at tryCatcher (https://ovac.pre.councilbox.com/__cypress/runner/cypress_runner.js:9065:23)\n    at Promise._settlePromiseFromHandler (https://ovac.pre.councilbox.com/__cypress/runner/cypress_runner.js:7000:31)\n    at Promise._settlePromise (https://ovac.pre.councilbox.com/__cypress/runner/cypress_runner.js:7057:18)\n    at Promise._settlePromise0 (https://ovac.pre.councilbox.com/__cypress/runner/cypress_runner.js:7102:10)\n    at Promise._settlePromises (https://ovac.pre.councilbox.com/__cypress/runner/cypress_runner.js:7178:18)\n    at _drainQueueStep (https://ovac.pre.councilbox.com/__cypress/runner/cypress_runner.js:3772:12)\n    at _drainQueue (https://ovac.pre.councilbox.com/__cypress/runner/cypress_runner.js:3765:9)\n    at Async.../../node_modules/bluebird/js/release/async.js.Async._drainQueues (https://ovac.pre.councilbox.com/__cypress/runner/cypress_runner.js:3781:5)\n    at Async.drainQueues (https://ovac.pre.councilbox.com/__cypress/runner/cypress_runner.js:3651:14)",
                "diff": null
              },
              "uuid": "830e2d8d-55ff-407c-a336-713eacb844cd",
              "parentUUID": "4141dee0-67e5-4d34-be81-fbd0c602e939",
              "isHook": false,
              "skipped": false
            }
          ],
          "suites": [],
          "passes": [
            "b32a83c8-88fa-420f-b6e0-25e17fc929e6",
            "55f591c7-a28a-4d3d-85cf-5e0c3ef7b78f",
            "4241f6f5-68bd-42ce-9476-2e15c576dd93",
            "0cb8ef83-7de2-4af5-832a-cbd56936d78f",
            "cfe007ed-5e75-45a0-832c-801b6f13869b"
          ],
          "failures": [
            "830e2d8d-55ff-407c-a336-713eacb844cd"
          ],
          "pending": [],
          "skipped": [],
          "duration": 16127,
          "root": false,
          "rootEmpty": false,
          "_timeout": 2000
        },
        {
          "uuid": "8fe8b8f2-c875-465e-9b79-8f75fa44ab95",
          "title": "The user is able not able to request prior appointment for the meeting without populating 'Name' field",
          "fullFile": "",
          "file": "",
          "beforeHooks": [],
          "afterHooks": [],
          "tests": [
            {
              "title": "Open the browser and enter the URL",
              "fullTitle": "The user is able not able to request prior appointment for the meeting without populating 'Name' field Open the browser and enter the URL",
              "timedOut": null,
              "duration": 1469,
              "state": "passed",
              "speed": "slow",
              "pass": true,
              "fail": false,
              "pending": false,
              "context": null,
              "code": "cy.clearLocalStorage();\nlogin.navigate_user();",
              "err": {},
              "uuid": "e1519648-87d2-4bdd-98a6-ea09667adab7",
              "parentUUID": "8fe8b8f2-c875-465e-9b79-8f75fa44ab95",
              "isHook": false,
              "skipped": false
            },
            {
              "title": "'Click on the 'Request prior appointment' button",
              "fullTitle": "The user is able not able to request prior appointment for the meeting without populating 'Name' field 'Click on the 'Request prior appointment' button",
              "timedOut": null,
              "duration": 1839,
              "state": "passed",
              "speed": "slow",
              "pass": true,
              "fail": false,
              "pending": false,
              "context": null,
              "code": "appointment.request_prior_appointment_button();",
              "err": {},
              "uuid": "97193f77-bbce-48b4-bc1b-687a8510a9b6",
              "parentUUID": "8fe8b8f2-c875-465e-9b79-8f75fa44ab95",
              "isHook": false,
              "skipped": false
            },
            {
              "title": "Select 'Service requested'",
              "fullTitle": "The user is able not able to request prior appointment for the meeting without populating 'Name' field Select 'Service requested'",
              "timedOut": null,
              "duration": 1086,
              "state": "passed",
              "speed": "slow",
              "pass": true,
              "fail": false,
              "pending": false,
              "context": null,
              "code": "appointment.select_service_requested();",
              "err": {},
              "uuid": "c99a8c16-fba9-4ba6-8192-5705c9eb300b",
              "parentUUID": "8fe8b8f2-c875-465e-9b79-8f75fa44ab95",
              "isHook": false,
              "skipped": false
            },
            {
              "title": "Click 'CONTINUE'",
              "fullTitle": "The user is able not able to request prior appointment for the meeting without populating 'Name' field Click 'CONTINUE'",
              "timedOut": null,
              "duration": 149,
              "state": "passed",
              "speed": "slow",
              "pass": true,
              "fail": false,
              "pending": false,
              "context": null,
              "code": "appointment.click_continue();",
              "err": {},
              "uuid": "89b36fd7-104c-4877-bc4c-c3f9168ecd11",
              "parentUUID": "8fe8b8f2-c875-465e-9b79-8f75fa44ab95",
              "isHook": false,
              "skipped": false
            },
            {
              "title": "Select Date and Time",
              "fullTitle": "The user is able not able to request prior appointment for the meeting without populating 'Name' field Select Date and Time",
              "timedOut": null,
              "duration": 10678,
              "state": "failed",
              "speed": null,
              "pass": false,
              "fail": true,
              "pending": false,
              "context": "{\n  \"title\": \"Failed screenshot\",\n  \"value\": \"screenshots/OVAC/2.Regresion/1.User_Side_section.js/The user is able not able to request prior appointment for the meeting without populating 'Name' field -- Select Date and Time (failed).png\"\n}",
              "code": "appointment.select_appointment_date();",
              "err": {
                "message": "AssertionError: Timed out retrying: Expected to find element: `//*[@id=\"root\"]/div/div[2]/div[1]/div/div[1]/div/div[2]/div[3]/div/div/div/div/div/div/div[2]/div/div[1]/div/div[2]/div/div/div/div[2]/button[31]`, but never found it.",
                "estack": "AssertionError: Timed out retrying: Expected to find element: `//*[@id=\"root\"]/div/div[2]/div[1]/div/div[1]/div/div[2]/div[3]/div/div/div/div/div/div/div[2]/div/div[1]/div/div[2]/div/div/div/div[2]/button[31]`, but never found it.\n    at ensureExistence (https://ovac.pre.councilbox.com/__cypress/runner/cypress_runner.js:137673:32)\n    at Object.ensureElExistence (https://ovac.pre.councilbox.com/__cypress/runner/cypress_runner.js:137691:12)\n    at ensureExistence (https://ovac.pre.councilbox.com/__cypress/runner/cypress_runner.js:127867:23)\n    at onFailFn (https://ovac.pre.councilbox.com/__cypress/runner/cypress_runner.js:127905:9)\n    at tryCatcher (https://ovac.pre.councilbox.com/__cypress/runner/cypress_runner.js:9065:23)\n    at Promise._settlePromiseFromHandler (https://ovac.pre.councilbox.com/__cypress/runner/cypress_runner.js:7000:31)\n    at Promise._settlePromise (https://ovac.pre.councilbox.com/__cypress/runner/cypress_runner.js:7057:18)\n    at Promise._settlePromise0 (https://ovac.pre.councilbox.com/__cypress/runner/cypress_runner.js:7102:10)\n    at Promise._settlePromises (https://ovac.pre.councilbox.com/__cypress/runner/cypress_runner.js:7178:18)\n    at _drainQueueStep (https://ovac.pre.councilbox.com/__cypress/runner/cypress_runner.js:3772:12)\n    at _drainQueue (https://ovac.pre.councilbox.com/__cypress/runner/cypress_runner.js:3765:9)\n    at Async.../../node_modules/bluebird/js/release/async.js.Async._drainQueues (https://ovac.pre.councilbox.com/__cypress/runner/cypress_runner.js:3781:5)\n    at Async.drainQueues (https://ovac.pre.councilbox.com/__cypress/runner/cypress_runner.js:3651:14)",
                "diff": null
              },
              "uuid": "33304a2b-4ab7-4783-ba7a-d24e84b29a24",
              "parentUUID": "8fe8b8f2-c875-465e-9b79-8f75fa44ab95",
              "isHook": false,
              "skipped": false
            },
            {
              "title": "Click 'CONTINUE'",
              "fullTitle": "The user is able not able to request prior appointment for the meeting without populating 'Name' field Click 'CONTINUE'",
              "timedOut": null,
              "duration": 1047,
              "state": "passed",
              "speed": "slow",
              "pass": true,
              "fail": false,
              "pending": false,
              "context": null,
              "code": "appointment.click_continue();",
              "err": {},
              "uuid": "d18f827b-fbf8-44de-a712-74a5c67475fe",
              "parentUUID": "8fe8b8f2-c875-465e-9b79-8f75fa44ab95",
              "isHook": false,
              "skipped": false
            },
            {
              "title": "Enter required fields except 'Name'",
              "fullTitle": "The user is able not able to request prior appointment for the meeting without populating 'Name' field Enter required fields except 'Name'",
              "timedOut": null,
              "duration": 10449,
              "state": "failed",
              "speed": null,
              "pass": false,
              "fail": true,
              "pending": false,
              "context": "{\n  \"title\": \"Failed screenshot\",\n  \"value\": \"screenshots/OVAC/2.Regresion/1.User_Side_section.js/The user is able not able to request prior appointment for the meeting without populating 'Name' field -- Enter required fields except 'Name' (failed).png\"\n}",
              "code": "appointment.enter_surname(surname);\nappointment.enter_TIN(tin);\nappointment.enter_telephone_no(phone_code, phone);\nappointment.enter_email(email);\nappointment.accept_everything();",
              "err": {
                "message": "AssertionError: Timed out retrying: Expected to find element: `#appointment-participant-surname`, but never found it.",
                "estack": "AssertionError: Timed out retrying: Expected to find element: `#appointment-participant-surname`, but never found it.\n    at ensureExistence (https://ovac.pre.councilbox.com/__cypress/runner/cypress_runner.js:137673:32)\n    at Object.ensureElExistence (https://ovac.pre.councilbox.com/__cypress/runner/cypress_runner.js:137691:12)\n    at ensureExistence (https://ovac.pre.councilbox.com/__cypress/runner/cypress_runner.js:127867:23)\n    at onFailFn (https://ovac.pre.councilbox.com/__cypress/runner/cypress_runner.js:127905:9)\n    at tryCatcher (https://ovac.pre.councilbox.com/__cypress/runner/cypress_runner.js:9065:23)\n    at Promise._settlePromiseFromHandler (https://ovac.pre.councilbox.com/__cypress/runner/cypress_runner.js:7000:31)\n    at Promise._settlePromise (https://ovac.pre.councilbox.com/__cypress/runner/cypress_runner.js:7057:18)\n    at Promise._settlePromise0 (https://ovac.pre.councilbox.com/__cypress/runner/cypress_runner.js:7102:10)\n    at Promise._settlePromises (https://ovac.pre.councilbox.com/__cypress/runner/cypress_runner.js:7178:18)\n    at _drainQueueStep (https://ovac.pre.councilbox.com/__cypress/runner/cypress_runner.js:3772:12)\n    at _drainQueue (https://ovac.pre.councilbox.com/__cypress/runner/cypress_runner.js:3765:9)\n    at Async.../../node_modules/bluebird/js/release/async.js.Async._drainQueues (https://ovac.pre.councilbox.com/__cypress/runner/cypress_runner.js:3781:5)\n    at Async.drainQueues (https://ovac.pre.councilbox.com/__cypress/runner/cypress_runner.js:3651:14)",
                "diff": null
              },
              "uuid": "5f44ccb9-0570-44f9-88ae-b2e324490c9d",
              "parentUUID": "8fe8b8f2-c875-465e-9b79-8f75fa44ab95",
              "isHook": false,
              "skipped": false
            },
            {
              "title": "Click 'CONFIRM'",
              "fullTitle": "The user is able not able to request prior appointment for the meeting without populating 'Name' field Click 'CONFIRM'",
              "timedOut": null,
              "duration": 128,
              "state": "passed",
              "speed": "slow",
              "pass": true,
              "fail": false,
              "pending": false,
              "context": null,
              "code": "appointment.click_confirm();",
              "err": {},
              "uuid": "7a7cdadb-be5f-4c55-a914-f15fbc896b6d",
              "parentUUID": "8fe8b8f2-c875-465e-9b79-8f75fa44ab95",
              "isHook": false,
              "skipped": false
            },
            {
              "title": "The alert message 'Required field' is displayed beyond the 'Name' field",
              "fullTitle": "The user is able not able to request prior appointment for the meeting without populating 'Name' field The alert message 'Required field' is displayed beyond the 'Name' field",
              "timedOut": null,
              "duration": 10447,
              "state": "failed",
              "speed": null,
              "pass": false,
              "fail": true,
              "pending": false,
              "context": "{\n  \"title\": \"Failed screenshot\",\n  \"value\": \"screenshots/OVAC/2.Regresion/1.User_Side_section.js/The user is able not able to request prior appointment for the meeting without populating 'Name' field -- The alert message 'Required field' is displayed beyond the 'Name' field (failed).png\"\n}",
              "code": "appointment.verify_required_field_message();",
              "err": {
                "message": "AssertionError: Timed out retrying: Expected to find element: `(//*[@class=\"MuiFormHelperText-root error-text Mui-error\"])`, but never found it.",
                "estack": "AssertionError: Timed out retrying: Expected to find element: `(//*[@class=\"MuiFormHelperText-root error-text Mui-error\"])`, but never found it.\n    at ensureExistence (https://ovac.pre.councilbox.com/__cypress/runner/cypress_runner.js:137673:32)\n    at Object.ensureElExistence (https://ovac.pre.councilbox.com/__cypress/runner/cypress_runner.js:137691:12)\n    at ensureExistence (https://ovac.pre.councilbox.com/__cypress/runner/cypress_runner.js:127867:23)\n    at onFailFn (https://ovac.pre.councilbox.com/__cypress/runner/cypress_runner.js:127905:9)\n    at tryCatcher (https://ovac.pre.councilbox.com/__cypress/runner/cypress_runner.js:9065:23)\n    at Promise._settlePromiseFromHandler (https://ovac.pre.councilbox.com/__cypress/runner/cypress_runner.js:7000:31)\n    at Promise._settlePromise (https://ovac.pre.councilbox.com/__cypress/runner/cypress_runner.js:7057:18)\n    at Promise._settlePromise0 (https://ovac.pre.councilbox.com/__cypress/runner/cypress_runner.js:7102:10)\n    at Promise._settlePromises (https://ovac.pre.councilbox.com/__cypress/runner/cypress_runner.js:7178:18)\n    at _drainQueueStep (https://ovac.pre.councilbox.com/__cypress/runner/cypress_runner.js:3772:12)\n    at _drainQueue (https://ovac.pre.councilbox.com/__cypress/runner/cypress_runner.js:3765:9)\n    at Async.../../node_modules/bluebird/js/release/async.js.Async._drainQueues (https://ovac.pre.councilbox.com/__cypress/runner/cypress_runner.js:3781:5)\n    at Async.drainQueues (https://ovac.pre.councilbox.com/__cypress/runner/cypress_runner.js:3651:14)",
                "diff": null
              },
              "uuid": "3f47168e-4cd9-40f6-9600-b74319346307",
              "parentUUID": "8fe8b8f2-c875-465e-9b79-8f75fa44ab95",
              "isHook": false,
              "skipped": false
            }
          ],
          "suites": [],
          "passes": [
            "e1519648-87d2-4bdd-98a6-ea09667adab7",
            "97193f77-bbce-48b4-bc1b-687a8510a9b6",
            "c99a8c16-fba9-4ba6-8192-5705c9eb300b",
            "89b36fd7-104c-4877-bc4c-c3f9168ecd11",
            "d18f827b-fbf8-44de-a712-74a5c67475fe",
            "7a7cdadb-be5f-4c55-a914-f15fbc896b6d"
          ],
          "failures": [
            "33304a2b-4ab7-4783-ba7a-d24e84b29a24",
            "5f44ccb9-0570-44f9-88ae-b2e324490c9d",
            "3f47168e-4cd9-40f6-9600-b74319346307"
          ],
          "pending": [],
          "skipped": [],
          "duration": 37292,
          "root": false,
          "rootEmpty": false,
          "_timeout": 2000
        },
        {
          "uuid": "c00acf10-7988-402f-8cf6-94067645cd60",
          "title": "The user is able not able to request prior appointment for the meeting without populating 'Surname' field",
          "fullFile": "",
          "file": "",
          "beforeHooks": [],
          "afterHooks": [],
          "tests": [
            {
              "title": "Open the browser and enter the URL",
              "fullTitle": "The user is able not able to request prior appointment for the meeting without populating 'Surname' field Open the browser and enter the URL",
              "timedOut": null,
              "duration": 1494,
              "state": "passed",
              "speed": "slow",
              "pass": true,
              "fail": false,
              "pending": false,
              "context": null,
              "code": "cy.clearLocalStorage();\nlogin.navigate_user();",
              "err": {},
              "uuid": "121cc590-f2d5-48b9-b4f7-8831250596a0",
              "parentUUID": "c00acf10-7988-402f-8cf6-94067645cd60",
              "isHook": false,
              "skipped": false
            },
            {
              "title": "'Click on the 'Request prior appointment' button",
              "fullTitle": "The user is able not able to request prior appointment for the meeting without populating 'Surname' field 'Click on the 'Request prior appointment' button",
              "timedOut": null,
              "duration": 2004,
              "state": "passed",
              "speed": "slow",
              "pass": true,
              "fail": false,
              "pending": false,
              "context": null,
              "code": "appointment.request_prior_appointment_button();",
              "err": {},
              "uuid": "d55b685c-5471-48ed-a27c-30f1576e3bb0",
              "parentUUID": "c00acf10-7988-402f-8cf6-94067645cd60",
              "isHook": false,
              "skipped": false
            },
            {
              "title": "Select 'Service requested'",
              "fullTitle": "The user is able not able to request prior appointment for the meeting without populating 'Surname' field Select 'Service requested'",
              "timedOut": null,
              "duration": 968,
              "state": "passed",
              "speed": "slow",
              "pass": true,
              "fail": false,
              "pending": false,
              "context": null,
              "code": "appointment.select_service_requested();",
              "err": {},
              "uuid": "92e797b5-9982-4bba-aa9c-97f4a2052935",
              "parentUUID": "c00acf10-7988-402f-8cf6-94067645cd60",
              "isHook": false,
              "skipped": false
            },
            {
              "title": "Click 'CONTINUE'",
              "fullTitle": "The user is able not able to request prior appointment for the meeting without populating 'Surname' field Click 'CONTINUE'",
              "timedOut": null,
              "duration": 146,
              "state": "passed",
              "speed": "slow",
              "pass": true,
              "fail": false,
              "pending": false,
              "context": null,
              "code": "appointment.click_continue();",
              "err": {},
              "uuid": "a9f7a88c-7a4a-41c8-909f-49b3c804b2d0",
              "parentUUID": "c00acf10-7988-402f-8cf6-94067645cd60",
              "isHook": false,
              "skipped": false
            },
            {
              "title": "Select Date and Time",
              "fullTitle": "The user is able not able to request prior appointment for the meeting without populating 'Surname' field Select Date and Time",
              "timedOut": null,
              "duration": 10698,
              "state": "failed",
              "speed": null,
              "pass": false,
              "fail": true,
              "pending": false,
              "context": "{\n  \"title\": \"Failed screenshot\",\n  \"value\": \"screenshots/OVAC/2.Regresion/1.User_Side_section.js/The user is able not able to request prior appointment for the meeting without populating 'Surname' field -- Select Date and Time (failed).png\"\n}",
              "code": "appointment.select_appointment_date();",
              "err": {
                "message": "AssertionError: Timed out retrying: Expected to find element: `//*[@id=\"root\"]/div/div[2]/div[1]/div/div[1]/div/div[2]/div[3]/div/div/div/div/div/div/div[2]/div/div[1]/div/div[2]/div/div/div/div[2]/button[31]`, but never found it.",
                "estack": "AssertionError: Timed out retrying: Expected to find element: `//*[@id=\"root\"]/div/div[2]/div[1]/div/div[1]/div/div[2]/div[3]/div/div/div/div/div/div/div[2]/div/div[1]/div/div[2]/div/div/div/div[2]/button[31]`, but never found it.\n    at ensureExistence (https://ovac.pre.councilbox.com/__cypress/runner/cypress_runner.js:137673:32)\n    at Object.ensureElExistence (https://ovac.pre.councilbox.com/__cypress/runner/cypress_runner.js:137691:12)\n    at ensureExistence (https://ovac.pre.councilbox.com/__cypress/runner/cypress_runner.js:127867:23)\n    at onFailFn (https://ovac.pre.councilbox.com/__cypress/runner/cypress_runner.js:127905:9)\n    at tryCatcher (https://ovac.pre.councilbox.com/__cypress/runner/cypress_runner.js:9065:23)\n    at Promise._settlePromiseFromHandler (https://ovac.pre.councilbox.com/__cypress/runner/cypress_runner.js:7000:31)\n    at Promise._settlePromise (https://ovac.pre.councilbox.com/__cypress/runner/cypress_runner.js:7057:18)\n    at Promise._settlePromise0 (https://ovac.pre.councilbox.com/__cypress/runner/cypress_runner.js:7102:10)\n    at Promise._settlePromises (https://ovac.pre.councilbox.com/__cypress/runner/cypress_runner.js:7178:18)\n    at _drainQueueStep (https://ovac.pre.councilbox.com/__cypress/runner/cypress_runner.js:3772:12)\n    at _drainQueue (https://ovac.pre.councilbox.com/__cypress/runner/cypress_runner.js:3765:9)\n    at Async.../../node_modules/bluebird/js/release/async.js.Async._drainQueues (https://ovac.pre.councilbox.com/__cypress/runner/cypress_runner.js:3781:5)\n    at Async.drainQueues (https://ovac.pre.councilbox.com/__cypress/runner/cypress_runner.js:3651:14)",
                "diff": null
              },
              "uuid": "e64c008b-fca1-4209-84b2-536b3932361f",
              "parentUUID": "c00acf10-7988-402f-8cf6-94067645cd60",
              "isHook": false,
              "skipped": false
            },
            {
              "title": "Click 'CONTINUE'",
              "fullTitle": "The user is able not able to request prior appointment for the meeting without populating 'Surname' field Click 'CONTINUE'",
              "timedOut": null,
              "duration": 1358,
              "state": "passed",
              "speed": "slow",
              "pass": true,
              "fail": false,
              "pending": false,
              "context": null,
              "code": "appointment.click_continue();",
              "err": {},
              "uuid": "5898080f-7855-4e7b-8224-246e07362c59",
              "parentUUID": "c00acf10-7988-402f-8cf6-94067645cd60",
              "isHook": false,
              "skipped": false
            },
            {
              "title": "Enter required fields except 'Surname'",
              "fullTitle": "The user is able not able to request prior appointment for the meeting without populating 'Surname' field Enter required fields except 'Surname'",
              "timedOut": null,
              "duration": 10454,
              "state": "failed",
              "speed": null,
              "pass": false,
              "fail": true,
              "pending": false,
              "context": "{\n  \"title\": \"Failed screenshot\",\n  \"value\": \"screenshots/OVAC/2.Regresion/1.User_Side_section.js/The user is able not able to request prior appointment for the meeting without populating 'Surname' field -- Enter required fields except 'Surname' (failed).png\"\n}",
              "code": "appointment.enter_name(name);\nappointment.enter_TIN(tin);\nappointment.enter_telephone_no(phone_code, phone);\nappointment.enter_email(email);\nappointment.accept_everything();",
              "err": {
                "message": "AssertionError: Timed out retrying: Expected to find element: `#appointment-participant-name`, but never found it.",
                "estack": "AssertionError: Timed out retrying: Expected to find element: `#appointment-participant-name`, but never found it.\n    at ensureExistence (https://ovac.pre.councilbox.com/__cypress/runner/cypress_runner.js:137673:32)\n    at Object.ensureElExistence (https://ovac.pre.councilbox.com/__cypress/runner/cypress_runner.js:137691:12)\n    at ensureExistence (https://ovac.pre.councilbox.com/__cypress/runner/cypress_runner.js:127867:23)\n    at onFailFn (https://ovac.pre.councilbox.com/__cypress/runner/cypress_runner.js:127905:9)\n    at tryCatcher (https://ovac.pre.councilbox.com/__cypress/runner/cypress_runner.js:9065:23)\n    at Promise._settlePromiseFromHandler (https://ovac.pre.councilbox.com/__cypress/runner/cypress_runner.js:7000:31)\n    at Promise._settlePromise (https://ovac.pre.councilbox.com/__cypress/runner/cypress_runner.js:7057:18)\n    at Promise._settlePromise0 (https://ovac.pre.councilbox.com/__cypress/runner/cypress_runner.js:7102:10)\n    at Promise._settlePromises (https://ovac.pre.councilbox.com/__cypress/runner/cypress_runner.js:7178:18)\n    at _drainQueueStep (https://ovac.pre.councilbox.com/__cypress/runner/cypress_runner.js:3772:12)\n    at _drainQueue (https://ovac.pre.councilbox.com/__cypress/runner/cypress_runner.js:3765:9)\n    at Async.../../node_modules/bluebird/js/release/async.js.Async._drainQueues (https://ovac.pre.councilbox.com/__cypress/runner/cypress_runner.js:3781:5)\n    at Async.drainQueues (https://ovac.pre.councilbox.com/__cypress/runner/cypress_runner.js:3651:14)",
                "diff": null
              },
              "uuid": "9abed226-868c-401c-bb33-8a426583fd9d",
              "parentUUID": "c00acf10-7988-402f-8cf6-94067645cd60",
              "isHook": false,
              "skipped": false
            },
            {
              "title": "Click 'CONFIRM'",
              "fullTitle": "The user is able not able to request prior appointment for the meeting without populating 'Surname' field Click 'CONFIRM'",
              "timedOut": null,
              "duration": 125,
              "state": "passed",
              "speed": "slow",
              "pass": true,
              "fail": false,
              "pending": false,
              "context": null,
              "code": "appointment.click_confirm();",
              "err": {},
              "uuid": "46b1128e-81f6-4cb6-8bd6-e26608e1346e",
              "parentUUID": "c00acf10-7988-402f-8cf6-94067645cd60",
              "isHook": false,
              "skipped": false
            },
            {
              "title": "The alert message 'Required field' is displayed beyond the 'Surname' field",
              "fullTitle": "The user is able not able to request prior appointment for the meeting without populating 'Surname' field The alert message 'Required field' is displayed beyond the 'Surname' field",
              "timedOut": null,
              "duration": 10438,
              "state": "failed",
              "speed": null,
              "pass": false,
              "fail": true,
              "pending": false,
              "context": "{\n  \"title\": \"Failed screenshot\",\n  \"value\": \"screenshots/OVAC/2.Regresion/1.User_Side_section.js/The user is able not able to request prior appointment for the meeting without populating 'Surname' field -- The alert message 'Required field' is displayed beyond the 'Surname' field (failed).png\"\n}",
              "code": "appointment.verify_required_field_message();",
              "err": {
                "message": "AssertionError: Timed out retrying: Expected to find element: `(//*[@class=\"MuiFormHelperText-root error-text Mui-error\"])`, but never found it.",
                "estack": "AssertionError: Timed out retrying: Expected to find element: `(//*[@class=\"MuiFormHelperText-root error-text Mui-error\"])`, but never found it.\n    at ensureExistence (https://ovac.pre.councilbox.com/__cypress/runner/cypress_runner.js:137673:32)\n    at Object.ensureElExistence (https://ovac.pre.councilbox.com/__cypress/runner/cypress_runner.js:137691:12)\n    at ensureExistence (https://ovac.pre.councilbox.com/__cypress/runner/cypress_runner.js:127867:23)\n    at onFailFn (https://ovac.pre.councilbox.com/__cypress/runner/cypress_runner.js:127905:9)\n    at tryCatcher (https://ovac.pre.councilbox.com/__cypress/runner/cypress_runner.js:9065:23)\n    at Promise._settlePromiseFromHandler (https://ovac.pre.councilbox.com/__cypress/runner/cypress_runner.js:7000:31)\n    at Promise._settlePromise (https://ovac.pre.councilbox.com/__cypress/runner/cypress_runner.js:7057:18)\n    at Promise._settlePromise0 (https://ovac.pre.councilbox.com/__cypress/runner/cypress_runner.js:7102:10)\n    at Promise._settlePromises (https://ovac.pre.councilbox.com/__cypress/runner/cypress_runner.js:7178:18)\n    at _drainQueueStep (https://ovac.pre.councilbox.com/__cypress/runner/cypress_runner.js:3772:12)\n    at _drainQueue (https://ovac.pre.councilbox.com/__cypress/runner/cypress_runner.js:3765:9)\n    at Async.../../node_modules/bluebird/js/release/async.js.Async._drainQueues (https://ovac.pre.councilbox.com/__cypress/runner/cypress_runner.js:3781:5)\n    at Async.drainQueues (https://ovac.pre.councilbox.com/__cypress/runner/cypress_runner.js:3651:14)",
                "diff": null
              },
              "uuid": "8d3a8d56-1593-44cd-a511-5c5c2150c036",
              "parentUUID": "c00acf10-7988-402f-8cf6-94067645cd60",
              "isHook": false,
              "skipped": false
            }
          ],
          "suites": [],
          "passes": [
            "121cc590-f2d5-48b9-b4f7-8831250596a0",
            "d55b685c-5471-48ed-a27c-30f1576e3bb0",
            "92e797b5-9982-4bba-aa9c-97f4a2052935",
            "a9f7a88c-7a4a-41c8-909f-49b3c804b2d0",
            "5898080f-7855-4e7b-8224-246e07362c59",
            "46b1128e-81f6-4cb6-8bd6-e26608e1346e"
          ],
          "failures": [
            "e64c008b-fca1-4209-84b2-536b3932361f",
            "9abed226-868c-401c-bb33-8a426583fd9d",
            "8d3a8d56-1593-44cd-a511-5c5c2150c036"
          ],
          "pending": [],
          "skipped": [],
          "duration": 37685,
          "root": false,
          "rootEmpty": false,
          "_timeout": 2000
        },
        {
          "uuid": "0b61c7ee-30c8-41d0-b6a0-ed834b63fd87",
          "title": "The user is able not able to request prior appointment for the meeting without populating 'TIN' field",
          "fullFile": "",
          "file": "",
          "beforeHooks": [],
          "afterHooks": [],
          "tests": [
            {
              "title": "Open the browser and enter the URL",
              "fullTitle": "The user is able not able to request prior appointment for the meeting without populating 'TIN' field Open the browser and enter the URL",
              "timedOut": null,
              "duration": 922,
              "state": "passed",
              "speed": "slow",
              "pass": true,
              "fail": false,
              "pending": false,
              "context": null,
              "code": "cy.clearLocalStorage();\nlogin.navigate_user();",
              "err": {},
              "uuid": "9b9df9e6-3257-43ae-803e-5e0aa08e52ec",
              "parentUUID": "0b61c7ee-30c8-41d0-b6a0-ed834b63fd87",
              "isHook": false,
              "skipped": false
            },
            {
              "title": "'Click on the 'Request prior appointment' button",
              "fullTitle": "The user is able not able to request prior appointment for the meeting without populating 'TIN' field 'Click on the 'Request prior appointment' button",
              "timedOut": null,
              "duration": 1619,
              "state": "passed",
              "speed": "slow",
              "pass": true,
              "fail": false,
              "pending": false,
              "context": null,
              "code": "appointment.request_prior_appointment_button();",
              "err": {},
              "uuid": "b367d451-711e-4e8d-a6c5-71c0bb1db283",
              "parentUUID": "0b61c7ee-30c8-41d0-b6a0-ed834b63fd87",
              "isHook": false,
              "skipped": false
            },
            {
              "title": "Select 'Service requested'",
              "fullTitle": "The user is able not able to request prior appointment for the meeting without populating 'TIN' field Select 'Service requested'",
              "timedOut": null,
              "duration": 1115,
              "state": "passed",
              "speed": "slow",
              "pass": true,
              "fail": false,
              "pending": false,
              "context": null,
              "code": "appointment.select_service_requested();",
              "err": {},
              "uuid": "6c8ee2fd-7042-4ce5-ab7e-6e67d5ab2e79",
              "parentUUID": "0b61c7ee-30c8-41d0-b6a0-ed834b63fd87",
              "isHook": false,
              "skipped": false
            },
            {
              "title": "Click 'CONTINUE'",
              "fullTitle": "The user is able not able to request prior appointment for the meeting without populating 'TIN' field Click 'CONTINUE'",
              "timedOut": null,
              "duration": 148,
              "state": "passed",
              "speed": "slow",
              "pass": true,
              "fail": false,
              "pending": false,
              "context": null,
              "code": "appointment.click_continue();",
              "err": {},
              "uuid": "034c2bf3-24a5-40e5-8464-71eeb3dadee1",
              "parentUUID": "0b61c7ee-30c8-41d0-b6a0-ed834b63fd87",
              "isHook": false,
              "skipped": false
            },
            {
              "title": "Select Date and Time",
              "fullTitle": "The user is able not able to request prior appointment for the meeting without populating 'TIN' field Select Date and Time",
              "timedOut": null,
              "duration": 10700,
              "state": "failed",
              "speed": null,
              "pass": false,
              "fail": true,
              "pending": false,
              "context": "{\n  \"title\": \"Failed screenshot\",\n  \"value\": \"screenshots/OVAC/2.Regresion/1.User_Side_section.js/The user is able not able to request prior appointment for the meeting without populating 'TIN' field -- Select Date and Time (failed).png\"\n}",
              "code": "appointment.select_appointment_date();",
              "err": {
                "message": "AssertionError: Timed out retrying: Expected to find element: `//*[@id=\"root\"]/div/div[2]/div[1]/div/div[1]/div/div[2]/div[3]/div/div/div/div/div/div/div[2]/div/div[1]/div/div[2]/div/div/div/div[2]/button[31]`, but never found it.",
                "estack": "AssertionError: Timed out retrying: Expected to find element: `//*[@id=\"root\"]/div/div[2]/div[1]/div/div[1]/div/div[2]/div[3]/div/div/div/div/div/div/div[2]/div/div[1]/div/div[2]/div/div/div/div[2]/button[31]`, but never found it.\n    at ensureExistence (https://ovac.pre.councilbox.com/__cypress/runner/cypress_runner.js:137673:32)\n    at Object.ensureElExistence (https://ovac.pre.councilbox.com/__cypress/runner/cypress_runner.js:137691:12)\n    at ensureExistence (https://ovac.pre.councilbox.com/__cypress/runner/cypress_runner.js:127867:23)\n    at onFailFn (https://ovac.pre.councilbox.com/__cypress/runner/cypress_runner.js:127905:9)\n    at tryCatcher (https://ovac.pre.councilbox.com/__cypress/runner/cypress_runner.js:9065:23)\n    at Promise._settlePromiseFromHandler (https://ovac.pre.councilbox.com/__cypress/runner/cypress_runner.js:7000:31)\n    at Promise._settlePromise (https://ovac.pre.councilbox.com/__cypress/runner/cypress_runner.js:7057:18)\n    at Promise._settlePromise0 (https://ovac.pre.councilbox.com/__cypress/runner/cypress_runner.js:7102:10)\n    at Promise._settlePromises (https://ovac.pre.councilbox.com/__cypress/runner/cypress_runner.js:7178:18)\n    at _drainQueueStep (https://ovac.pre.councilbox.com/__cypress/runner/cypress_runner.js:3772:12)\n    at _drainQueue (https://ovac.pre.councilbox.com/__cypress/runner/cypress_runner.js:3765:9)\n    at Async.../../node_modules/bluebird/js/release/async.js.Async._drainQueues (https://ovac.pre.councilbox.com/__cypress/runner/cypress_runner.js:3781:5)\n    at Async.drainQueues (https://ovac.pre.councilbox.com/__cypress/runner/cypress_runner.js:3651:14)",
                "diff": null
              },
              "uuid": "dbd3f8c3-bc88-49a4-9cac-e46b4f1abb91",
              "parentUUID": "0b61c7ee-30c8-41d0-b6a0-ed834b63fd87",
              "isHook": false,
              "skipped": false
            },
            {
              "title": "Click 'CONTINUE'",
              "fullTitle": "The user is able not able to request prior appointment for the meeting without populating 'TIN' field Click 'CONTINUE'",
              "timedOut": null,
              "duration": 951,
              "state": "passed",
              "speed": "slow",
              "pass": true,
              "fail": false,
              "pending": false,
              "context": null,
              "code": "appointment.click_continue();",
              "err": {},
              "uuid": "5a34120b-33cb-4460-b512-938da4069069",
              "parentUUID": "0b61c7ee-30c8-41d0-b6a0-ed834b63fd87",
              "isHook": false,
              "skipped": false
            },
            {
              "title": "Enter required fields except 'TIN'",
              "fullTitle": "The user is able not able to request prior appointment for the meeting without populating 'TIN' field Enter required fields except 'TIN'",
              "timedOut": null,
              "duration": 10400,
              "state": "failed",
              "speed": null,
              "pass": false,
              "fail": true,
              "pending": false,
              "context": "{\n  \"title\": \"Failed screenshot\",\n  \"value\": \"screenshots/OVAC/2.Regresion/1.User_Side_section.js/The user is able not able to request prior appointment for the meeting without populating 'TIN' field -- Enter required fields except 'TIN' (failed).png\"\n}",
              "code": "appointment.enter_name(name);\nappointment.enter_surname(surname);\nappointment.enter_telephone_no(phone_code, phone);\nappointment.enter_email(email);\nappointment.accept_everything();",
              "err": {
                "message": "AssertionError: Timed out retrying: Expected to find element: `#appointment-participant-name`, but never found it.",
                "estack": "AssertionError: Timed out retrying: Expected to find element: `#appointment-participant-name`, but never found it.\n    at ensureExistence (https://ovac.pre.councilbox.com/__cypress/runner/cypress_runner.js:137673:32)\n    at Object.ensureElExistence (https://ovac.pre.councilbox.com/__cypress/runner/cypress_runner.js:137691:12)\n    at ensureExistence (https://ovac.pre.councilbox.com/__cypress/runner/cypress_runner.js:127867:23)\n    at onFailFn (https://ovac.pre.councilbox.com/__cypress/runner/cypress_runner.js:127905:9)\n    at tryCatcher (https://ovac.pre.councilbox.com/__cypress/runner/cypress_runner.js:9065:23)\n    at Promise._settlePromiseFromHandler (https://ovac.pre.councilbox.com/__cypress/runner/cypress_runner.js:7000:31)\n    at Promise._settlePromise (https://ovac.pre.councilbox.com/__cypress/runner/cypress_runner.js:7057:18)\n    at Promise._settlePromise0 (https://ovac.pre.councilbox.com/__cypress/runner/cypress_runner.js:7102:10)\n    at Promise._settlePromises (https://ovac.pre.councilbox.com/__cypress/runner/cypress_runner.js:7178:18)\n    at _drainQueueStep (https://ovac.pre.councilbox.com/__cypress/runner/cypress_runner.js:3772:12)\n    at _drainQueue (https://ovac.pre.councilbox.com/__cypress/runner/cypress_runner.js:3765:9)\n    at Async.../../node_modules/bluebird/js/release/async.js.Async._drainQueues (https://ovac.pre.councilbox.com/__cypress/runner/cypress_runner.js:3781:5)\n    at Async.drainQueues (https://ovac.pre.councilbox.com/__cypress/runner/cypress_runner.js:3651:14)",
                "diff": null
              },
              "uuid": "d6ae6d3c-75dc-44ab-a7a5-db79f410920b",
              "parentUUID": "0b61c7ee-30c8-41d0-b6a0-ed834b63fd87",
              "isHook": false,
              "skipped": false
            },
            {
              "title": "Click 'CONFIRM'",
              "fullTitle": "The user is able not able to request prior appointment for the meeting without populating 'TIN' field Click 'CONFIRM'",
              "timedOut": null,
              "duration": 124,
              "state": "passed",
              "speed": "slow",
              "pass": true,
              "fail": false,
              "pending": false,
              "context": null,
              "code": "appointment.click_confirm();",
              "err": {},
              "uuid": "fe6b29c2-e7e3-4223-8876-8e6a8adc593e",
              "parentUUID": "0b61c7ee-30c8-41d0-b6a0-ed834b63fd87",
              "isHook": false,
              "skipped": false
            },
            {
              "title": "The alert message 'Required field' is displayed beyond the 'TIN' field",
              "fullTitle": "The user is able not able to request prior appointment for the meeting without populating 'TIN' field The alert message 'Required field' is displayed beyond the 'TIN' field",
              "timedOut": null,
              "duration": 10410,
              "state": "failed",
              "speed": null,
              "pass": false,
              "fail": true,
              "pending": false,
              "context": "{\n  \"title\": \"Failed screenshot\",\n  \"value\": \"screenshots/OVAC/2.Regresion/1.User_Side_section.js/The user is able not able to request prior appointment for the meeting without populating 'TIN' field -- The alert message 'Required field' is displayed beyond the 'TIN' field (failed).png\"\n}",
              "code": "appointment.verify_required_field_message();",
              "err": {
                "message": "AssertionError: Timed out retrying: Expected to find element: `(//*[@class=\"MuiFormHelperText-root error-text Mui-error\"])`, but never found it.",
                "estack": "AssertionError: Timed out retrying: Expected to find element: `(//*[@class=\"MuiFormHelperText-root error-text Mui-error\"])`, but never found it.\n    at ensureExistence (https://ovac.pre.councilbox.com/__cypress/runner/cypress_runner.js:137673:32)\n    at Object.ensureElExistence (https://ovac.pre.councilbox.com/__cypress/runner/cypress_runner.js:137691:12)\n    at ensureExistence (https://ovac.pre.councilbox.com/__cypress/runner/cypress_runner.js:127867:23)\n    at onFailFn (https://ovac.pre.councilbox.com/__cypress/runner/cypress_runner.js:127905:9)\n    at tryCatcher (https://ovac.pre.councilbox.com/__cypress/runner/cypress_runner.js:9065:23)\n    at Promise._settlePromiseFromHandler (https://ovac.pre.councilbox.com/__cypress/runner/cypress_runner.js:7000:31)\n    at Promise._settlePromise (https://ovac.pre.councilbox.com/__cypress/runner/cypress_runner.js:7057:18)\n    at Promise._settlePromise0 (https://ovac.pre.councilbox.com/__cypress/runner/cypress_runner.js:7102:10)\n    at Promise._settlePromises (https://ovac.pre.councilbox.com/__cypress/runner/cypress_runner.js:7178:18)\n    at _drainQueueStep (https://ovac.pre.councilbox.com/__cypress/runner/cypress_runner.js:3772:12)\n    at _drainQueue (https://ovac.pre.councilbox.com/__cypress/runner/cypress_runner.js:3765:9)\n    at Async.../../node_modules/bluebird/js/release/async.js.Async._drainQueues (https://ovac.pre.councilbox.com/__cypress/runner/cypress_runner.js:3781:5)\n    at Async.drainQueues (https://ovac.pre.councilbox.com/__cypress/runner/cypress_runner.js:3651:14)",
                "diff": null
              },
              "uuid": "5aef661d-e159-415c-9403-3705fabc0053",
              "parentUUID": "0b61c7ee-30c8-41d0-b6a0-ed834b63fd87",
              "isHook": false,
              "skipped": false
            }
          ],
          "suites": [],
          "passes": [
            "9b9df9e6-3257-43ae-803e-5e0aa08e52ec",
            "b367d451-711e-4e8d-a6c5-71c0bb1db283",
            "6c8ee2fd-7042-4ce5-ab7e-6e67d5ab2e79",
            "034c2bf3-24a5-40e5-8464-71eeb3dadee1",
            "5a34120b-33cb-4460-b512-938da4069069",
            "fe6b29c2-e7e3-4223-8876-8e6a8adc593e"
          ],
          "failures": [
            "dbd3f8c3-bc88-49a4-9cac-e46b4f1abb91",
            "d6ae6d3c-75dc-44ab-a7a5-db79f410920b",
            "5aef661d-e159-415c-9403-3705fabc0053"
          ],
          "pending": [],
          "skipped": [],
          "duration": 36389,
          "root": false,
          "rootEmpty": false,
          "_timeout": 2000
        },
        {
          "uuid": "8b7f255e-eece-48e3-ab77-243633c0c114",
          "title": "The user is able not able to request prior appointment for the meeting without populating 'Email' field",
          "fullFile": "",
          "file": "",
          "beforeHooks": [],
          "afterHooks": [],
          "tests": [
            {
              "title": "Open the browser and enter the URL",
              "fullTitle": "The user is able not able to request prior appointment for the meeting without populating 'Email' field Open the browser and enter the URL",
              "timedOut": null,
              "duration": 1230,
              "state": "passed",
              "speed": "slow",
              "pass": true,
              "fail": false,
              "pending": false,
              "context": null,
              "code": "cy.clearLocalStorage();\nlogin.navigate_user();",
              "err": {},
              "uuid": "3d4f36ca-1591-4f17-ab91-fc3abb06c090",
              "parentUUID": "8b7f255e-eece-48e3-ab77-243633c0c114",
              "isHook": false,
              "skipped": false
            },
            {
              "title": "'Click on the 'Request prior appointment' button",
              "fullTitle": "The user is able not able to request prior appointment for the meeting without populating 'Email' field 'Click on the 'Request prior appointment' button",
              "timedOut": null,
              "duration": 1677,
              "state": "passed",
              "speed": "slow",
              "pass": true,
              "fail": false,
              "pending": false,
              "context": null,
              "code": "appointment.request_prior_appointment_button();",
              "err": {},
              "uuid": "f3933dd7-7a04-41ad-8c95-12487b70bfc6",
              "parentUUID": "8b7f255e-eece-48e3-ab77-243633c0c114",
              "isHook": false,
              "skipped": false
            },
            {
              "title": "Select 'Service requested'",
              "fullTitle": "The user is able not able to request prior appointment for the meeting without populating 'Email' field Select 'Service requested'",
              "timedOut": null,
              "duration": 1057,
              "state": "passed",
              "speed": "slow",
              "pass": true,
              "fail": false,
              "pending": false,
              "context": null,
              "code": "appointment.select_service_requested();",
              "err": {},
              "uuid": "d5e8ed1e-4012-48d5-beb5-25f26680b407",
              "parentUUID": "8b7f255e-eece-48e3-ab77-243633c0c114",
              "isHook": false,
              "skipped": false
            },
            {
              "title": "Click 'CONTINUE'",
              "fullTitle": "The user is able not able to request prior appointment for the meeting without populating 'Email' field Click 'CONTINUE'",
              "timedOut": null,
              "duration": 163,
              "state": "passed",
              "speed": "slow",
              "pass": true,
              "fail": false,
              "pending": false,
              "context": null,
              "code": "appointment.click_continue();",
              "err": {},
              "uuid": "7ae712ce-5152-42fd-9ce3-858c1a85ed7e",
              "parentUUID": "8b7f255e-eece-48e3-ab77-243633c0c114",
              "isHook": false,
              "skipped": false
            },
            {
              "title": "Select Date and Time",
              "fullTitle": "The user is able not able to request prior appointment for the meeting without populating 'Email' field Select Date and Time",
              "timedOut": null,
              "duration": 10725,
              "state": "failed",
              "speed": null,
              "pass": false,
              "fail": true,
              "pending": false,
              "context": "{\n  \"title\": \"Failed screenshot\",\n  \"value\": \"screenshots/OVAC/2.Regresion/1.User_Side_section.js/The user is able not able to request prior appointment for the meeting without populating 'Email' field -- Select Date and Time (failed).png\"\n}",
              "code": "appointment.select_appointment_date();",
              "err": {
                "message": "AssertionError: Timed out retrying: Expected to find element: `//*[@id=\"root\"]/div/div[2]/div[1]/div/div[1]/div/div[2]/div[3]/div/div/div/div/div/div/div[2]/div/div[1]/div/div[2]/div/div/div/div[2]/button[31]`, but never found it.",
                "estack": "AssertionError: Timed out retrying: Expected to find element: `//*[@id=\"root\"]/div/div[2]/div[1]/div/div[1]/div/div[2]/div[3]/div/div/div/div/div/div/div[2]/div/div[1]/div/div[2]/div/div/div/div[2]/button[31]`, but never found it.\n    at ensureExistence (https://ovac.pre.councilbox.com/__cypress/runner/cypress_runner.js:137673:32)\n    at Object.ensureElExistence (https://ovac.pre.councilbox.com/__cypress/runner/cypress_runner.js:137691:12)\n    at ensureExistence (https://ovac.pre.councilbox.com/__cypress/runner/cypress_runner.js:127867:23)\n    at onFailFn (https://ovac.pre.councilbox.com/__cypress/runner/cypress_runner.js:127905:9)\n    at tryCatcher (https://ovac.pre.councilbox.com/__cypress/runner/cypress_runner.js:9065:23)\n    at Promise._settlePromiseFromHandler (https://ovac.pre.councilbox.com/__cypress/runner/cypress_runner.js:7000:31)\n    at Promise._settlePromise (https://ovac.pre.councilbox.com/__cypress/runner/cypress_runner.js:7057:18)\n    at Promise._settlePromise0 (https://ovac.pre.councilbox.com/__cypress/runner/cypress_runner.js:7102:10)\n    at Promise._settlePromises (https://ovac.pre.councilbox.com/__cypress/runner/cypress_runner.js:7178:18)\n    at _drainQueueStep (https://ovac.pre.councilbox.com/__cypress/runner/cypress_runner.js:3772:12)\n    at _drainQueue (https://ovac.pre.councilbox.com/__cypress/runner/cypress_runner.js:3765:9)\n    at Async.../../node_modules/bluebird/js/release/async.js.Async._drainQueues (https://ovac.pre.councilbox.com/__cypress/runner/cypress_runner.js:3781:5)\n    at Async.drainQueues (https://ovac.pre.councilbox.com/__cypress/runner/cypress_runner.js:3651:14)",
                "diff": null
              },
              "uuid": "613daaa8-fc86-4395-afad-db500a3bfc00",
              "parentUUID": "8b7f255e-eece-48e3-ab77-243633c0c114",
              "isHook": false,
              "skipped": false
            },
            {
              "title": "Click 'CONTINUE'",
              "fullTitle": "The user is able not able to request prior appointment for the meeting without populating 'Email' field Click 'CONTINUE'",
              "timedOut": null,
              "duration": 1350,
              "state": "passed",
              "speed": "slow",
              "pass": true,
              "fail": false,
              "pending": false,
              "context": null,
              "code": "appointment.click_continue();",
              "err": {},
              "uuid": "19d4dd95-632d-408c-b573-5d1448c787f8",
              "parentUUID": "8b7f255e-eece-48e3-ab77-243633c0c114",
              "isHook": false,
              "skipped": false
            },
            {
              "title": "Enter required fields except 'Email'",
              "fullTitle": "The user is able not able to request prior appointment for the meeting without populating 'Email' field Enter required fields except 'Email'",
              "timedOut": null,
              "duration": 10392,
              "state": "failed",
              "speed": null,
              "pass": false,
              "fail": true,
              "pending": false,
              "context": "{\n  \"title\": \"Failed screenshot\",\n  \"value\": \"screenshots/OVAC/2.Regresion/1.User_Side_section.js/The user is able not able to request prior appointment for the meeting without populating 'Email' field -- Enter required fields except 'Email' (failed).png\"\n}",
              "code": "appointment.enter_name(name);\nappointment.enter_surname(surname);\nappointment.enter_TIN(tin);\nappointment.enter_telephone_no(phone_code, phone);\nappointment.accept_everything();",
              "err": {
                "message": "AssertionError: Timed out retrying: Expected to find element: `#appointment-participant-name`, but never found it.",
                "estack": "AssertionError: Timed out retrying: Expected to find element: `#appointment-participant-name`, but never found it.\n    at ensureExistence (https://ovac.pre.councilbox.com/__cypress/runner/cypress_runner.js:137673:32)\n    at Object.ensureElExistence (https://ovac.pre.councilbox.com/__cypress/runner/cypress_runner.js:137691:12)\n    at ensureExistence (https://ovac.pre.councilbox.com/__cypress/runner/cypress_runner.js:127867:23)\n    at onFailFn (https://ovac.pre.councilbox.com/__cypress/runner/cypress_runner.js:127905:9)\n    at tryCatcher (https://ovac.pre.councilbox.com/__cypress/runner/cypress_runner.js:9065:23)\n    at Promise._settlePromiseFromHandler (https://ovac.pre.councilbox.com/__cypress/runner/cypress_runner.js:7000:31)\n    at Promise._settlePromise (https://ovac.pre.councilbox.com/__cypress/runner/cypress_runner.js:7057:18)\n    at Promise._settlePromise0 (https://ovac.pre.councilbox.com/__cypress/runner/cypress_runner.js:7102:10)\n    at Promise._settlePromises (https://ovac.pre.councilbox.com/__cypress/runner/cypress_runner.js:7178:18)\n    at _drainQueueStep (https://ovac.pre.councilbox.com/__cypress/runner/cypress_runner.js:3772:12)\n    at _drainQueue (https://ovac.pre.councilbox.com/__cypress/runner/cypress_runner.js:3765:9)\n    at Async.../../node_modules/bluebird/js/release/async.js.Async._drainQueues (https://ovac.pre.councilbox.com/__cypress/runner/cypress_runner.js:3781:5)\n    at Async.drainQueues (https://ovac.pre.councilbox.com/__cypress/runner/cypress_runner.js:3651:14)",
                "diff": null
              },
              "uuid": "830f5fd9-7890-42e7-bee1-446e758511ec",
              "parentUUID": "8b7f255e-eece-48e3-ab77-243633c0c114",
              "isHook": false,
              "skipped": false
            },
            {
              "title": "Click 'CONFIRM'",
              "fullTitle": "The user is able not able to request prior appointment for the meeting without populating 'Email' field Click 'CONFIRM'",
              "timedOut": null,
              "duration": 138,
              "state": "passed",
              "speed": "slow",
              "pass": true,
              "fail": false,
              "pending": false,
              "context": null,
              "code": "appointment.click_confirm();",
              "err": {},
              "uuid": "0fed19ed-e774-43ab-9edd-70b839eb47ae",
              "parentUUID": "8b7f255e-eece-48e3-ab77-243633c0c114",
              "isHook": false,
              "skipped": false
            },
            {
              "title": "The alert message 'Required field' is displayed beyond the 'Email' field",
              "fullTitle": "The user is able not able to request prior appointment for the meeting without populating 'Email' field The alert message 'Required field' is displayed beyond the 'Email' field",
              "timedOut": null,
              "duration": 10411,
              "state": "failed",
              "speed": null,
              "pass": false,
              "fail": true,
              "pending": false,
              "context": "{\n  \"title\": \"Failed screenshot\",\n  \"value\": \"screenshots/OVAC/2.Regresion/1.User_Side_section.js/The user is able not able to request prior appointment for the meeting without populating 'Email' field -- The alert message 'Required field' is displayed beyond the 'Email' field (failed).png\"\n}",
              "code": "appointment.verify_required_field_message();",
              "err": {
                "message": "AssertionError: Timed out retrying: Expected to find element: `(//*[@class=\"MuiFormHelperText-root error-text Mui-error\"])`, but never found it.",
                "estack": "AssertionError: Timed out retrying: Expected to find element: `(//*[@class=\"MuiFormHelperText-root error-text Mui-error\"])`, but never found it.\n    at ensureExistence (https://ovac.pre.councilbox.com/__cypress/runner/cypress_runner.js:137673:32)\n    at Object.ensureElExistence (https://ovac.pre.councilbox.com/__cypress/runner/cypress_runner.js:137691:12)\n    at ensureExistence (https://ovac.pre.councilbox.com/__cypress/runner/cypress_runner.js:127867:23)\n    at onFailFn (https://ovac.pre.councilbox.com/__cypress/runner/cypress_runner.js:127905:9)\n    at tryCatcher (https://ovac.pre.councilbox.com/__cypress/runner/cypress_runner.js:9065:23)\n    at Promise._settlePromiseFromHandler (https://ovac.pre.councilbox.com/__cypress/runner/cypress_runner.js:7000:31)\n    at Promise._settlePromise (https://ovac.pre.councilbox.com/__cypress/runner/cypress_runner.js:7057:18)\n    at Promise._settlePromise0 (https://ovac.pre.councilbox.com/__cypress/runner/cypress_runner.js:7102:10)\n    at Promise._settlePromises (https://ovac.pre.councilbox.com/__cypress/runner/cypress_runner.js:7178:18)\n    at _drainQueueStep (https://ovac.pre.councilbox.com/__cypress/runner/cypress_runner.js:3772:12)\n    at _drainQueue (https://ovac.pre.councilbox.com/__cypress/runner/cypress_runner.js:3765:9)\n    at Async.../../node_modules/bluebird/js/release/async.js.Async._drainQueues (https://ovac.pre.councilbox.com/__cypress/runner/cypress_runner.js:3781:5)\n    at Async.drainQueues (https://ovac.pre.councilbox.com/__cypress/runner/cypress_runner.js:3651:14)",
                "diff": null
              },
              "uuid": "6df71dc9-d3a3-4310-8ba1-3f629e27cd70",
              "parentUUID": "8b7f255e-eece-48e3-ab77-243633c0c114",
              "isHook": false,
              "skipped": false
            }
          ],
          "suites": [],
          "passes": [
            "3d4f36ca-1591-4f17-ab91-fc3abb06c090",
            "f3933dd7-7a04-41ad-8c95-12487b70bfc6",
            "d5e8ed1e-4012-48d5-beb5-25f26680b407",
            "7ae712ce-5152-42fd-9ce3-858c1a85ed7e",
            "19d4dd95-632d-408c-b573-5d1448c787f8",
            "0fed19ed-e774-43ab-9edd-70b839eb47ae"
          ],
          "failures": [
            "613daaa8-fc86-4395-afad-db500a3bfc00",
            "830f5fd9-7890-42e7-bee1-446e758511ec",
            "6df71dc9-d3a3-4310-8ba1-3f629e27cd70"
          ],
          "pending": [],
          "skipped": [],
          "duration": 37143,
          "root": false,
          "rootEmpty": false,
          "_timeout": 2000
        },
        {
          "uuid": "d632828f-4793-4910-8617-d16a7d994f7a",
          "title": "The user is able not able to request prior appointment for the meeting without accepting the terms",
          "fullFile": "",
          "file": "",
          "beforeHooks": [],
          "afterHooks": [],
          "tests": [
            {
              "title": "Open the browser and enter the URL",
              "fullTitle": "The user is able not able to request prior appointment for the meeting without accepting the terms Open the browser and enter the URL",
              "timedOut": null,
              "duration": 989,
              "state": "passed",
              "speed": "slow",
              "pass": true,
              "fail": false,
              "pending": false,
              "context": null,
              "code": "cy.clearLocalStorage();\nlogin.navigate_user();",
              "err": {},
              "uuid": "fafdd23c-1cf9-4d64-86c8-041aa6032b17",
              "parentUUID": "d632828f-4793-4910-8617-d16a7d994f7a",
              "isHook": false,
              "skipped": false
            },
            {
              "title": "'Click on the 'Request prior appointment' button",
              "fullTitle": "The user is able not able to request prior appointment for the meeting without accepting the terms 'Click on the 'Request prior appointment' button",
              "timedOut": null,
              "duration": 1982,
              "state": "passed",
              "speed": "slow",
              "pass": true,
              "fail": false,
              "pending": false,
              "context": null,
              "code": "appointment.request_prior_appointment_button();",
              "err": {},
              "uuid": "1f75b230-2a26-4017-98ac-72ea1f7fa6c5",
              "parentUUID": "d632828f-4793-4910-8617-d16a7d994f7a",
              "isHook": false,
              "skipped": false
            },
            {
              "title": "Select 'Service requested'",
              "fullTitle": "The user is able not able to request prior appointment for the meeting without accepting the terms Select 'Service requested'",
              "timedOut": null,
              "duration": 1168,
              "state": "passed",
              "speed": "slow",
              "pass": true,
              "fail": false,
              "pending": false,
              "context": null,
              "code": "appointment.select_service_requested();",
              "err": {},
              "uuid": "5169dd36-193d-4d4f-b7ae-d9235f1d917b",
              "parentUUID": "d632828f-4793-4910-8617-d16a7d994f7a",
              "isHook": false,
              "skipped": false
            },
            {
              "title": "Click 'CONTINUE'",
              "fullTitle": "The user is able not able to request prior appointment for the meeting without accepting the terms Click 'CONTINUE'",
              "timedOut": null,
              "duration": 161,
              "state": "passed",
              "speed": "slow",
              "pass": true,
              "fail": false,
              "pending": false,
              "context": null,
              "code": "appointment.click_continue();",
              "err": {},
              "uuid": "8bb8ad8e-d60b-414d-9581-3c4351ceed91",
              "parentUUID": "d632828f-4793-4910-8617-d16a7d994f7a",
              "isHook": false,
              "skipped": false
            },
            {
              "title": "Select Date and Time",
              "fullTitle": "The user is able not able to request prior appointment for the meeting without accepting the terms Select Date and Time",
              "timedOut": null,
              "duration": 10670,
              "state": "failed",
              "speed": null,
              "pass": false,
              "fail": true,
              "pending": false,
              "context": "{\n  \"title\": \"Failed screenshot\",\n  \"value\": \"screenshots/OVAC/2.Regresion/1.User_Side_section.js/The user is able not able to request prior appointment for the meeting without accepting the terms -- Select Date and Time (failed).png\"\n}",
              "code": "appointment.select_appointment_date();",
              "err": {
                "message": "AssertionError: Timed out retrying: Expected to find element: `//*[@id=\"root\"]/div/div[2]/div[1]/div/div[1]/div/div[2]/div[3]/div/div/div/div/div/div/div[2]/div/div[1]/div/div[2]/div/div/div/div[2]/button[31]`, but never found it.",
                "estack": "AssertionError: Timed out retrying: Expected to find element: `//*[@id=\"root\"]/div/div[2]/div[1]/div/div[1]/div/div[2]/div[3]/div/div/div/div/div/div/div[2]/div/div[1]/div/div[2]/div/div/div/div[2]/button[31]`, but never found it.\n    at ensureExistence (https://ovac.pre.councilbox.com/__cypress/runner/cypress_runner.js:137673:32)\n    at Object.ensureElExistence (https://ovac.pre.councilbox.com/__cypress/runner/cypress_runner.js:137691:12)\n    at ensureExistence (https://ovac.pre.councilbox.com/__cypress/runner/cypress_runner.js:127867:23)\n    at onFailFn (https://ovac.pre.councilbox.com/__cypress/runner/cypress_runner.js:127905:9)\n    at tryCatcher (https://ovac.pre.councilbox.com/__cypress/runner/cypress_runner.js:9065:23)\n    at Promise._settlePromiseFromHandler (https://ovac.pre.councilbox.com/__cypress/runner/cypress_runner.js:7000:31)\n    at Promise._settlePromise (https://ovac.pre.councilbox.com/__cypress/runner/cypress_runner.js:7057:18)\n    at Promise._settlePromise0 (https://ovac.pre.councilbox.com/__cypress/runner/cypress_runner.js:7102:10)\n    at Promise._settlePromises (https://ovac.pre.councilbox.com/__cypress/runner/cypress_runner.js:7178:18)\n    at _drainQueueStep (https://ovac.pre.councilbox.com/__cypress/runner/cypress_runner.js:3772:12)\n    at _drainQueue (https://ovac.pre.councilbox.com/__cypress/runner/cypress_runner.js:3765:9)\n    at Async.../../node_modules/bluebird/js/release/async.js.Async._drainQueues (https://ovac.pre.councilbox.com/__cypress/runner/cypress_runner.js:3781:5)\n    at Async.drainQueues (https://ovac.pre.councilbox.com/__cypress/runner/cypress_runner.js:3651:14)",
                "diff": null
              },
              "uuid": "e7f31117-9b72-49f0-855a-481e47cf3839",
              "parentUUID": "d632828f-4793-4910-8617-d16a7d994f7a",
              "isHook": false,
              "skipped": false
            },
            {
              "title": "Click 'CONTINUE'",
              "fullTitle": "The user is able not able to request prior appointment for the meeting without accepting the terms Click 'CONTINUE'",
              "timedOut": null,
              "duration": 1304,
              "state": "passed",
              "speed": "slow",
              "pass": true,
              "fail": false,
              "pending": false,
              "context": null,
              "code": "appointment.click_continue();",
              "err": {},
              "uuid": "b582b9d7-d552-4d3b-8603-48ab87d3d769",
              "parentUUID": "d632828f-4793-4910-8617-d16a7d994f7a",
              "isHook": false,
              "skipped": false
            },
            {
              "title": "Enter required fields except but don't Accept Terms",
              "fullTitle": "The user is able not able to request prior appointment for the meeting without accepting the terms Enter required fields except but don't Accept Terms",
              "timedOut": null,
              "duration": 10499,
              "state": "failed",
              "speed": null,
              "pass": false,
              "fail": true,
              "pending": false,
              "context": "{\n  \"title\": \"Failed screenshot\",\n  \"value\": \"screenshots/OVAC/2.Regresion/1.User_Side_section.js/The user is able not able to request prior appointment for the meeting without accepting the terms -- Enter required fields except but don't Accept Terms (failed).png\"\n}",
              "code": "appointment.enter_name(name);\nappointment.enter_surname(surname);\nappointment.enter_TIN(tin);\nappointment.enter_telephone_no(phone_code, phone);\nappointment.enter_email(email);",
              "err": {
                "message": "AssertionError: Timed out retrying: Expected to find element: `#appointment-participant-name`, but never found it.",
                "estack": "AssertionError: Timed out retrying: Expected to find element: `#appointment-participant-name`, but never found it.\n    at ensureExistence (https://ovac.pre.councilbox.com/__cypress/runner/cypress_runner.js:137673:32)\n    at Object.ensureElExistence (https://ovac.pre.councilbox.com/__cypress/runner/cypress_runner.js:137691:12)\n    at ensureExistence (https://ovac.pre.councilbox.com/__cypress/runner/cypress_runner.js:127867:23)\n    at onFailFn (https://ovac.pre.councilbox.com/__cypress/runner/cypress_runner.js:127905:9)\n    at tryCatcher (https://ovac.pre.councilbox.com/__cypress/runner/cypress_runner.js:9065:23)\n    at Promise._settlePromiseFromHandler (https://ovac.pre.councilbox.com/__cypress/runner/cypress_runner.js:7000:31)\n    at Promise._settlePromise (https://ovac.pre.councilbox.com/__cypress/runner/cypress_runner.js:7057:18)\n    at Promise._settlePromise0 (https://ovac.pre.councilbox.com/__cypress/runner/cypress_runner.js:7102:10)\n    at Promise._settlePromises (https://ovac.pre.councilbox.com/__cypress/runner/cypress_runner.js:7178:18)\n    at _drainQueueStep (https://ovac.pre.councilbox.com/__cypress/runner/cypress_runner.js:3772:12)\n    at _drainQueue (https://ovac.pre.councilbox.com/__cypress/runner/cypress_runner.js:3765:9)\n    at Async.../../node_modules/bluebird/js/release/async.js.Async._drainQueues (https://ovac.pre.councilbox.com/__cypress/runner/cypress_runner.js:3781:5)\n    at Async.drainQueues (https://ovac.pre.councilbox.com/__cypress/runner/cypress_runner.js:3651:14)",
                "diff": null
              },
              "uuid": "b1e4e4b5-f014-4a99-970c-b355d753192f",
              "parentUUID": "d632828f-4793-4910-8617-d16a7d994f7a",
              "isHook": false,
              "skipped": false
            },
            {
              "title": "Click 'CONFIRM'",
              "fullTitle": "The user is able not able to request prior appointment for the meeting without accepting the terms Click 'CONFIRM'",
              "timedOut": null,
              "duration": 154,
              "state": "passed",
              "speed": "slow",
              "pass": true,
              "fail": false,
              "pending": false,
              "context": null,
              "code": "appointment.click_confirm();",
              "err": {},
              "uuid": "36a51955-a335-4284-b14b-775d911399b8",
              "parentUUID": "d632828f-4793-4910-8617-d16a7d994f7a",
              "isHook": false,
              "skipped": false
            },
            {
              "title": "The alert message 'Required field' is displayed beyond the 'Terms' field",
              "fullTitle": "The user is able not able to request prior appointment for the meeting without accepting the terms The alert message 'Required field' is displayed beyond the 'Terms' field",
              "timedOut": null,
              "duration": 10479,
              "state": "failed",
              "speed": null,
              "pass": false,
              "fail": true,
              "pending": false,
              "context": "{\n  \"title\": \"Failed screenshot\",\n  \"value\": \"screenshots/OVAC/2.Regresion/1.User_Side_section.js/The user is able not able to request prior appointment for the meeting without accepting the terms -- The alert message 'Required field' is displayed beyond the 'Terms' field (failed).png\"\n}",
              "code": "appointment.verify_accept_terms_error_message();",
              "err": {
                "message": "AssertionError: Timed out retrying: Expected to find element: `//*[@class=\"MuiGrid-root MuiGrid-item MuiGrid-grid-xs-12 MuiGrid-grid-md-11\"]`, but never found it.",
                "estack": "AssertionError: Timed out retrying: Expected to find element: `//*[@class=\"MuiGrid-root MuiGrid-item MuiGrid-grid-xs-12 MuiGrid-grid-md-11\"]`, but never found it.\n    at ensureExistence (https://ovac.pre.councilbox.com/__cypress/runner/cypress_runner.js:137673:32)\n    at Object.ensureElExistence (https://ovac.pre.councilbox.com/__cypress/runner/cypress_runner.js:137691:12)\n    at ensureExistence (https://ovac.pre.councilbox.com/__cypress/runner/cypress_runner.js:127867:23)\n    at onFailFn (https://ovac.pre.councilbox.com/__cypress/runner/cypress_runner.js:127905:9)\n    at tryCatcher (https://ovac.pre.councilbox.com/__cypress/runner/cypress_runner.js:9065:23)\n    at Promise._settlePromiseFromHandler (https://ovac.pre.councilbox.com/__cypress/runner/cypress_runner.js:7000:31)\n    at Promise._settlePromise (https://ovac.pre.councilbox.com/__cypress/runner/cypress_runner.js:7057:18)\n    at Promise._settlePromise0 (https://ovac.pre.councilbox.com/__cypress/runner/cypress_runner.js:7102:10)\n    at Promise._settlePromises (https://ovac.pre.councilbox.com/__cypress/runner/cypress_runner.js:7178:18)\n    at _drainQueueStep (https://ovac.pre.councilbox.com/__cypress/runner/cypress_runner.js:3772:12)\n    at _drainQueue (https://ovac.pre.councilbox.com/__cypress/runner/cypress_runner.js:3765:9)\n    at Async.../../node_modules/bluebird/js/release/async.js.Async._drainQueues (https://ovac.pre.councilbox.com/__cypress/runner/cypress_runner.js:3781:5)\n    at Async.drainQueues (https://ovac.pre.councilbox.com/__cypress/runner/cypress_runner.js:3651:14)",
                "diff": null
              },
              "uuid": "818efbed-4c66-41a6-a509-797cd5da2a47",
              "parentUUID": "d632828f-4793-4910-8617-d16a7d994f7a",
              "isHook": false,
              "skipped": false
            }
          ],
          "suites": [],
          "passes": [
            "fafdd23c-1cf9-4d64-86c8-041aa6032b17",
            "1f75b230-2a26-4017-98ac-72ea1f7fa6c5",
            "5169dd36-193d-4d4f-b7ae-d9235f1d917b",
            "8bb8ad8e-d60b-414d-9581-3c4351ceed91",
            "b582b9d7-d552-4d3b-8603-48ab87d3d769",
            "36a51955-a335-4284-b14b-775d911399b8"
          ],
          "failures": [
            "e7f31117-9b72-49f0-855a-481e47cf3839",
            "b1e4e4b5-f014-4a99-970c-b355d753192f",
            "818efbed-4c66-41a6-a509-797cd5da2a47"
          ],
          "pending": [],
          "skipped": [],
          "duration": 37406,
          "root": false,
          "rootEmpty": false,
          "_timeout": 2000
        },
        {
          "uuid": "59a187cf-f5c9-4bf0-82d2-4574afe11751",
          "title": "The user is able to see administration documentation - Participant side",
          "fullFile": "",
          "file": "",
          "beforeHooks": [],
          "afterHooks": [],
          "tests": [
            {
              "title": "Open the browser and enter the URL",
              "fullTitle": "The user is able to see administration documentation - Participant side Open the browser and enter the URL",
              "timedOut": null,
              "duration": 913,
              "state": "passed",
              "speed": "slow",
              "pass": true,
              "fail": false,
              "pending": false,
              "context": null,
              "code": "cy.clearLocalStorage();\nlogin.navigate_user();",
              "err": {},
              "uuid": "b5e921f3-326f-4c5f-9b03-49000a86631f",
              "parentUUID": "59a187cf-f5c9-4bf0-82d2-4574afe11751",
              "isHook": false,
              "skipped": false
            },
            {
              "title": "'Click on the 'Request prior appointment' button",
              "fullTitle": "The user is able to see administration documentation - Participant side 'Click on the 'Request prior appointment' button",
              "timedOut": null,
              "duration": 1618,
              "state": "passed",
              "speed": "slow",
              "pass": true,
              "fail": false,
              "pending": false,
              "context": null,
              "code": "appointment.request_prior_appointment_button();",
              "err": {},
              "uuid": "dc70bf1d-8228-4e3a-90b9-8d28b61aaee7",
              "parentUUID": "59a187cf-f5c9-4bf0-82d2-4574afe11751",
              "isHook": false,
              "skipped": false
            },
            {
              "title": "Select 'Service requested'",
              "fullTitle": "The user is able to see administration documentation - Participant side Select 'Service requested'",
              "timedOut": null,
              "duration": 1374,
              "state": "passed",
              "speed": "slow",
              "pass": true,
              "fail": false,
              "pending": false,
              "context": null,
              "code": "appointment.select_service_requested();",
              "err": {},
              "uuid": "1fc536ee-e0a6-41b9-8c0e-5acdc3c8ef3f",
              "parentUUID": "59a187cf-f5c9-4bf0-82d2-4574afe11751",
              "isHook": false,
              "skipped": false
            },
            {
              "title": "Click 'CONTINUE'",
              "fullTitle": "The user is able to see administration documentation - Participant side Click 'CONTINUE'",
              "timedOut": null,
              "duration": 156,
              "state": "passed",
              "speed": "slow",
              "pass": true,
              "fail": false,
              "pending": false,
              "context": null,
              "code": "appointment.click_continue();",
              "err": {},
              "uuid": "96d1fc23-2953-4444-adce-709b039fe8a1",
              "parentUUID": "59a187cf-f5c9-4bf0-82d2-4574afe11751",
              "isHook": false,
              "skipped": false
            },
            {
              "title": "Select Date and Time",
              "fullTitle": "The user is able to see administration documentation - Participant side Select Date and Time",
              "timedOut": null,
              "duration": 10711,
              "state": "failed",
              "speed": null,
              "pass": false,
              "fail": true,
              "pending": false,
              "context": "{\n  \"title\": \"Failed screenshot\",\n  \"value\": \"screenshots/OVAC/2.Regresion/1.User_Side_section.js/The user is able to see administration documentation - Participant side -- Select Date and Time (failed).png\"\n}",
              "code": "appointment.select_appointment_date();",
              "err": {
                "message": "AssertionError: Timed out retrying: Expected to find element: `//*[@id=\"root\"]/div/div[2]/div[1]/div/div[1]/div/div[2]/div[3]/div/div/div/div/div/div/div[2]/div/div[1]/div/div[2]/div/div/div/div[2]/button[31]`, but never found it.",
                "estack": "AssertionError: Timed out retrying: Expected to find element: `//*[@id=\"root\"]/div/div[2]/div[1]/div/div[1]/div/div[2]/div[3]/div/div/div/div/div/div/div[2]/div/div[1]/div/div[2]/div/div/div/div[2]/button[31]`, but never found it.\n    at ensureExistence (https://ovac.pre.councilbox.com/__cypress/runner/cypress_runner.js:137673:32)\n    at Object.ensureElExistence (https://ovac.pre.councilbox.com/__cypress/runner/cypress_runner.js:137691:12)\n    at ensureExistence (https://ovac.pre.councilbox.com/__cypress/runner/cypress_runner.js:127867:23)\n    at onFailFn (https://ovac.pre.councilbox.com/__cypress/runner/cypress_runner.js:127905:9)\n    at tryCatcher (https://ovac.pre.councilbox.com/__cypress/runner/cypress_runner.js:9065:23)\n    at Promise._settlePromiseFromHandler (https://ovac.pre.councilbox.com/__cypress/runner/cypress_runner.js:7000:31)\n    at Promise._settlePromise (https://ovac.pre.councilbox.com/__cypress/runner/cypress_runner.js:7057:18)\n    at Promise._settlePromise0 (https://ovac.pre.councilbox.com/__cypress/runner/cypress_runner.js:7102:10)\n    at Promise._settlePromises (https://ovac.pre.councilbox.com/__cypress/runner/cypress_runner.js:7178:18)\n    at _drainQueueStep (https://ovac.pre.councilbox.com/__cypress/runner/cypress_runner.js:3772:12)\n    at _drainQueue (https://ovac.pre.councilbox.com/__cypress/runner/cypress_runner.js:3765:9)\n    at Async.../../node_modules/bluebird/js/release/async.js.Async._drainQueues (https://ovac.pre.councilbox.com/__cypress/runner/cypress_runner.js:3781:5)\n    at Async.drainQueues (https://ovac.pre.councilbox.com/__cypress/runner/cypress_runner.js:3651:14)",
                "diff": null
              },
              "uuid": "823c1c23-d99f-4095-a815-7309ca172838",
              "parentUUID": "59a187cf-f5c9-4bf0-82d2-4574afe11751",
              "isHook": false,
              "skipped": false
            },
            {
              "title": "Click 'CONTINUE'",
              "fullTitle": "The user is able to see administration documentation - Participant side Click 'CONTINUE'",
              "timedOut": null,
              "duration": 867,
              "state": "passed",
              "speed": "slow",
              "pass": true,
              "fail": false,
              "pending": false,
              "context": null,
              "code": "appointment.click_continue();",
              "err": {},
              "uuid": "51890718-a266-4f1e-abd2-4f099f608c6b",
              "parentUUID": "59a187cf-f5c9-4bf0-82d2-4574afe11751",
              "isHook": false,
              "skipped": false
            },
            {
              "title": "Enter required fields except but don't Accept Terms",
              "fullTitle": "The user is able to see administration documentation - Participant side Enter required fields except but don't Accept Terms",
              "timedOut": null,
              "duration": 10424,
              "state": "failed",
              "speed": null,
              "pass": false,
              "fail": true,
              "pending": false,
              "context": "{\n  \"title\": \"Failed screenshot\",\n  \"value\": \"screenshots/OVAC/2.Regresion/1.User_Side_section.js/The user is able to see administration documentation - Participant side -- Enter required fields except but don't Accept Terms (failed).png\"\n}",
              "code": "appointment.enter_name(name);\nappointment.enter_surname(surname);\nappointment.enter_TIN(tin);\nappointment.enter_telephone_no(phone_code, phone);\nappointment.enter_email(email_user);",
              "err": {
                "message": "AssertionError: Timed out retrying: Expected to find element: `#appointment-participant-name`, but never found it.",
                "estack": "AssertionError: Timed out retrying: Expected to find element: `#appointment-participant-name`, but never found it.\n    at ensureExistence (https://ovac.pre.councilbox.com/__cypress/runner/cypress_runner.js:137673:32)\n    at Object.ensureElExistence (https://ovac.pre.councilbox.com/__cypress/runner/cypress_runner.js:137691:12)\n    at ensureExistence (https://ovac.pre.councilbox.com/__cypress/runner/cypress_runner.js:127867:23)\n    at onFailFn (https://ovac.pre.councilbox.com/__cypress/runner/cypress_runner.js:127905:9)\n    at tryCatcher (https://ovac.pre.councilbox.com/__cypress/runner/cypress_runner.js:9065:23)\n    at Promise._settlePromiseFromHandler (https://ovac.pre.councilbox.com/__cypress/runner/cypress_runner.js:7000:31)\n    at Promise._settlePromise (https://ovac.pre.councilbox.com/__cypress/runner/cypress_runner.js:7057:18)\n    at Promise._settlePromise0 (https://ovac.pre.councilbox.com/__cypress/runner/cypress_runner.js:7102:10)\n    at Promise._settlePromises (https://ovac.pre.councilbox.com/__cypress/runner/cypress_runner.js:7178:18)\n    at _drainQueueStep (https://ovac.pre.councilbox.com/__cypress/runner/cypress_runner.js:3772:12)\n    at _drainQueue (https://ovac.pre.councilbox.com/__cypress/runner/cypress_runner.js:3765:9)\n    at Async.../../node_modules/bluebird/js/release/async.js.Async._drainQueues (https://ovac.pre.councilbox.com/__cypress/runner/cypress_runner.js:3781:5)\n    at Async.drainQueues (https://ovac.pre.councilbox.com/__cypress/runner/cypress_runner.js:3651:14)",
                "diff": null
              },
              "uuid": "b9f9010b-12c9-4638-9068-d02cc2fd211f",
              "parentUUID": "59a187cf-f5c9-4bf0-82d2-4574afe11751",
              "isHook": false,
              "skipped": false
            }
          ],
          "suites": [],
          "passes": [
            "b5e921f3-326f-4c5f-9b03-49000a86631f",
            "dc70bf1d-8228-4e3a-90b9-8d28b61aaee7",
            "1fc536ee-e0a6-41b9-8c0e-5acdc3c8ef3f",
            "96d1fc23-2953-4444-adce-709b039fe8a1",
            "51890718-a266-4f1e-abd2-4f099f608c6b"
          ],
          "failures": [
            "823c1c23-d99f-4095-a815-7309ca172838",
            "b9f9010b-12c9-4638-9068-d02cc2fd211f"
          ],
          "pending": [],
          "skipped": [],
          "duration": 26063,
          "root": false,
          "rootEmpty": false,
          "_timeout": 2000
        }
      ],
      "passes": [],
      "failures": [],
      "pending": [],
      "skipped": [],
      "duration": 0,
      "root": true,
      "rootEmpty": true,
      "_timeout": 2000
    }
  ],
  "meta": {
    "mocha": {
      "version": "7.0.1"
    },
    "mochawesome": {
      "options": {
        "quiet": false,
        "reportFilename": "mochawesome",
        "saveHtml": false,
        "saveJson": true,
        "consoleReporter": "spec",
        "useInlineDiffs": false,
        "code": true
      },
      "version": "6.3.1"
    },
    "marge": {
      "options": {
        "id": "default",
        "reportDir": "cypress/reports/mocha",
        "quite": true,
        "overwrite": false,
        "html": false,
        "json": true
      },
      "version": "5.2.0"
    }
  }
}