{
  "stats": {
    "suites": 2,
    "tests": 35,
    "passes": 2,
    "pending": 0,
    "failures": 33,
    "start": "2022-01-04T15:56:47.607Z",
    "end": "2022-01-04T15:59:04.016Z",
    "duration": 136409,
    "testsRegistered": 35,
    "passPercent": 5.714285714285714,
    "pendingPercent": 0,
    "other": 0,
    "hasOther": false,
    "skipped": 0,
    "hasSkipped": false
  },
  "results": [
    {
      "uuid": "777a5589-ea0f-48a5-a3bb-21c5641ba2c4",
      "title": "",
      "fullFile": "cypress\\integration\\1.Smoke\\6.New_Meeting(Adming Side)_section_pt2.js",
      "file": "cypress\\integration\\1.Smoke\\6.New_Meeting(Adming Side)_section_pt2.js",
      "beforeHooks": [],
      "afterHooks": [],
      "tests": [],
      "suites": [
        {
          "uuid": "51e10001-02fd-4866-95d5-078f14706359",
          "title": "The user is able to activate ratings in the 'New call with session'",
          "fullFile": "",
          "file": "",
          "beforeHooks": [],
          "afterHooks": [],
          "tests": [
            {
              "title": "Click on the 'Nueva reunion' button",
              "fullTitle": "The user is able to activate ratings in the 'New call with session' Click on the 'Nueva reunion' button",
              "timedOut": null,
              "duration": 4386,
              "state": "failed",
              "speed": null,
              "pass": false,
              "fail": true,
              "pending": false,
              "context": null,
              "code": "cy.get('#create-council-block').click();",
              "err": {
                "message": "AssertionError: Timed out retrying: Expected to find element: `#create-council-block`, but never found it.",
                "estack": "AssertionError: Timed out retrying: Expected to find element: `#create-council-block`, but never found it.\n    at ensureExistence (http://localhost:55943/__cypress/runner/cypress_runner.js:137673:32)\n    at Object.ensureElExistence (http://localhost:55943/__cypress/runner/cypress_runner.js:137691:12)\n    at ensureExistence (http://localhost:55943/__cypress/runner/cypress_runner.js:127867:23)\n    at onFailFn (http://localhost:55943/__cypress/runner/cypress_runner.js:127905:9)\n    at tryCatcher (http://localhost:55943/__cypress/runner/cypress_runner.js:9065:23)\n    at Promise._settlePromiseFromHandler (http://localhost:55943/__cypress/runner/cypress_runner.js:7000:31)\n    at Promise._settlePromise (http://localhost:55943/__cypress/runner/cypress_runner.js:7057:18)\n    at Promise._settlePromise0 (http://localhost:55943/__cypress/runner/cypress_runner.js:7102:10)\n    at Promise._settlePromises (http://localhost:55943/__cypress/runner/cypress_runner.js:7178:18)\n    at _drainQueueStep (http://localhost:55943/__cypress/runner/cypress_runner.js:3772:12)\n    at _drainQueue (http://localhost:55943/__cypress/runner/cypress_runner.js:3765:9)\n    at Async.../../node_modules/bluebird/js/release/async.js.Async._drainQueues (http://localhost:55943/__cypress/runner/cypress_runner.js:3781:5)\n    at Async.drainQueues (http://localhost:55943/__cypress/runner/cypress_runner.js:3651:14)",
                "diff": null
              },
              "uuid": "704e2bbe-4922-4c2a-bf3a-565615a6cdad",
              "parentUUID": "51e10001-02fd-4866-95d5-078f14706359",
              "isHook": false,
              "skipped": false
            },
            {
              "title": "Click on the “Con sesion” button",
              "fullTitle": "The user is able to activate ratings in the 'New call with session' Click on the “Con sesion” button",
              "timedOut": null,
              "duration": 4329,
              "state": "failed",
              "speed": null,
              "pass": false,
              "fail": true,
              "pending": false,
              "context": null,
              "code": "cy.get('#create-council-with-session').click();\ncy.wait(3000);",
              "err": {
                "message": "AssertionError: Timed out retrying: Expected to find element: `#create-council-with-session`, but never found it.",
                "estack": "AssertionError: Timed out retrying: Expected to find element: `#create-council-with-session`, but never found it.\n    at ensureExistence (http://localhost:55943/__cypress/runner/cypress_runner.js:137673:32)\n    at Object.ensureElExistence (http://localhost:55943/__cypress/runner/cypress_runner.js:137691:12)\n    at ensureExistence (http://localhost:55943/__cypress/runner/cypress_runner.js:127867:23)\n    at onFailFn (http://localhost:55943/__cypress/runner/cypress_runner.js:127905:9)\n    at tryCatcher (http://localhost:55943/__cypress/runner/cypress_runner.js:9065:23)\n    at Promise._settlePromiseFromHandler (http://localhost:55943/__cypress/runner/cypress_runner.js:7000:31)\n    at Promise._settlePromise (http://localhost:55943/__cypress/runner/cypress_runner.js:7057:18)\n    at Promise._settlePromise0 (http://localhost:55943/__cypress/runner/cypress_runner.js:7102:10)\n    at Promise._settlePromises (http://localhost:55943/__cypress/runner/cypress_runner.js:7178:18)\n    at _drainQueueStep (http://localhost:55943/__cypress/runner/cypress_runner.js:3772:12)\n    at _drainQueue (http://localhost:55943/__cypress/runner/cypress_runner.js:3765:9)\n    at Async.../../node_modules/bluebird/js/release/async.js.Async._drainQueues (http://localhost:55943/__cypress/runner/cypress_runner.js:3781:5)\n    at Async.drainQueues (http://localhost:55943/__cypress/runner/cypress_runner.js:3651:14)",
                "diff": null
              },
              "uuid": "262ced63-9ba1-4d9f-a009-4aca36ff3625",
              "parentUUID": "51e10001-02fd-4866-95d5-078f14706359",
              "isHook": false,
              "skipped": false
            },
            {
              "title": "Populate all required fields and click on the “Siguiente” button",
              "fullTitle": "The user is able to activate ratings in the 'New call with session' Populate all required fields and click on the “Siguiente” button",
              "timedOut": null,
              "duration": 4319,
              "state": "failed",
              "speed": null,
              "pass": false,
              "fail": true,
              "pending": false,
              "context": null,
              "code": "cy.get('#council-notice-type-select').click();\ncy.get('#council-notice-type-2').click();\ncy.get('#council-notice-title').clear().type('Test');\ncy.get('#council-notice-convene-intro').type('Test');\ncy.get('#council-editor-next').click();\ncy.wait(1000);",
              "err": {
                "message": "AssertionError: Timed out retrying: Expected to find element: `#council-notice-type-select`, but never found it.",
                "estack": "AssertionError: Timed out retrying: Expected to find element: `#council-notice-type-select`, but never found it.\n    at ensureExistence (http://localhost:55943/__cypress/runner/cypress_runner.js:137673:32)\n    at Object.ensureElExistence (http://localhost:55943/__cypress/runner/cypress_runner.js:137691:12)\n    at ensureExistence (http://localhost:55943/__cypress/runner/cypress_runner.js:127867:23)\n    at onFailFn (http://localhost:55943/__cypress/runner/cypress_runner.js:127905:9)\n    at tryCatcher (http://localhost:55943/__cypress/runner/cypress_runner.js:9065:23)\n    at Promise._settlePromiseFromHandler (http://localhost:55943/__cypress/runner/cypress_runner.js:7000:31)\n    at Promise._settlePromise (http://localhost:55943/__cypress/runner/cypress_runner.js:7057:18)\n    at Promise._settlePromise0 (http://localhost:55943/__cypress/runner/cypress_runner.js:7102:10)\n    at Promise._settlePromises (http://localhost:55943/__cypress/runner/cypress_runner.js:7178:18)\n    at _drainQueueStep (http://localhost:55943/__cypress/runner/cypress_runner.js:3772:12)\n    at _drainQueue (http://localhost:55943/__cypress/runner/cypress_runner.js:3765:9)\n    at Async.../../node_modules/bluebird/js/release/async.js.Async._drainQueues (http://localhost:55943/__cypress/runner/cypress_runner.js:3781:5)\n    at Async.drainQueues (http://localhost:55943/__cypress/runner/cypress_runner.js:3651:14)",
                "diff": null
              },
              "uuid": "09dffdb3-5147-4c7e-bb91-7e71cc62cd9b",
              "parentUUID": "51e10001-02fd-4866-95d5-078f14706359",
              "isHook": false,
              "skipped": false
            },
            {
              "title": "Click on the 'Anadir participante' button and populate all required fields then click on the “Siguiente” button",
              "fullTitle": "The user is able to activate ratings in the 'New call with session' Click on the 'Anadir participante' button and populate all required fields then click on the “Siguiente” button",
              "timedOut": null,
              "duration": 4351,
              "state": "failed",
              "speed": null,
              "pass": false,
              "fail": true,
              "pending": false,
              "context": null,
              "code": "cy.get('#add-participant-dropdown-trigger').click();\ncy.wait(1000);\ncy.get('#add-participant-button').click();\ncy.wait(1000);\ncy.get('#participant-name-input').clear().type('alem' + Cypress.config('UniqueNumber'));\ncy.get('#participant-surname-input').clear().type('alem' + Cypress.config('UniqueNumber'));\ncy.get('#participant-dni-input').clear().type('TestAutomation' + Cypress.config('UniqueNumber'));\ncy.get('#participant-phone-input').clear().type('123123123');\ncy.get('#participant-email-input').clear().type('alem' + Cypress.config('UniqueNumber') + '@yopmail.com');\ncy.get('#participant-administrative-email-input').clear().type('alem' + Cypress.config('UniqueNumber') + '@yopmail.com');\ncy.get('#alert-confirm-button-accept').click();\ncy.wait(1000);\ncy.wait(3000);\ncy.get('#censoSiguienteNew').click();",
              "err": {
                "message": "AssertionError: Timed out retrying: Expected to find element: `#add-participant-dropdown-trigger`, but never found it.",
                "estack": "AssertionError: Timed out retrying: Expected to find element: `#add-participant-dropdown-trigger`, but never found it.\n    at ensureExistence (http://localhost:55943/__cypress/runner/cypress_runner.js:137673:32)\n    at Object.ensureElExistence (http://localhost:55943/__cypress/runner/cypress_runner.js:137691:12)\n    at ensureExistence (http://localhost:55943/__cypress/runner/cypress_runner.js:127867:23)\n    at onFailFn (http://localhost:55943/__cypress/runner/cypress_runner.js:127905:9)\n    at tryCatcher (http://localhost:55943/__cypress/runner/cypress_runner.js:9065:23)\n    at Promise._settlePromiseFromHandler (http://localhost:55943/__cypress/runner/cypress_runner.js:7000:31)\n    at Promise._settlePromise (http://localhost:55943/__cypress/runner/cypress_runner.js:7057:18)\n    at Promise._settlePromise0 (http://localhost:55943/__cypress/runner/cypress_runner.js:7102:10)\n    at Promise._settlePromises (http://localhost:55943/__cypress/runner/cypress_runner.js:7178:18)\n    at _drainQueueStep (http://localhost:55943/__cypress/runner/cypress_runner.js:3772:12)\n    at _drainQueue (http://localhost:55943/__cypress/runner/cypress_runner.js:3765:9)\n    at Async.../../node_modules/bluebird/js/release/async.js.Async._drainQueues (http://localhost:55943/__cypress/runner/cypress_runner.js:3781:5)\n    at Async.drainQueues (http://localhost:55943/__cypress/runner/cypress_runner.js:3651:14)",
                "diff": null
              },
              "uuid": "e96d3e9a-f73c-40d9-bd5f-f1fc61ce26cc",
              "parentUUID": "51e10001-02fd-4866-95d5-078f14706359",
              "isHook": false,
              "skipped": false
            },
            {
              "title": "Click on the “Anadir punto al orden del dia+” button",
              "fullTitle": "The user is able to activate ratings in the 'New call with session' Click on the “Anadir punto al orden del dia+” button",
              "timedOut": null,
              "duration": 4330,
              "state": "failed",
              "speed": null,
              "pass": false,
              "fail": true,
              "pending": false,
              "context": null,
              "code": "cy.get('#newPuntoDelDiaOrdenDelDiaNew').click();",
              "err": {
                "message": "AssertionError: Timed out retrying: Expected to find element: `#newPuntoDelDiaOrdenDelDiaNew`, but never found it.",
                "estack": "AssertionError: Timed out retrying: Expected to find element: `#newPuntoDelDiaOrdenDelDiaNew`, but never found it.\n    at ensureExistence (http://localhost:55943/__cypress/runner/cypress_runner.js:137673:32)\n    at Object.ensureElExistence (http://localhost:55943/__cypress/runner/cypress_runner.js:137691:12)\n    at ensureExistence (http://localhost:55943/__cypress/runner/cypress_runner.js:127867:23)\n    at onFailFn (http://localhost:55943/__cypress/runner/cypress_runner.js:127905:9)\n    at tryCatcher (http://localhost:55943/__cypress/runner/cypress_runner.js:9065:23)\n    at Promise._settlePromiseFromHandler (http://localhost:55943/__cypress/runner/cypress_runner.js:7000:31)\n    at Promise._settlePromise (http://localhost:55943/__cypress/runner/cypress_runner.js:7057:18)\n    at Promise._settlePromise0 (http://localhost:55943/__cypress/runner/cypress_runner.js:7102:10)\n    at Promise._settlePromises (http://localhost:55943/__cypress/runner/cypress_runner.js:7178:18)\n    at _drainQueueStep (http://localhost:55943/__cypress/runner/cypress_runner.js:3772:12)\n    at _drainQueue (http://localhost:55943/__cypress/runner/cypress_runner.js:3765:9)\n    at Async.../../node_modules/bluebird/js/release/async.js.Async._drainQueues (http://localhost:55943/__cypress/runner/cypress_runner.js:3781:5)\n    at Async.drainQueues (http://localhost:55943/__cypress/runner/cypress_runner.js:3651:14)",
                "diff": null
              },
              "uuid": "61393ebd-5804-4e05-8a6a-44971e16f646",
              "parentUUID": "51e10001-02fd-4866-95d5-078f14706359",
              "isHook": false,
              "skipped": false
            },
            {
              "title": "Click on the “Punto Si/no abstencion” button and populate “Title” field then choose “Votacio nominal” tipo and click on the “Aceptar” button then click on the “Siguiente” button",
              "fullTitle": "The user is able to activate ratings in the 'New call with session' Click on the “Punto Si/no abstencion” button and populate “Title” field then choose “Votacio nominal” tipo and click on the “Aceptar” button then click on the “Siguiente” button",
              "timedOut": null,
              "duration": 4346,
              "state": "failed",
              "speed": null,
              "pass": false,
              "fail": true,
              "pending": false,
              "context": null,
              "code": "cy.get('#puntoSiNoAbstencion').click();\ncy.get('#agenda-editor-title-input').type('Test');\ncy.get('#agenda-editor-type-select').click();\ncy.wait(1000);\ncy.get('#agenda-editor-type-1').click();\ncy.wait(1000);\ncy.get('#alert-confirm-button-accept').click();\ncy.wait(1000);\ncy.get('#ordenDelDiaNext').click();\ncy.wait(1000);\ncy.get('#attachmentSiguienteNew').click();\ncy.wait(1000);",
              "err": {
                "message": "AssertionError: Timed out retrying: Expected to find element: `#puntoSiNoAbstencion`, but never found it.",
                "estack": "AssertionError: Timed out retrying: Expected to find element: `#puntoSiNoAbstencion`, but never found it.\n    at ensureExistence (http://localhost:55943/__cypress/runner/cypress_runner.js:137673:32)\n    at Object.ensureElExistence (http://localhost:55943/__cypress/runner/cypress_runner.js:137691:12)\n    at ensureExistence (http://localhost:55943/__cypress/runner/cypress_runner.js:127867:23)\n    at onFailFn (http://localhost:55943/__cypress/runner/cypress_runner.js:127905:9)\n    at tryCatcher (http://localhost:55943/__cypress/runner/cypress_runner.js:9065:23)\n    at Promise._settlePromiseFromHandler (http://localhost:55943/__cypress/runner/cypress_runner.js:7000:31)\n    at Promise._settlePromise (http://localhost:55943/__cypress/runner/cypress_runner.js:7057:18)\n    at Promise._settlePromise0 (http://localhost:55943/__cypress/runner/cypress_runner.js:7102:10)\n    at Promise._settlePromises (http://localhost:55943/__cypress/runner/cypress_runner.js:7178:18)\n    at _drainQueueStep (http://localhost:55943/__cypress/runner/cypress_runner.js:3772:12)\n    at _drainQueue (http://localhost:55943/__cypress/runner/cypress_runner.js:3765:9)\n    at Async.../../node_modules/bluebird/js/release/async.js.Async._drainQueues (http://localhost:55943/__cypress/runner/cypress_runner.js:3781:5)\n    at Async.drainQueues (http://localhost:55943/__cypress/runner/cypress_runner.js:3651:14)",
                "diff": null
              },
              "uuid": "ff777451-d696-4694-95f7-8467c0dc5542",
              "parentUUID": "51e10001-02fd-4866-95d5-078f14706359",
              "isHook": false,
              "skipped": false
            },
            {
              "title": "Populate all required fields and click on the “Siguiente” button",
              "fullTitle": "The user is able to activate ratings in the 'New call with session' Populate all required fields and click on the “Siguiente” button",
              "timedOut": null,
              "duration": 4330,
              "state": "failed",
              "speed": null,
              "pass": false,
              "fail": true,
              "pending": false,
              "context": null,
              "code": "cy.get('#council-options-contact-email').scrollIntoView();\ncy.wait(1000);\ncy.get('#council-options-contact-email').type('test@test.test');\ncy.get('#optionsNewSiguiente').click();\ncy.wait(1000);",
              "err": {
                "message": "AssertionError: Timed out retrying: Expected to find element: `#council-options-contact-email`, but never found it.",
                "estack": "AssertionError: Timed out retrying: Expected to find element: `#council-options-contact-email`, but never found it.\n    at ensureExistence (http://localhost:55943/__cypress/runner/cypress_runner.js:137673:32)\n    at Object.ensureElExistence (http://localhost:55943/__cypress/runner/cypress_runner.js:137691:12)\n    at ensureExistence (http://localhost:55943/__cypress/runner/cypress_runner.js:127867:23)\n    at onFailFn (http://localhost:55943/__cypress/runner/cypress_runner.js:127905:9)\n    at tryCatcher (http://localhost:55943/__cypress/runner/cypress_runner.js:9065:23)\n    at Promise._settlePromiseFromHandler (http://localhost:55943/__cypress/runner/cypress_runner.js:7000:31)\n    at Promise._settlePromise (http://localhost:55943/__cypress/runner/cypress_runner.js:7057:18)\n    at Promise._settlePromise0 (http://localhost:55943/__cypress/runner/cypress_runner.js:7102:10)\n    at Promise._settlePromises (http://localhost:55943/__cypress/runner/cypress_runner.js:7178:18)\n    at _drainQueueStep (http://localhost:55943/__cypress/runner/cypress_runner.js:3772:12)\n    at _drainQueue (http://localhost:55943/__cypress/runner/cypress_runner.js:3765:9)\n    at Async.../../node_modules/bluebird/js/release/async.js.Async._drainQueues (http://localhost:55943/__cypress/runner/cypress_runner.js:3781:5)\n    at Async.drainQueues (http://localhost:55943/__cypress/runner/cypress_runner.js:3651:14)",
                "diff": null
              },
              "uuid": "a22fa9d2-5e3a-4625-af63-553eedae182a",
              "parentUUID": "51e10001-02fd-4866-95d5-078f14706359",
              "isHook": false,
              "skipped": false
            },
            {
              "title": "Click on the “Convocar y notificar” button",
              "fullTitle": "The user is able to activate ratings in the 'New call with session' Click on the “Convocar y notificar” button",
              "timedOut": null,
              "duration": 4345,
              "state": "failed",
              "speed": null,
              "pass": false,
              "fail": true,
              "pending": false,
              "context": null,
              "code": "cy.get('#council-editor-convene-notify').click();\ncy.wait(3000);",
              "err": {
                "message": "AssertionError: Timed out retrying: Expected to find element: `#council-editor-convene-notify`, but never found it.",
                "estack": "AssertionError: Timed out retrying: Expected to find element: `#council-editor-convene-notify`, but never found it.\n    at ensureExistence (http://localhost:55943/__cypress/runner/cypress_runner.js:137673:32)\n    at Object.ensureElExistence (http://localhost:55943/__cypress/runner/cypress_runner.js:137691:12)\n    at ensureExistence (http://localhost:55943/__cypress/runner/cypress_runner.js:127867:23)\n    at onFailFn (http://localhost:55943/__cypress/runner/cypress_runner.js:127905:9)\n    at tryCatcher (http://localhost:55943/__cypress/runner/cypress_runner.js:9065:23)\n    at Promise._settlePromiseFromHandler (http://localhost:55943/__cypress/runner/cypress_runner.js:7000:31)\n    at Promise._settlePromise (http://localhost:55943/__cypress/runner/cypress_runner.js:7057:18)\n    at Promise._settlePromise0 (http://localhost:55943/__cypress/runner/cypress_runner.js:7102:10)\n    at Promise._settlePromises (http://localhost:55943/__cypress/runner/cypress_runner.js:7178:18)\n    at _drainQueueStep (http://localhost:55943/__cypress/runner/cypress_runner.js:3772:12)\n    at _drainQueue (http://localhost:55943/__cypress/runner/cypress_runner.js:3765:9)\n    at Async.../../node_modules/bluebird/js/release/async.js.Async._drainQueues (http://localhost:55943/__cypress/runner/cypress_runner.js:3781:5)\n    at Async.drainQueues (http://localhost:55943/__cypress/runner/cypress_runner.js:3651:14)",
                "diff": null
              },
              "uuid": "b6dd15f6-62fe-4cbe-956a-1f3b65bb47a8",
              "parentUUID": "51e10001-02fd-4866-95d5-078f14706359",
              "isHook": false,
              "skipped": false
            },
            {
              "title": "Click on the “Preparar sala” button",
              "fullTitle": "The user is able to activate ratings in the 'New call with session' Click on the “Preparar sala” button",
              "timedOut": null,
              "duration": 4333,
              "state": "failed",
              "speed": null,
              "pass": false,
              "fail": true,
              "pending": false,
              "context": null,
              "code": "cy.get('#prepararSalaNew').click();",
              "err": {
                "message": "AssertionError: Timed out retrying: Expected to find element: `#prepararSalaNew`, but never found it.",
                "estack": "AssertionError: Timed out retrying: Expected to find element: `#prepararSalaNew`, but never found it.\n    at ensureExistence (http://localhost:55943/__cypress/runner/cypress_runner.js:137673:32)\n    at Object.ensureElExistence (http://localhost:55943/__cypress/runner/cypress_runner.js:137691:12)\n    at ensureExistence (http://localhost:55943/__cypress/runner/cypress_runner.js:127867:23)\n    at onFailFn (http://localhost:55943/__cypress/runner/cypress_runner.js:127905:9)\n    at tryCatcher (http://localhost:55943/__cypress/runner/cypress_runner.js:9065:23)\n    at Promise._settlePromiseFromHandler (http://localhost:55943/__cypress/runner/cypress_runner.js:7000:31)\n    at Promise._settlePromise (http://localhost:55943/__cypress/runner/cypress_runner.js:7057:18)\n    at Promise._settlePromise0 (http://localhost:55943/__cypress/runner/cypress_runner.js:7102:10)\n    at Promise._settlePromises (http://localhost:55943/__cypress/runner/cypress_runner.js:7178:18)\n    at _drainQueueStep (http://localhost:55943/__cypress/runner/cypress_runner.js:3772:12)\n    at _drainQueue (http://localhost:55943/__cypress/runner/cypress_runner.js:3765:9)\n    at Async.../../node_modules/bluebird/js/release/async.js.Async._drainQueues (http://localhost:55943/__cypress/runner/cypress_runner.js:3781:5)\n    at Async.drainQueues (http://localhost:55943/__cypress/runner/cypress_runner.js:3651:14)",
                "diff": null
              },
              "uuid": "684fb687-b300-4b6f-92cf-0f192444ab57",
              "parentUUID": "51e10001-02fd-4866-95d5-078f14706359",
              "isHook": false,
              "skipped": false
            },
            {
              "title": "Navigate to the upper right corner and click on the “Abrir Sala” button",
              "fullTitle": "The user is able to activate ratings in the 'New call with session' Navigate to the upper right corner and click on the “Abrir Sala” button",
              "timedOut": null,
              "duration": 4351,
              "state": "failed",
              "speed": null,
              "pass": false,
              "fail": true,
              "pending": false,
              "context": null,
              "code": "cy.get('#abrirSalaEnReunion').click();",
              "err": {
                "message": "AssertionError: Timed out retrying: Expected to find element: `#abrirSalaEnReunion`, but never found it.",
                "estack": "AssertionError: Timed out retrying: Expected to find element: `#abrirSalaEnReunion`, but never found it.\n    at ensureExistence (http://localhost:55943/__cypress/runner/cypress_runner.js:137673:32)\n    at Object.ensureElExistence (http://localhost:55943/__cypress/runner/cypress_runner.js:137691:12)\n    at ensureExistence (http://localhost:55943/__cypress/runner/cypress_runner.js:127867:23)\n    at onFailFn (http://localhost:55943/__cypress/runner/cypress_runner.js:127905:9)\n    at tryCatcher (http://localhost:55943/__cypress/runner/cypress_runner.js:9065:23)\n    at Promise._settlePromiseFromHandler (http://localhost:55943/__cypress/runner/cypress_runner.js:7000:31)\n    at Promise._settlePromise (http://localhost:55943/__cypress/runner/cypress_runner.js:7057:18)\n    at Promise._settlePromise0 (http://localhost:55943/__cypress/runner/cypress_runner.js:7102:10)\n    at Promise._settlePromises (http://localhost:55943/__cypress/runner/cypress_runner.js:7178:18)\n    at _drainQueueStep (http://localhost:55943/__cypress/runner/cypress_runner.js:3772:12)\n    at _drainQueue (http://localhost:55943/__cypress/runner/cypress_runner.js:3765:9)\n    at Async.../../node_modules/bluebird/js/release/async.js.Async._drainQueues (http://localhost:55943/__cypress/runner/cypress_runner.js:3781:5)\n    at Async.drainQueues (http://localhost:55943/__cypress/runner/cypress_runner.js:3651:14)",
                "diff": null
              },
              "uuid": "629e7343-457e-448d-ad51-910b0a315794",
              "parentUUID": "51e10001-02fd-4866-95d5-078f14706359",
              "isHook": false,
              "skipped": false
            },
            {
              "title": "Populate all required fields and click on the “Aceptar” button",
              "fullTitle": "The user is able to activate ratings in the 'New call with session' Populate all required fields and click on the “Aceptar” button",
              "timedOut": null,
              "duration": 4338,
              "state": "failed",
              "speed": null,
              "pass": false,
              "fail": true,
              "pending": false,
              "context": null,
              "code": "cy.get('#alert-confirm-button-accept').click();\ncy.wait(10000);",
              "err": {
                "message": "AssertionError: Timed out retrying: Expected to find element: `#alert-confirm-button-accept`, but never found it.",
                "estack": "AssertionError: Timed out retrying: Expected to find element: `#alert-confirm-button-accept`, but never found it.\n    at ensureExistence (http://localhost:55943/__cypress/runner/cypress_runner.js:137673:32)\n    at Object.ensureElExistence (http://localhost:55943/__cypress/runner/cypress_runner.js:137691:12)\n    at ensureExistence (http://localhost:55943/__cypress/runner/cypress_runner.js:127867:23)\n    at onFailFn (http://localhost:55943/__cypress/runner/cypress_runner.js:127905:9)\n    at tryCatcher (http://localhost:55943/__cypress/runner/cypress_runner.js:9065:23)\n    at Promise._settlePromiseFromHandler (http://localhost:55943/__cypress/runner/cypress_runner.js:7000:31)\n    at Promise._settlePromise (http://localhost:55943/__cypress/runner/cypress_runner.js:7057:18)\n    at Promise._settlePromise0 (http://localhost:55943/__cypress/runner/cypress_runner.js:7102:10)\n    at Promise._settlePromises (http://localhost:55943/__cypress/runner/cypress_runner.js:7178:18)\n    at _drainQueueStep (http://localhost:55943/__cypress/runner/cypress_runner.js:3772:12)\n    at _drainQueue (http://localhost:55943/__cypress/runner/cypress_runner.js:3765:9)\n    at Async.../../node_modules/bluebird/js/release/async.js.Async._drainQueues (http://localhost:55943/__cypress/runner/cypress_runner.js:3781:5)\n    at Async.drainQueues (http://localhost:55943/__cypress/runner/cypress_runner.js:3651:14)",
                "diff": null
              },
              "uuid": "b0e01986-8442-4969-ab28-87c50b24c64d",
              "parentUUID": "51e10001-02fd-4866-95d5-078f14706359",
              "isHook": false,
              "skipped": false
            },
            {
              "title": "Navigate to the “Camera and microphone” form and click on the “Accept” button",
              "fullTitle": "The user is able to activate ratings in the 'New call with session' Navigate to the “Camera and microphone” form and click on the “Accept” button",
              "timedOut": null,
              "duration": 41,
              "state": "passed",
              "speed": "medium",
              "pass": true,
              "fail": false,
              "pending": false,
              "context": null,
              "code": "/*       \n           cy.get('#admin-room-iframe').then($iframe => {\n const $body = $iframe.contents().find('body') ; cy.wrap($body)\n\n\n   .contains('Join')\n   .click()\n\n   cy.wait(10000)\n})\n*/",
              "err": {},
              "uuid": "ac47b12b-3e99-49a7-b9cd-a7a4a27ff655",
              "parentUUID": "51e10001-02fd-4866-95d5-078f14706359",
              "isHook": false,
              "skipped": false
            },
            {
              "title": "Navigate to the upper right corner and click on the “Iniciar reunion” button",
              "fullTitle": "The user is able to activate ratings in the 'New call with session' Navigate to the upper right corner and click on the “Iniciar reunion” button",
              "timedOut": null,
              "duration": 4346,
              "state": "failed",
              "speed": null,
              "pass": false,
              "fail": true,
              "pending": false,
              "context": null,
              "code": "cy.get('#start-council-button').click();\ncy.wait(2000);",
              "err": {
                "message": "AssertionError: Timed out retrying: Expected to find element: `#start-council-button`, but never found it.",
                "estack": "AssertionError: Timed out retrying: Expected to find element: `#start-council-button`, but never found it.\n    at ensureExistence (http://localhost:55943/__cypress/runner/cypress_runner.js:137673:32)\n    at Object.ensureElExistence (http://localhost:55943/__cypress/runner/cypress_runner.js:137691:12)\n    at ensureExistence (http://localhost:55943/__cypress/runner/cypress_runner.js:127867:23)\n    at onFailFn (http://localhost:55943/__cypress/runner/cypress_runner.js:127905:9)\n    at tryCatcher (http://localhost:55943/__cypress/runner/cypress_runner.js:9065:23)\n    at Promise._settlePromiseFromHandler (http://localhost:55943/__cypress/runner/cypress_runner.js:7000:31)\n    at Promise._settlePromise (http://localhost:55943/__cypress/runner/cypress_runner.js:7057:18)\n    at Promise._settlePromise0 (http://localhost:55943/__cypress/runner/cypress_runner.js:7102:10)\n    at Promise._settlePromises (http://localhost:55943/__cypress/runner/cypress_runner.js:7178:18)\n    at _drainQueueStep (http://localhost:55943/__cypress/runner/cypress_runner.js:3772:12)\n    at _drainQueue (http://localhost:55943/__cypress/runner/cypress_runner.js:3765:9)\n    at Async.../../node_modules/bluebird/js/release/async.js.Async._drainQueues (http://localhost:55943/__cypress/runner/cypress_runner.js:3781:5)\n    at Async.drainQueues (http://localhost:55943/__cypress/runner/cypress_runner.js:3651:14)",
                "diff": null
              },
              "uuid": "9fd8289e-085a-4c37-8be5-722aaaa8ae88",
              "parentUUID": "51e10001-02fd-4866-95d5-078f14706359",
              "isHook": false,
              "skipped": false
            },
            {
              "title": "Populate all required fields and click on the “Aceptar” button",
              "fullTitle": "The user is able to activate ratings in the 'New call with session' Populate all required fields and click on the “Aceptar” button",
              "timedOut": null,
              "duration": 4324,
              "state": "failed",
              "speed": null,
              "pass": false,
              "fail": true,
              "pending": false,
              "context": null,
              "code": "cy.get('#council-president-select').click();\ncy.wait(200);\ncy.get('#participant-selector-0').click();\ncy.get('#council-secretary-select').click();\ncy.wait(200);\ncy.get('#participant-selector-0').click();\ncy.get('#council-quality-vote-select').click();\ncy.wait(200);\ncy.get('#participant-selector-0').click();\ncy.get('#alert-confirm-button-accept').click();\ncy.wait(200);\ncy.get('#alert-confirm-button-cancel').click();",
              "err": {
                "message": "AssertionError: Timed out retrying: Expected to find element: `#council-president-select`, but never found it.",
                "estack": "AssertionError: Timed out retrying: Expected to find element: `#council-president-select`, but never found it.\n    at ensureExistence (http://localhost:55943/__cypress/runner/cypress_runner.js:137673:32)\n    at Object.ensureElExistence (http://localhost:55943/__cypress/runner/cypress_runner.js:137691:12)\n    at ensureExistence (http://localhost:55943/__cypress/runner/cypress_runner.js:127867:23)\n    at onFailFn (http://localhost:55943/__cypress/runner/cypress_runner.js:127905:9)\n    at tryCatcher (http://localhost:55943/__cypress/runner/cypress_runner.js:9065:23)\n    at Promise._settlePromiseFromHandler (http://localhost:55943/__cypress/runner/cypress_runner.js:7000:31)\n    at Promise._settlePromise (http://localhost:55943/__cypress/runner/cypress_runner.js:7057:18)\n    at Promise._settlePromise0 (http://localhost:55943/__cypress/runner/cypress_runner.js:7102:10)\n    at Promise._settlePromises (http://localhost:55943/__cypress/runner/cypress_runner.js:7178:18)\n    at _drainQueueStep (http://localhost:55943/__cypress/runner/cypress_runner.js:3772:12)\n    at _drainQueue (http://localhost:55943/__cypress/runner/cypress_runner.js:3765:9)\n    at Async.../../node_modules/bluebird/js/release/async.js.Async._drainQueues (http://localhost:55943/__cypress/runner/cypress_runner.js:3781:5)\n    at Async.drainQueues (http://localhost:55943/__cypress/runner/cypress_runner.js:3651:14)",
                "diff": null
              },
              "uuid": "f36b0d01-f4f5-4127-abc0-b0b50e78127f",
              "parentUUID": "51e10001-02fd-4866-95d5-078f14706359",
              "isHook": false,
              "skipped": false
            },
            {
              "title": "Click on the “Abrir punto” button",
              "fullTitle": "The user is able to activate ratings in the 'New call with session' Click on the “Abrir punto” button",
              "timedOut": null,
              "duration": 4333,
              "state": "failed",
              "speed": null,
              "pass": false,
              "fail": true,
              "pending": false,
              "context": null,
              "code": "cy.get('#council-live-tab-agenda').click();\ncy.wait(1000);\ncy.get('#open-agenda-point-button').click();\ncy.wait(2000);",
              "err": {
                "message": "AssertionError: Timed out retrying: Expected to find element: `#council-live-tab-agenda`, but never found it.",
                "estack": "AssertionError: Timed out retrying: Expected to find element: `#council-live-tab-agenda`, but never found it.\n    at ensureExistence (http://localhost:55943/__cypress/runner/cypress_runner.js:137673:32)\n    at Object.ensureElExistence (http://localhost:55943/__cypress/runner/cypress_runner.js:137691:12)\n    at ensureExistence (http://localhost:55943/__cypress/runner/cypress_runner.js:127867:23)\n    at onFailFn (http://localhost:55943/__cypress/runner/cypress_runner.js:127905:9)\n    at tryCatcher (http://localhost:55943/__cypress/runner/cypress_runner.js:9065:23)\n    at Promise._settlePromiseFromHandler (http://localhost:55943/__cypress/runner/cypress_runner.js:7000:31)\n    at Promise._settlePromise (http://localhost:55943/__cypress/runner/cypress_runner.js:7057:18)\n    at Promise._settlePromise0 (http://localhost:55943/__cypress/runner/cypress_runner.js:7102:10)\n    at Promise._settlePromises (http://localhost:55943/__cypress/runner/cypress_runner.js:7178:18)\n    at _drainQueueStep (http://localhost:55943/__cypress/runner/cypress_runner.js:3772:12)\n    at _drainQueue (http://localhost:55943/__cypress/runner/cypress_runner.js:3765:9)\n    at Async.../../node_modules/bluebird/js/release/async.js.Async._drainQueues (http://localhost:55943/__cypress/runner/cypress_runner.js:3781:5)\n    at Async.drainQueues (http://localhost:55943/__cypress/runner/cypress_runner.js:3651:14)",
                "diff": null
              },
              "uuid": "c92d1cac-d6d8-46c0-8481-b9aef342cc92",
              "parentUUID": "51e10001-02fd-4866-95d5-078f14706359",
              "isHook": false,
              "skipped": false
            },
            {
              "title": "Click on the “Activar votaciones” button",
              "fullTitle": "The user is able to activate ratings in the 'New call with session' Click on the “Activar votaciones” button",
              "timedOut": null,
              "duration": 4330,
              "state": "failed",
              "speed": null,
              "pass": false,
              "fail": true,
              "pending": false,
              "context": null,
              "code": "cy.get('#council-live-tab-agenda').click();\ncy.wait(1000);\ncy.get('#open-point-votings-button').click();\ncy.wait(2000);",
              "err": {
                "message": "AssertionError: Timed out retrying: Expected to find element: `#council-live-tab-agenda`, but never found it.",
                "estack": "AssertionError: Timed out retrying: Expected to find element: `#council-live-tab-agenda`, but never found it.\n    at ensureExistence (http://localhost:55943/__cypress/runner/cypress_runner.js:137673:32)\n    at Object.ensureElExistence (http://localhost:55943/__cypress/runner/cypress_runner.js:137691:12)\n    at ensureExistence (http://localhost:55943/__cypress/runner/cypress_runner.js:127867:23)\n    at onFailFn (http://localhost:55943/__cypress/runner/cypress_runner.js:127905:9)\n    at tryCatcher (http://localhost:55943/__cypress/runner/cypress_runner.js:9065:23)\n    at Promise._settlePromiseFromHandler (http://localhost:55943/__cypress/runner/cypress_runner.js:7000:31)\n    at Promise._settlePromise (http://localhost:55943/__cypress/runner/cypress_runner.js:7057:18)\n    at Promise._settlePromise0 (http://localhost:55943/__cypress/runner/cypress_runner.js:7102:10)\n    at Promise._settlePromises (http://localhost:55943/__cypress/runner/cypress_runner.js:7178:18)\n    at _drainQueueStep (http://localhost:55943/__cypress/runner/cypress_runner.js:3772:12)\n    at _drainQueue (http://localhost:55943/__cypress/runner/cypress_runner.js:3765:9)\n    at Async.../../node_modules/bluebird/js/release/async.js.Async._drainQueues (http://localhost:55943/__cypress/runner/cypress_runner.js:3781:5)\n    at Async.drainQueues (http://localhost:55943/__cypress/runner/cypress_runner.js:3651:14)",
                "diff": null
              },
              "uuid": "5b91f283-d389-4f10-8877-2c7e0f7d5340",
              "parentUUID": "51e10001-02fd-4866-95d5-078f14706359",
              "isHook": false,
              "skipped": false
            },
            {
              "title": "User should be able to exit the meeting",
              "fullTitle": "The user is able to activate ratings in the 'New call with session' User should be able to exit the meeting",
              "timedOut": null,
              "duration": 346,
              "state": "failed",
              "speed": null,
              "pass": false,
              "fail": true,
              "pending": false,
              "context": null,
              "code": "cy.visit(login_url);",
              "err": {
                "message": "ReferenceError: login_url is not defined",
                "estack": "ReferenceError: login_url is not defined\n    at Context.<anonymous> (http://localhost:55943/__cypress/tests?p=cypress\\integration\\1.Smoke\\6.New_Meeting(Adming%20Side)_section_pt2.js-010:137:14)",
                "diff": null
              },
              "uuid": "cf4b6efa-e41b-44d3-b09d-45dc95728891",
              "parentUUID": "51e10001-02fd-4866-95d5-078f14706359",
              "isHook": false,
              "skipped": false
            }
          ],
          "suites": [],
          "passes": [
            "ac47b12b-3e99-49a7-b9cd-a7a4a27ff655"
          ],
          "failures": [
            "704e2bbe-4922-4c2a-bf3a-565615a6cdad",
            "262ced63-9ba1-4d9f-a009-4aca36ff3625",
            "09dffdb3-5147-4c7e-bb91-7e71cc62cd9b",
            "e96d3e9a-f73c-40d9-bd5f-f1fc61ce26cc",
            "61393ebd-5804-4e05-8a6a-44971e16f646",
            "ff777451-d696-4694-95f7-8467c0dc5542",
            "a22fa9d2-5e3a-4625-af63-553eedae182a",
            "b6dd15f6-62fe-4cbe-956a-1f3b65bb47a8",
            "684fb687-b300-4b6f-92cf-0f192444ab57",
            "629e7343-457e-448d-ad51-910b0a315794",
            "b0e01986-8442-4969-ab28-87c50b24c64d",
            "9fd8289e-085a-4c37-8be5-722aaaa8ae88",
            "f36b0d01-f4f5-4127-abc0-b0b50e78127f",
            "c92d1cac-d6d8-46c0-8481-b9aef342cc92",
            "5b91f283-d389-4f10-8877-2c7e0f7d5340",
            "cf4b6efa-e41b-44d3-b09d-45dc95728891"
          ],
          "pending": [],
          "skipped": [],
          "duration": 65478,
          "root": false,
          "rootEmpty": false,
          "_timeout": 2000
        },
        {
          "uuid": "f040d35a-cb7b-4189-aaeb-6cbe35abf489",
          "title": "The user is able to close point votations in the 'New call with session' type of meeting'",
          "fullFile": "",
          "file": "",
          "beforeHooks": [],
          "afterHooks": [],
          "tests": [
            {
              "title": "Click on the 'Nueva reunion' button",
              "fullTitle": "The user is able to close point votations in the 'New call with session' type of meeting' Click on the 'Nueva reunion' button",
              "timedOut": null,
              "duration": 4348,
              "state": "failed",
              "speed": null,
              "pass": false,
              "fail": true,
              "pending": false,
              "context": null,
              "code": "cy.get('#create-council-block').click();",
              "err": {
                "message": "AssertionError: Timed out retrying: Expected to find element: `#create-council-block`, but never found it.",
                "estack": "AssertionError: Timed out retrying: Expected to find element: `#create-council-block`, but never found it.\n    at ensureExistence (http://localhost:55943/__cypress/runner/cypress_runner.js:137673:32)\n    at Object.ensureElExistence (http://localhost:55943/__cypress/runner/cypress_runner.js:137691:12)\n    at ensureExistence (http://localhost:55943/__cypress/runner/cypress_runner.js:127867:23)\n    at onFailFn (http://localhost:55943/__cypress/runner/cypress_runner.js:127905:9)\n    at tryCatcher (http://localhost:55943/__cypress/runner/cypress_runner.js:9065:23)\n    at Promise._settlePromiseFromHandler (http://localhost:55943/__cypress/runner/cypress_runner.js:7000:31)\n    at Promise._settlePromise (http://localhost:55943/__cypress/runner/cypress_runner.js:7057:18)\n    at Promise._settlePromise0 (http://localhost:55943/__cypress/runner/cypress_runner.js:7102:10)\n    at Promise._settlePromises (http://localhost:55943/__cypress/runner/cypress_runner.js:7178:18)\n    at _drainQueueStep (http://localhost:55943/__cypress/runner/cypress_runner.js:3772:12)\n    at _drainQueue (http://localhost:55943/__cypress/runner/cypress_runner.js:3765:9)\n    at Async.../../node_modules/bluebird/js/release/async.js.Async._drainQueues (http://localhost:55943/__cypress/runner/cypress_runner.js:3781:5)\n    at Async.drainQueues (http://localhost:55943/__cypress/runner/cypress_runner.js:3651:14)",
                "diff": null
              },
              "uuid": "715cf58e-5b68-47d7-b3d4-16fd14590a53",
              "parentUUID": "f040d35a-cb7b-4189-aaeb-6cbe35abf489",
              "isHook": false,
              "skipped": false
            },
            {
              "title": "Click on the “Con sesion” button",
              "fullTitle": "The user is able to close point votations in the 'New call with session' type of meeting' Click on the “Con sesion” button",
              "timedOut": null,
              "duration": 4338,
              "state": "failed",
              "speed": null,
              "pass": false,
              "fail": true,
              "pending": false,
              "context": null,
              "code": "cy.get('#create-council-with-session').click();\ncy.wait(3000);",
              "err": {
                "message": "AssertionError: Timed out retrying: Expected to find element: `#create-council-with-session`, but never found it.",
                "estack": "AssertionError: Timed out retrying: Expected to find element: `#create-council-with-session`, but never found it.\n    at ensureExistence (http://localhost:55943/__cypress/runner/cypress_runner.js:137673:32)\n    at Object.ensureElExistence (http://localhost:55943/__cypress/runner/cypress_runner.js:137691:12)\n    at ensureExistence (http://localhost:55943/__cypress/runner/cypress_runner.js:127867:23)\n    at onFailFn (http://localhost:55943/__cypress/runner/cypress_runner.js:127905:9)\n    at tryCatcher (http://localhost:55943/__cypress/runner/cypress_runner.js:9065:23)\n    at Promise._settlePromiseFromHandler (http://localhost:55943/__cypress/runner/cypress_runner.js:7000:31)\n    at Promise._settlePromise (http://localhost:55943/__cypress/runner/cypress_runner.js:7057:18)\n    at Promise._settlePromise0 (http://localhost:55943/__cypress/runner/cypress_runner.js:7102:10)\n    at Promise._settlePromises (http://localhost:55943/__cypress/runner/cypress_runner.js:7178:18)\n    at _drainQueueStep (http://localhost:55943/__cypress/runner/cypress_runner.js:3772:12)\n    at _drainQueue (http://localhost:55943/__cypress/runner/cypress_runner.js:3765:9)\n    at Async.../../node_modules/bluebird/js/release/async.js.Async._drainQueues (http://localhost:55943/__cypress/runner/cypress_runner.js:3781:5)\n    at Async.drainQueues (http://localhost:55943/__cypress/runner/cypress_runner.js:3651:14)",
                "diff": null
              },
              "uuid": "f1eae50b-3b54-4437-b841-22a7943dae0b",
              "parentUUID": "f040d35a-cb7b-4189-aaeb-6cbe35abf489",
              "isHook": false,
              "skipped": false
            },
            {
              "title": "Populate all required fields and click on the “Siguiente” button",
              "fullTitle": "The user is able to close point votations in the 'New call with session' type of meeting' Populate all required fields and click on the “Siguiente” button",
              "timedOut": null,
              "duration": 4353,
              "state": "failed",
              "speed": null,
              "pass": false,
              "fail": true,
              "pending": false,
              "context": null,
              "code": "cy.get('#council-notice-type-select').click();\ncy.get('#council-notice-type-2').click();\ncy.get('#council-notice-title').clear().type('Test');\ncy.get('#council-notice-convene-intro').type('Test');\ncy.get('#council-editor-next').click();\ncy.wait(1000);",
              "err": {
                "message": "AssertionError: Timed out retrying: Expected to find element: `#council-notice-type-select`, but never found it.",
                "estack": "AssertionError: Timed out retrying: Expected to find element: `#council-notice-type-select`, but never found it.\n    at ensureExistence (http://localhost:55943/__cypress/runner/cypress_runner.js:137673:32)\n    at Object.ensureElExistence (http://localhost:55943/__cypress/runner/cypress_runner.js:137691:12)\n    at ensureExistence (http://localhost:55943/__cypress/runner/cypress_runner.js:127867:23)\n    at onFailFn (http://localhost:55943/__cypress/runner/cypress_runner.js:127905:9)\n    at tryCatcher (http://localhost:55943/__cypress/runner/cypress_runner.js:9065:23)\n    at Promise._settlePromiseFromHandler (http://localhost:55943/__cypress/runner/cypress_runner.js:7000:31)\n    at Promise._settlePromise (http://localhost:55943/__cypress/runner/cypress_runner.js:7057:18)\n    at Promise._settlePromise0 (http://localhost:55943/__cypress/runner/cypress_runner.js:7102:10)\n    at Promise._settlePromises (http://localhost:55943/__cypress/runner/cypress_runner.js:7178:18)\n    at _drainQueueStep (http://localhost:55943/__cypress/runner/cypress_runner.js:3772:12)\n    at _drainQueue (http://localhost:55943/__cypress/runner/cypress_runner.js:3765:9)\n    at Async.../../node_modules/bluebird/js/release/async.js.Async._drainQueues (http://localhost:55943/__cypress/runner/cypress_runner.js:3781:5)\n    at Async.drainQueues (http://localhost:55943/__cypress/runner/cypress_runner.js:3651:14)",
                "diff": null
              },
              "uuid": "a17d8d3b-5151-470f-97de-82faf5bc32ef",
              "parentUUID": "f040d35a-cb7b-4189-aaeb-6cbe35abf489",
              "isHook": false,
              "skipped": false
            },
            {
              "title": "Click on the 'Anadir participante' button and populate all required fields then click on the “Siguiente” button",
              "fullTitle": "The user is able to close point votations in the 'New call with session' type of meeting' Click on the 'Anadir participante' button and populate all required fields then click on the “Siguiente” button",
              "timedOut": null,
              "duration": 4352,
              "state": "failed",
              "speed": null,
              "pass": false,
              "fail": true,
              "pending": false,
              "context": null,
              "code": "cy.get('#add-participant-dropdown-trigger').click();\ncy.wait(1000);\ncy.get('#add-participant-button').click();\ncy.wait(1000);\ncy.get('#participant-name-input').clear().type('alem' + Cypress.config('UniqueNumber'));\ncy.get('#participant-surname-input').clear().type('alem' + Cypress.config('UniqueNumber'));\ncy.get('#participant-dni-input').clear().type('TestAutomation' + Cypress.config('UniqueNumber'));\ncy.get('#participant-phone-input').clear().type('123123123');\ncy.get('#participant-email-input').clear().type('alem' + Cypress.config('UniqueNumber') + '@yopmail.com');\ncy.get('#participant-administrative-email-input').clear().type('alem' + Cypress.config('UniqueNumber') + '@yopmail.com');\ncy.get('#alert-confirm-button-accept').click();\ncy.wait(1000);\ncy.wait(3000);\ncy.get('#censoSiguienteNew').click();",
              "err": {
                "message": "AssertionError: Timed out retrying: Expected to find element: `#add-participant-dropdown-trigger`, but never found it.",
                "estack": "AssertionError: Timed out retrying: Expected to find element: `#add-participant-dropdown-trigger`, but never found it.\n    at ensureExistence (http://localhost:55943/__cypress/runner/cypress_runner.js:137673:32)\n    at Object.ensureElExistence (http://localhost:55943/__cypress/runner/cypress_runner.js:137691:12)\n    at ensureExistence (http://localhost:55943/__cypress/runner/cypress_runner.js:127867:23)\n    at onFailFn (http://localhost:55943/__cypress/runner/cypress_runner.js:127905:9)\n    at tryCatcher (http://localhost:55943/__cypress/runner/cypress_runner.js:9065:23)\n    at Promise._settlePromiseFromHandler (http://localhost:55943/__cypress/runner/cypress_runner.js:7000:31)\n    at Promise._settlePromise (http://localhost:55943/__cypress/runner/cypress_runner.js:7057:18)\n    at Promise._settlePromise0 (http://localhost:55943/__cypress/runner/cypress_runner.js:7102:10)\n    at Promise._settlePromises (http://localhost:55943/__cypress/runner/cypress_runner.js:7178:18)\n    at _drainQueueStep (http://localhost:55943/__cypress/runner/cypress_runner.js:3772:12)\n    at _drainQueue (http://localhost:55943/__cypress/runner/cypress_runner.js:3765:9)\n    at Async.../../node_modules/bluebird/js/release/async.js.Async._drainQueues (http://localhost:55943/__cypress/runner/cypress_runner.js:3781:5)\n    at Async.drainQueues (http://localhost:55943/__cypress/runner/cypress_runner.js:3651:14)",
                "diff": null
              },
              "uuid": "f52b30b4-9be4-4893-bfcc-4f184e76a413",
              "parentUUID": "f040d35a-cb7b-4189-aaeb-6cbe35abf489",
              "isHook": false,
              "skipped": false
            },
            {
              "title": "Click on the “Anadir punto al orden del dia+” button",
              "fullTitle": "The user is able to close point votations in the 'New call with session' type of meeting' Click on the “Anadir punto al orden del dia+” button",
              "timedOut": null,
              "duration": 4366,
              "state": "failed",
              "speed": null,
              "pass": false,
              "fail": true,
              "pending": false,
              "context": null,
              "code": "cy.get('#newPuntoDelDiaOrdenDelDiaNew').click();",
              "err": {
                "message": "AssertionError: Timed out retrying: Expected to find element: `#newPuntoDelDiaOrdenDelDiaNew`, but never found it.",
                "estack": "AssertionError: Timed out retrying: Expected to find element: `#newPuntoDelDiaOrdenDelDiaNew`, but never found it.\n    at ensureExistence (http://localhost:55943/__cypress/runner/cypress_runner.js:137673:32)\n    at Object.ensureElExistence (http://localhost:55943/__cypress/runner/cypress_runner.js:137691:12)\n    at ensureExistence (http://localhost:55943/__cypress/runner/cypress_runner.js:127867:23)\n    at onFailFn (http://localhost:55943/__cypress/runner/cypress_runner.js:127905:9)\n    at tryCatcher (http://localhost:55943/__cypress/runner/cypress_runner.js:9065:23)\n    at Promise._settlePromiseFromHandler (http://localhost:55943/__cypress/runner/cypress_runner.js:7000:31)\n    at Promise._settlePromise (http://localhost:55943/__cypress/runner/cypress_runner.js:7057:18)\n    at Promise._settlePromise0 (http://localhost:55943/__cypress/runner/cypress_runner.js:7102:10)\n    at Promise._settlePromises (http://localhost:55943/__cypress/runner/cypress_runner.js:7178:18)\n    at _drainQueueStep (http://localhost:55943/__cypress/runner/cypress_runner.js:3772:12)\n    at _drainQueue (http://localhost:55943/__cypress/runner/cypress_runner.js:3765:9)\n    at Async.../../node_modules/bluebird/js/release/async.js.Async._drainQueues (http://localhost:55943/__cypress/runner/cypress_runner.js:3781:5)\n    at Async.drainQueues (http://localhost:55943/__cypress/runner/cypress_runner.js:3651:14)",
                "diff": null
              },
              "uuid": "7b1b126e-b3ab-4553-82a8-4610631bdd13",
              "parentUUID": "f040d35a-cb7b-4189-aaeb-6cbe35abf489",
              "isHook": false,
              "skipped": false
            },
            {
              "title": "Click on the “Punto Si/no abstencion” button and populate “Title” field then choose “Votacio nominal” tipo and click on the “Aceptar” button then click on the “Siguiente” button",
              "fullTitle": "The user is able to close point votations in the 'New call with session' type of meeting' Click on the “Punto Si/no abstencion” button and populate “Title” field then choose “Votacio nominal” tipo and click on the “Aceptar” button then click on the “Siguiente” button",
              "timedOut": null,
              "duration": 4346,
              "state": "failed",
              "speed": null,
              "pass": false,
              "fail": true,
              "pending": false,
              "context": null,
              "code": "cy.get('#puntoSiNoAbstencion').click();\ncy.get('#agenda-editor-title-input').type('Test');\ncy.get('#agenda-editor-type-select').click();\ncy.wait(1000);\ncy.get('#agenda-editor-type-1').click();\ncy.wait(1000);\ncy.get('#alert-confirm-button-accept').click();\ncy.wait(1000);\ncy.get('#ordenDelDiaNext').click();\ncy.wait(1000);\ncy.get('#attachmentSiguienteNew').click();\ncy.wait(1000);",
              "err": {
                "message": "AssertionError: Timed out retrying: Expected to find element: `#puntoSiNoAbstencion`, but never found it.",
                "estack": "AssertionError: Timed out retrying: Expected to find element: `#puntoSiNoAbstencion`, but never found it.\n    at ensureExistence (http://localhost:55943/__cypress/runner/cypress_runner.js:137673:32)\n    at Object.ensureElExistence (http://localhost:55943/__cypress/runner/cypress_runner.js:137691:12)\n    at ensureExistence (http://localhost:55943/__cypress/runner/cypress_runner.js:127867:23)\n    at onFailFn (http://localhost:55943/__cypress/runner/cypress_runner.js:127905:9)\n    at tryCatcher (http://localhost:55943/__cypress/runner/cypress_runner.js:9065:23)\n    at Promise._settlePromiseFromHandler (http://localhost:55943/__cypress/runner/cypress_runner.js:7000:31)\n    at Promise._settlePromise (http://localhost:55943/__cypress/runner/cypress_runner.js:7057:18)\n    at Promise._settlePromise0 (http://localhost:55943/__cypress/runner/cypress_runner.js:7102:10)\n    at Promise._settlePromises (http://localhost:55943/__cypress/runner/cypress_runner.js:7178:18)\n    at _drainQueueStep (http://localhost:55943/__cypress/runner/cypress_runner.js:3772:12)\n    at _drainQueue (http://localhost:55943/__cypress/runner/cypress_runner.js:3765:9)\n    at Async.../../node_modules/bluebird/js/release/async.js.Async._drainQueues (http://localhost:55943/__cypress/runner/cypress_runner.js:3781:5)\n    at Async.drainQueues (http://localhost:55943/__cypress/runner/cypress_runner.js:3651:14)",
                "diff": null
              },
              "uuid": "f56fa4ed-c2ad-4bfe-ba4c-8b16ea35e9c6",
              "parentUUID": "f040d35a-cb7b-4189-aaeb-6cbe35abf489",
              "isHook": false,
              "skipped": false
            },
            {
              "title": "Populate all required fields and click on the “Siguiente” button",
              "fullTitle": "The user is able to close point votations in the 'New call with session' type of meeting' Populate all required fields and click on the “Siguiente” button",
              "timedOut": null,
              "duration": 4361,
              "state": "failed",
              "speed": null,
              "pass": false,
              "fail": true,
              "pending": false,
              "context": null,
              "code": "cy.get('#council-options-contact-email').scrollIntoView();\ncy.wait(1000);\ncy.get('#council-options-contact-email').type('test@test.test');\ncy.get('#optionsNewSiguiente').click();\ncy.wait(1000);",
              "err": {
                "message": "AssertionError: Timed out retrying: Expected to find element: `#council-options-contact-email`, but never found it.",
                "estack": "AssertionError: Timed out retrying: Expected to find element: `#council-options-contact-email`, but never found it.\n    at ensureExistence (http://localhost:55943/__cypress/runner/cypress_runner.js:137673:32)\n    at Object.ensureElExistence (http://localhost:55943/__cypress/runner/cypress_runner.js:137691:12)\n    at ensureExistence (http://localhost:55943/__cypress/runner/cypress_runner.js:127867:23)\n    at onFailFn (http://localhost:55943/__cypress/runner/cypress_runner.js:127905:9)\n    at tryCatcher (http://localhost:55943/__cypress/runner/cypress_runner.js:9065:23)\n    at Promise._settlePromiseFromHandler (http://localhost:55943/__cypress/runner/cypress_runner.js:7000:31)\n    at Promise._settlePromise (http://localhost:55943/__cypress/runner/cypress_runner.js:7057:18)\n    at Promise._settlePromise0 (http://localhost:55943/__cypress/runner/cypress_runner.js:7102:10)\n    at Promise._settlePromises (http://localhost:55943/__cypress/runner/cypress_runner.js:7178:18)\n    at _drainQueueStep (http://localhost:55943/__cypress/runner/cypress_runner.js:3772:12)\n    at _drainQueue (http://localhost:55943/__cypress/runner/cypress_runner.js:3765:9)\n    at Async.../../node_modules/bluebird/js/release/async.js.Async._drainQueues (http://localhost:55943/__cypress/runner/cypress_runner.js:3781:5)\n    at Async.drainQueues (http://localhost:55943/__cypress/runner/cypress_runner.js:3651:14)",
                "diff": null
              },
              "uuid": "2653e8df-54d9-473c-bae3-7c3295a00039",
              "parentUUID": "f040d35a-cb7b-4189-aaeb-6cbe35abf489",
              "isHook": false,
              "skipped": false
            },
            {
              "title": "Click on the “Convocar y notificar” button",
              "fullTitle": "The user is able to close point votations in the 'New call with session' type of meeting' Click on the “Convocar y notificar” button",
              "timedOut": null,
              "duration": 4357,
              "state": "failed",
              "speed": null,
              "pass": false,
              "fail": true,
              "pending": false,
              "context": null,
              "code": "cy.get('#council-editor-convene-notify').click();\ncy.wait(3000);",
              "err": {
                "message": "AssertionError: Timed out retrying: Expected to find element: `#council-editor-convene-notify`, but never found it.",
                "estack": "AssertionError: Timed out retrying: Expected to find element: `#council-editor-convene-notify`, but never found it.\n    at ensureExistence (http://localhost:55943/__cypress/runner/cypress_runner.js:137673:32)\n    at Object.ensureElExistence (http://localhost:55943/__cypress/runner/cypress_runner.js:137691:12)\n    at ensureExistence (http://localhost:55943/__cypress/runner/cypress_runner.js:127867:23)\n    at onFailFn (http://localhost:55943/__cypress/runner/cypress_runner.js:127905:9)\n    at tryCatcher (http://localhost:55943/__cypress/runner/cypress_runner.js:9065:23)\n    at Promise._settlePromiseFromHandler (http://localhost:55943/__cypress/runner/cypress_runner.js:7000:31)\n    at Promise._settlePromise (http://localhost:55943/__cypress/runner/cypress_runner.js:7057:18)\n    at Promise._settlePromise0 (http://localhost:55943/__cypress/runner/cypress_runner.js:7102:10)\n    at Promise._settlePromises (http://localhost:55943/__cypress/runner/cypress_runner.js:7178:18)\n    at _drainQueueStep (http://localhost:55943/__cypress/runner/cypress_runner.js:3772:12)\n    at _drainQueue (http://localhost:55943/__cypress/runner/cypress_runner.js:3765:9)\n    at Async.../../node_modules/bluebird/js/release/async.js.Async._drainQueues (http://localhost:55943/__cypress/runner/cypress_runner.js:3781:5)\n    at Async.drainQueues (http://localhost:55943/__cypress/runner/cypress_runner.js:3651:14)",
                "diff": null
              },
              "uuid": "87a40c5c-4e01-481a-9b63-4896982fef02",
              "parentUUID": "f040d35a-cb7b-4189-aaeb-6cbe35abf489",
              "isHook": false,
              "skipped": false
            },
            {
              "title": "Click on the “Preparar sala” button",
              "fullTitle": "The user is able to close point votations in the 'New call with session' type of meeting' Click on the “Preparar sala” button",
              "timedOut": null,
              "duration": 4373,
              "state": "failed",
              "speed": null,
              "pass": false,
              "fail": true,
              "pending": false,
              "context": null,
              "code": "cy.get('#prepararSalaNew').click();",
              "err": {
                "message": "AssertionError: Timed out retrying: Expected to find element: `#prepararSalaNew`, but never found it.",
                "estack": "AssertionError: Timed out retrying: Expected to find element: `#prepararSalaNew`, but never found it.\n    at ensureExistence (http://localhost:55943/__cypress/runner/cypress_runner.js:137673:32)\n    at Object.ensureElExistence (http://localhost:55943/__cypress/runner/cypress_runner.js:137691:12)\n    at ensureExistence (http://localhost:55943/__cypress/runner/cypress_runner.js:127867:23)\n    at onFailFn (http://localhost:55943/__cypress/runner/cypress_runner.js:127905:9)\n    at tryCatcher (http://localhost:55943/__cypress/runner/cypress_runner.js:9065:23)\n    at Promise._settlePromiseFromHandler (http://localhost:55943/__cypress/runner/cypress_runner.js:7000:31)\n    at Promise._settlePromise (http://localhost:55943/__cypress/runner/cypress_runner.js:7057:18)\n    at Promise._settlePromise0 (http://localhost:55943/__cypress/runner/cypress_runner.js:7102:10)\n    at Promise._settlePromises (http://localhost:55943/__cypress/runner/cypress_runner.js:7178:18)\n    at _drainQueueStep (http://localhost:55943/__cypress/runner/cypress_runner.js:3772:12)\n    at _drainQueue (http://localhost:55943/__cypress/runner/cypress_runner.js:3765:9)\n    at Async.../../node_modules/bluebird/js/release/async.js.Async._drainQueues (http://localhost:55943/__cypress/runner/cypress_runner.js:3781:5)\n    at Async.drainQueues (http://localhost:55943/__cypress/runner/cypress_runner.js:3651:14)",
                "diff": null
              },
              "uuid": "a89110a7-9712-4836-901a-d49f509f1501",
              "parentUUID": "f040d35a-cb7b-4189-aaeb-6cbe35abf489",
              "isHook": false,
              "skipped": false
            },
            {
              "title": "Navigate to the upper right corner and click on the “Abrir Sala” button",
              "fullTitle": "The user is able to close point votations in the 'New call with session' type of meeting' Navigate to the upper right corner and click on the “Abrir Sala” button",
              "timedOut": null,
              "duration": 4352,
              "state": "failed",
              "speed": null,
              "pass": false,
              "fail": true,
              "pending": false,
              "context": null,
              "code": "cy.get('#abrirSalaEnReunion').click();",
              "err": {
                "message": "AssertionError: Timed out retrying: Expected to find element: `#abrirSalaEnReunion`, but never found it.",
                "estack": "AssertionError: Timed out retrying: Expected to find element: `#abrirSalaEnReunion`, but never found it.\n    at ensureExistence (http://localhost:55943/__cypress/runner/cypress_runner.js:137673:32)\n    at Object.ensureElExistence (http://localhost:55943/__cypress/runner/cypress_runner.js:137691:12)\n    at ensureExistence (http://localhost:55943/__cypress/runner/cypress_runner.js:127867:23)\n    at onFailFn (http://localhost:55943/__cypress/runner/cypress_runner.js:127905:9)\n    at tryCatcher (http://localhost:55943/__cypress/runner/cypress_runner.js:9065:23)\n    at Promise._settlePromiseFromHandler (http://localhost:55943/__cypress/runner/cypress_runner.js:7000:31)\n    at Promise._settlePromise (http://localhost:55943/__cypress/runner/cypress_runner.js:7057:18)\n    at Promise._settlePromise0 (http://localhost:55943/__cypress/runner/cypress_runner.js:7102:10)\n    at Promise._settlePromises (http://localhost:55943/__cypress/runner/cypress_runner.js:7178:18)\n    at _drainQueueStep (http://localhost:55943/__cypress/runner/cypress_runner.js:3772:12)\n    at _drainQueue (http://localhost:55943/__cypress/runner/cypress_runner.js:3765:9)\n    at Async.../../node_modules/bluebird/js/release/async.js.Async._drainQueues (http://localhost:55943/__cypress/runner/cypress_runner.js:3781:5)\n    at Async.drainQueues (http://localhost:55943/__cypress/runner/cypress_runner.js:3651:14)",
                "diff": null
              },
              "uuid": "edcd4feb-4499-4db8-9491-7c23b4d58399",
              "parentUUID": "f040d35a-cb7b-4189-aaeb-6cbe35abf489",
              "isHook": false,
              "skipped": false
            },
            {
              "title": "Populate all required fields and click on the “Aceptar” button",
              "fullTitle": "The user is able to close point votations in the 'New call with session' type of meeting' Populate all required fields and click on the “Aceptar” button",
              "timedOut": null,
              "duration": 4387,
              "state": "failed",
              "speed": null,
              "pass": false,
              "fail": true,
              "pending": false,
              "context": null,
              "code": "cy.get('#alert-confirm-button-accept').click();\ncy.wait(10000);",
              "err": {
                "message": "AssertionError: Timed out retrying: Expected to find element: `#alert-confirm-button-accept`, but never found it.",
                "estack": "AssertionError: Timed out retrying: Expected to find element: `#alert-confirm-button-accept`, but never found it.\n    at ensureExistence (http://localhost:55943/__cypress/runner/cypress_runner.js:137673:32)\n    at Object.ensureElExistence (http://localhost:55943/__cypress/runner/cypress_runner.js:137691:12)\n    at ensureExistence (http://localhost:55943/__cypress/runner/cypress_runner.js:127867:23)\n    at onFailFn (http://localhost:55943/__cypress/runner/cypress_runner.js:127905:9)\n    at tryCatcher (http://localhost:55943/__cypress/runner/cypress_runner.js:9065:23)\n    at Promise._settlePromiseFromHandler (http://localhost:55943/__cypress/runner/cypress_runner.js:7000:31)\n    at Promise._settlePromise (http://localhost:55943/__cypress/runner/cypress_runner.js:7057:18)\n    at Promise._settlePromise0 (http://localhost:55943/__cypress/runner/cypress_runner.js:7102:10)\n    at Promise._settlePromises (http://localhost:55943/__cypress/runner/cypress_runner.js:7178:18)\n    at _drainQueueStep (http://localhost:55943/__cypress/runner/cypress_runner.js:3772:12)\n    at _drainQueue (http://localhost:55943/__cypress/runner/cypress_runner.js:3765:9)\n    at Async.../../node_modules/bluebird/js/release/async.js.Async._drainQueues (http://localhost:55943/__cypress/runner/cypress_runner.js:3781:5)\n    at Async.drainQueues (http://localhost:55943/__cypress/runner/cypress_runner.js:3651:14)",
                "diff": null
              },
              "uuid": "855cc171-2b03-43a6-945a-09a69f7aaf36",
              "parentUUID": "f040d35a-cb7b-4189-aaeb-6cbe35abf489",
              "isHook": false,
              "skipped": false
            },
            {
              "title": "Navigate to the “Camera and microphone” form and click on the “Accept” button",
              "fullTitle": "The user is able to close point votations in the 'New call with session' type of meeting' Navigate to the “Camera and microphone” form and click on the “Accept” button",
              "timedOut": null,
              "duration": 55,
              "state": "passed",
              "speed": "medium",
              "pass": true,
              "fail": false,
              "pending": false,
              "context": null,
              "code": "/*       \n           cy.get('#admin-room-iframe').then($iframe => {\n const $body = $iframe.contents().find('body') ; cy.wrap($body)\n\n\n   .contains('Join')\n   .click()\n\n   cy.wait(10000)\n})\n*/",
              "err": {},
              "uuid": "50a0d0eb-2171-41ec-84bb-a359380c4622",
              "parentUUID": "f040d35a-cb7b-4189-aaeb-6cbe35abf489",
              "isHook": false,
              "skipped": false
            },
            {
              "title": "Navigate to the upper right corner and click on the “Iniciar reunion” button",
              "fullTitle": "The user is able to close point votations in the 'New call with session' type of meeting' Navigate to the upper right corner and click on the “Iniciar reunion” button",
              "timedOut": null,
              "duration": 4354,
              "state": "failed",
              "speed": null,
              "pass": false,
              "fail": true,
              "pending": false,
              "context": null,
              "code": "cy.get('#start-council-button').click();\ncy.wait(2000);",
              "err": {
                "message": "AssertionError: Timed out retrying: Expected to find element: `#start-council-button`, but never found it.",
                "estack": "AssertionError: Timed out retrying: Expected to find element: `#start-council-button`, but never found it.\n    at ensureExistence (http://localhost:55943/__cypress/runner/cypress_runner.js:137673:32)\n    at Object.ensureElExistence (http://localhost:55943/__cypress/runner/cypress_runner.js:137691:12)\n    at ensureExistence (http://localhost:55943/__cypress/runner/cypress_runner.js:127867:23)\n    at onFailFn (http://localhost:55943/__cypress/runner/cypress_runner.js:127905:9)\n    at tryCatcher (http://localhost:55943/__cypress/runner/cypress_runner.js:9065:23)\n    at Promise._settlePromiseFromHandler (http://localhost:55943/__cypress/runner/cypress_runner.js:7000:31)\n    at Promise._settlePromise (http://localhost:55943/__cypress/runner/cypress_runner.js:7057:18)\n    at Promise._settlePromise0 (http://localhost:55943/__cypress/runner/cypress_runner.js:7102:10)\n    at Promise._settlePromises (http://localhost:55943/__cypress/runner/cypress_runner.js:7178:18)\n    at _drainQueueStep (http://localhost:55943/__cypress/runner/cypress_runner.js:3772:12)\n    at _drainQueue (http://localhost:55943/__cypress/runner/cypress_runner.js:3765:9)\n    at Async.../../node_modules/bluebird/js/release/async.js.Async._drainQueues (http://localhost:55943/__cypress/runner/cypress_runner.js:3781:5)\n    at Async.drainQueues (http://localhost:55943/__cypress/runner/cypress_runner.js:3651:14)",
                "diff": null
              },
              "uuid": "b3352f92-fa4b-42a6-8a31-f21e008b67b0",
              "parentUUID": "f040d35a-cb7b-4189-aaeb-6cbe35abf489",
              "isHook": false,
              "skipped": false
            },
            {
              "title": "Populate all required fields and click on the “Aceptar” button",
              "fullTitle": "The user is able to close point votations in the 'New call with session' type of meeting' Populate all required fields and click on the “Aceptar” button",
              "timedOut": null,
              "duration": 4387,
              "state": "failed",
              "speed": null,
              "pass": false,
              "fail": true,
              "pending": false,
              "context": null,
              "code": "cy.get('#council-president-select').click();\ncy.wait(200);\ncy.get('#participant-selector-0').click();\ncy.get('#council-secretary-select').click();\ncy.wait(200);\ncy.get('#participant-selector-0').click();\ncy.get('#council-quality-vote-select').click();\ncy.wait(200);\ncy.get('#participant-selector-0').click();\ncy.get('#alert-confirm-button-accept').click();\ncy.wait(200);\ncy.get('#alert-confirm-button-cancel').click();",
              "err": {
                "message": "AssertionError: Timed out retrying: Expected to find element: `#council-president-select`, but never found it.",
                "estack": "AssertionError: Timed out retrying: Expected to find element: `#council-president-select`, but never found it.\n    at ensureExistence (http://localhost:55943/__cypress/runner/cypress_runner.js:137673:32)\n    at Object.ensureElExistence (http://localhost:55943/__cypress/runner/cypress_runner.js:137691:12)\n    at ensureExistence (http://localhost:55943/__cypress/runner/cypress_runner.js:127867:23)\n    at onFailFn (http://localhost:55943/__cypress/runner/cypress_runner.js:127905:9)\n    at tryCatcher (http://localhost:55943/__cypress/runner/cypress_runner.js:9065:23)\n    at Promise._settlePromiseFromHandler (http://localhost:55943/__cypress/runner/cypress_runner.js:7000:31)\n    at Promise._settlePromise (http://localhost:55943/__cypress/runner/cypress_runner.js:7057:18)\n    at Promise._settlePromise0 (http://localhost:55943/__cypress/runner/cypress_runner.js:7102:10)\n    at Promise._settlePromises (http://localhost:55943/__cypress/runner/cypress_runner.js:7178:18)\n    at _drainQueueStep (http://localhost:55943/__cypress/runner/cypress_runner.js:3772:12)\n    at _drainQueue (http://localhost:55943/__cypress/runner/cypress_runner.js:3765:9)\n    at Async.../../node_modules/bluebird/js/release/async.js.Async._drainQueues (http://localhost:55943/__cypress/runner/cypress_runner.js:3781:5)\n    at Async.drainQueues (http://localhost:55943/__cypress/runner/cypress_runner.js:3651:14)",
                "diff": null
              },
              "uuid": "1a3236cb-5316-49fb-a945-ca8d146ce8c8",
              "parentUUID": "f040d35a-cb7b-4189-aaeb-6cbe35abf489",
              "isHook": false,
              "skipped": false
            },
            {
              "title": "Click on the “Abrir punto” button",
              "fullTitle": "The user is able to close point votations in the 'New call with session' type of meeting' Click on the “Abrir punto” button",
              "timedOut": null,
              "duration": 4371,
              "state": "failed",
              "speed": null,
              "pass": false,
              "fail": true,
              "pending": false,
              "context": null,
              "code": "cy.get('#council-live-tab-agenda').click();\ncy.wait(1000);\ncy.get('#open-agenda-point-button').click();\ncy.wait(2000);",
              "err": {
                "message": "AssertionError: Timed out retrying: Expected to find element: `#council-live-tab-agenda`, but never found it.",
                "estack": "AssertionError: Timed out retrying: Expected to find element: `#council-live-tab-agenda`, but never found it.\n    at ensureExistence (http://localhost:55943/__cypress/runner/cypress_runner.js:137673:32)\n    at Object.ensureElExistence (http://localhost:55943/__cypress/runner/cypress_runner.js:137691:12)\n    at ensureExistence (http://localhost:55943/__cypress/runner/cypress_runner.js:127867:23)\n    at onFailFn (http://localhost:55943/__cypress/runner/cypress_runner.js:127905:9)\n    at tryCatcher (http://localhost:55943/__cypress/runner/cypress_runner.js:9065:23)\n    at Promise._settlePromiseFromHandler (http://localhost:55943/__cypress/runner/cypress_runner.js:7000:31)\n    at Promise._settlePromise (http://localhost:55943/__cypress/runner/cypress_runner.js:7057:18)\n    at Promise._settlePromise0 (http://localhost:55943/__cypress/runner/cypress_runner.js:7102:10)\n    at Promise._settlePromises (http://localhost:55943/__cypress/runner/cypress_runner.js:7178:18)\n    at _drainQueueStep (http://localhost:55943/__cypress/runner/cypress_runner.js:3772:12)\n    at _drainQueue (http://localhost:55943/__cypress/runner/cypress_runner.js:3765:9)\n    at Async.../../node_modules/bluebird/js/release/async.js.Async._drainQueues (http://localhost:55943/__cypress/runner/cypress_runner.js:3781:5)\n    at Async.drainQueues (http://localhost:55943/__cypress/runner/cypress_runner.js:3651:14)",
                "diff": null
              },
              "uuid": "c894d988-cc6c-423e-8a39-01b5921dd011",
              "parentUUID": "f040d35a-cb7b-4189-aaeb-6cbe35abf489",
              "isHook": false,
              "skipped": false
            },
            {
              "title": "Click on the “Activar votaciones” button",
              "fullTitle": "The user is able to close point votations in the 'New call with session' type of meeting' Click on the “Activar votaciones” button",
              "timedOut": null,
              "duration": 4363,
              "state": "failed",
              "speed": null,
              "pass": false,
              "fail": true,
              "pending": false,
              "context": null,
              "code": "cy.get('#council-live-tab-agenda').click();\ncy.wait(1000);\ncy.get('#open-point-votings-button').click();\ncy.wait(2000);",
              "err": {
                "message": "AssertionError: Timed out retrying: Expected to find element: `#council-live-tab-agenda`, but never found it.",
                "estack": "AssertionError: Timed out retrying: Expected to find element: `#council-live-tab-agenda`, but never found it.\n    at ensureExistence (http://localhost:55943/__cypress/runner/cypress_runner.js:137673:32)\n    at Object.ensureElExistence (http://localhost:55943/__cypress/runner/cypress_runner.js:137691:12)\n    at ensureExistence (http://localhost:55943/__cypress/runner/cypress_runner.js:127867:23)\n    at onFailFn (http://localhost:55943/__cypress/runner/cypress_runner.js:127905:9)\n    at tryCatcher (http://localhost:55943/__cypress/runner/cypress_runner.js:9065:23)\n    at Promise._settlePromiseFromHandler (http://localhost:55943/__cypress/runner/cypress_runner.js:7000:31)\n    at Promise._settlePromise (http://localhost:55943/__cypress/runner/cypress_runner.js:7057:18)\n    at Promise._settlePromise0 (http://localhost:55943/__cypress/runner/cypress_runner.js:7102:10)\n    at Promise._settlePromises (http://localhost:55943/__cypress/runner/cypress_runner.js:7178:18)\n    at _drainQueueStep (http://localhost:55943/__cypress/runner/cypress_runner.js:3772:12)\n    at _drainQueue (http://localhost:55943/__cypress/runner/cypress_runner.js:3765:9)\n    at Async.../../node_modules/bluebird/js/release/async.js.Async._drainQueues (http://localhost:55943/__cypress/runner/cypress_runner.js:3781:5)\n    at Async.drainQueues (http://localhost:55943/__cypress/runner/cypress_runner.js:3651:14)",
                "diff": null
              },
              "uuid": "203afda7-c401-43e8-bffc-787076558a89",
              "parentUUID": "f040d35a-cb7b-4189-aaeb-6cbe35abf489",
              "isHook": false,
              "skipped": false
            },
            {
              "title": "Click on the “Cerrar las votaciones del punto” button",
              "fullTitle": "The user is able to close point votations in the 'New call with session' type of meeting' Click on the “Cerrar las votaciones del punto” button",
              "timedOut": null,
              "duration": 4351,
              "state": "failed",
              "speed": null,
              "pass": false,
              "fail": true,
              "pending": false,
              "context": null,
              "code": "cy.get('#close-point-votings-button').click();\ncy.wait(2000);",
              "err": {
                "message": "AssertionError: Timed out retrying: Expected to find element: `#close-point-votings-button`, but never found it.",
                "estack": "AssertionError: Timed out retrying: Expected to find element: `#close-point-votings-button`, but never found it.\n    at ensureExistence (http://localhost:55943/__cypress/runner/cypress_runner.js:137673:32)\n    at Object.ensureElExistence (http://localhost:55943/__cypress/runner/cypress_runner.js:137691:12)\n    at ensureExistence (http://localhost:55943/__cypress/runner/cypress_runner.js:127867:23)\n    at onFailFn (http://localhost:55943/__cypress/runner/cypress_runner.js:127905:9)\n    at tryCatcher (http://localhost:55943/__cypress/runner/cypress_runner.js:9065:23)\n    at Promise._settlePromiseFromHandler (http://localhost:55943/__cypress/runner/cypress_runner.js:7000:31)\n    at Promise._settlePromise (http://localhost:55943/__cypress/runner/cypress_runner.js:7057:18)\n    at Promise._settlePromise0 (http://localhost:55943/__cypress/runner/cypress_runner.js:7102:10)\n    at Promise._settlePromises (http://localhost:55943/__cypress/runner/cypress_runner.js:7178:18)\n    at _drainQueueStep (http://localhost:55943/__cypress/runner/cypress_runner.js:3772:12)\n    at _drainQueue (http://localhost:55943/__cypress/runner/cypress_runner.js:3765:9)\n    at Async.../../node_modules/bluebird/js/release/async.js.Async._drainQueues (http://localhost:55943/__cypress/runner/cypress_runner.js:3781:5)\n    at Async.drainQueues (http://localhost:55943/__cypress/runner/cypress_runner.js:3651:14)",
                "diff": null
              },
              "uuid": "ce34eef8-54b5-4853-a6db-aa45bfeb6a9b",
              "parentUUID": "f040d35a-cb7b-4189-aaeb-6cbe35abf489",
              "isHook": false,
              "skipped": false
            },
            {
              "title": "User should be able to exit the meeting",
              "fullTitle": "The user is able to close point votations in the 'New call with session' type of meeting' User should be able to exit the meeting",
              "timedOut": null,
              "duration": 365,
              "state": "failed",
              "speed": null,
              "pass": false,
              "fail": true,
              "pending": false,
              "context": null,
              "code": "cy.visit(login_url);",
              "err": {
                "message": "ReferenceError: login_url is not defined",
                "estack": "ReferenceError: login_url is not defined\n    at Context.<anonymous> (http://localhost:55943/__cypress/tests?p=cypress\\integration\\1.Smoke\\6.New_Meeting(Adming%20Side)_section_pt2.js-010:277:14)",
                "diff": null
              },
              "uuid": "4773a102-9c2d-44c8-8a27-3af710b1ccae",
              "parentUUID": "f040d35a-cb7b-4189-aaeb-6cbe35abf489",
              "isHook": false,
              "skipped": false
            }
          ],
          "suites": [],
          "passes": [
            "50a0d0eb-2171-41ec-84bb-a359380c4622"
          ],
          "failures": [
            "715cf58e-5b68-47d7-b3d4-16fd14590a53",
            "f1eae50b-3b54-4437-b841-22a7943dae0b",
            "a17d8d3b-5151-470f-97de-82faf5bc32ef",
            "f52b30b4-9be4-4893-bfcc-4f184e76a413",
            "7b1b126e-b3ab-4553-82a8-4610631bdd13",
            "f56fa4ed-c2ad-4bfe-ba4c-8b16ea35e9c6",
            "2653e8df-54d9-473c-bae3-7c3295a00039",
            "87a40c5c-4e01-481a-9b63-4896982fef02",
            "a89110a7-9712-4836-901a-d49f509f1501",
            "edcd4feb-4499-4db8-9491-7c23b4d58399",
            "855cc171-2b03-43a6-945a-09a69f7aaf36",
            "b3352f92-fa4b-42a6-8a31-f21e008b67b0",
            "1a3236cb-5316-49fb-a945-ca8d146ce8c8",
            "c894d988-cc6c-423e-8a39-01b5921dd011",
            "203afda7-c401-43e8-bffc-787076558a89",
            "ce34eef8-54b5-4853-a6db-aa45bfeb6a9b",
            "4773a102-9c2d-44c8-8a27-3af710b1ccae"
          ],
          "pending": [],
          "skipped": [],
          "duration": 70179,
          "root": false,
          "rootEmpty": false,
          "_timeout": 2000
        }
      ],
      "passes": [],
      "failures": [],
      "pending": [],
      "skipped": [],
      "duration": 0,
      "root": true,
      "rootEmpty": true,
      "_timeout": 2000
    }
  ],
  "meta": {
    "mocha": {
      "version": "7.0.1"
    },
    "mochawesome": {
      "options": {
        "quiet": false,
        "reportFilename": "mochawesome",
        "saveHtml": false,
        "saveJson": true,
        "consoleReporter": "spec",
        "useInlineDiffs": false,
        "code": true
      },
      "version": "6.2.2"
    },
    "marge": {
      "options": {
        "id": "default",
        "reportDir": "cypress\\reports\\.jsons",
        "charts": true,
        "reportPageTitle": "My Test Suite",
        "embeddedScreenshots": true,
        "inlineAssets": true,
        "overwrite": false,
        "html": false,
        "json": true
      },
      "version": "5.2.0"
    }
  }
}