{
  "stats": {
    "suites": 1,
    "tests": 5,
    "passes": 5,
    "pending": 0,
    "failures": 0,
    "start": "2022-01-04T16:18:35.008Z",
    "end": "2022-01-04T16:18:46.673Z",
    "duration": 11665,
    "testsRegistered": 5,
    "passPercent": 100,
    "pendingPercent": 0,
    "other": 0,
    "hasOther": false,
    "skipped": 0,
    "hasSkipped": false
  },
  "results": [
    {
      "uuid": "b1094c38-52b4-405e-a71d-503710b2eb86",
      "title": "",
      "fullFile": "cypress\\integration\\1.Smoke\\7.New_Meeting(Participant Side)_section.js",
      "file": "cypress\\integration\\1.Smoke\\7.New_Meeting(Participant Side)_section.js",
      "beforeHooks": [],
      "afterHooks": [],
      "tests": [],
      "suites": [
        {
          "uuid": "c4ec4ca8-fc18-49cb-a833-631915b5e6db",
          "title": "Councilbox login - valid username and password",
          "fullFile": "",
          "file": "",
          "beforeHooks": [],
          "afterHooks": [],
          "tests": [
            {
              "title": "Visits the Councilbox web page",
              "fullTitle": "Councilbox login - valid username and password Visits the Councilbox web page",
              "timedOut": null,
              "duration": 6676,
              "state": "passed",
              "speed": "slow",
              "pass": true,
              "fail": false,
              "pending": false,
              "context": null,
              "code": "cy.visit(login_url);\ncy.wait(3000);",
              "err": {},
              "uuid": "ebcdbcad-591b-4851-8039-0e985e1ca9dd",
              "parentUUID": "c4ec4ca8-fc18-49cb-a833-631915b5e6db",
              "isHook": false,
              "skipped": false
            },
            {
              "title": "Change language to Spanish",
              "fullTitle": "Councilbox login - valid username and password Change language to Spanish",
              "timedOut": null,
              "duration": 242,
              "state": "passed",
              "speed": "slow",
              "pass": true,
              "fail": false,
              "pending": false,
              "context": null,
              "code": "cy.contains('EN').click();\ncy.contains('ES').click();",
              "err": {},
              "uuid": "4cd0096d-96a2-4eab-8a04-de2300908073",
              "parentUUID": "c4ec4ca8-fc18-49cb-a833-631915b5e6db",
              "isHook": false,
              "skipped": false
            },
            {
              "title": "Enters email address",
              "fullTitle": "Councilbox login - valid username and password Enters email address",
              "timedOut": null,
              "duration": 950,
              "state": "passed",
              "speed": "slow",
              "pass": true,
              "fail": false,
              "pending": false,
              "context": null,
              "code": "cy.get('#username').clear().type('alem@qaengineers.net').should(\"have.value\", 'alem@qaengineers.net');",
              "err": {},
              "uuid": "5ccf5a88-ebe4-40ab-bf42-ef6a69a012c2",
              "parentUUID": "c4ec4ca8-fc18-49cb-a833-631915b5e6db",
              "isHook": false,
              "skipped": false
            },
            {
              "title": "Enters password",
              "fullTitle": "Councilbox login - valid username and password Enters password",
              "timedOut": null,
              "duration": 419,
              "state": "passed",
              "speed": "slow",
              "pass": true,
              "fail": false,
              "pending": false,
              "context": null,
              "code": "cy.get('#password').clear().type('Mostar123!').should(\"have.value\", 'Mostar123!');",
              "err": {},
              "uuid": "ac3ca443-0906-4a5e-905b-03a6173c25be",
              "parentUUID": "c4ec4ca8-fc18-49cb-a833-631915b5e6db",
              "isHook": false,
              "skipped": false
            },
            {
              "title": "Clicks login button",
              "fullTitle": "Councilbox login - valid username and password Clicks login button",
              "timedOut": null,
              "duration": 2126,
              "state": "passed",
              "speed": "slow",
              "pass": true,
              "fail": false,
              "pending": false,
              "context": null,
              "code": "cy.get(\"#login-button\").click();\ncy.wait(2000);",
              "err": {},
              "uuid": "18e16174-f7f9-4a60-aa08-c49a8d39daab",
              "parentUUID": "c4ec4ca8-fc18-49cb-a833-631915b5e6db",
              "isHook": false,
              "skipped": false
            }
          ],
          "suites": [],
          "passes": [
            "ebcdbcad-591b-4851-8039-0e985e1ca9dd",
            "4cd0096d-96a2-4eab-8a04-de2300908073",
            "5ccf5a88-ebe4-40ab-bf42-ef6a69a012c2",
            "ac3ca443-0906-4a5e-905b-03a6173c25be",
            "18e16174-f7f9-4a60-aa08-c49a8d39daab"
          ],
          "failures": [],
          "pending": [],
          "skipped": [],
          "duration": 10413,
          "root": false,
          "rootEmpty": false,
          "_timeout": 2000
        }
      ],
      "passes": [],
      "failures": [],
      "pending": [],
      "skipped": [],
      "duration": 0,
      "root": true,
      "rootEmpty": true,
      "_timeout": 2000
    }
  ],
  "meta": {
    "mocha": {
      "version": "7.0.1"
    },
    "mochawesome": {
      "options": {
        "quiet": false,
        "reportFilename": "mochawesome",
        "saveHtml": false,
        "saveJson": true,
        "consoleReporter": "spec",
        "useInlineDiffs": false,
        "code": true
      },
      "version": "6.2.2"
    },
    "marge": {
      "options": {
        "id": "default",
        "reportDir": "cypress\\reports\\.jsons",
        "charts": true,
        "reportPageTitle": "My Test Suite",
        "embeddedScreenshots": true,
        "inlineAssets": true,
        "overwrite": false,
        "html": false,
        "json": true
      },
      "version": "5.2.0"
    }
  }
}